<?xml version="1.0" encoding="UTF-8"?>
<robot generator="Robot 5.0.1 (Python 3.10.4 on win32)" generated="20220709 20:23:06.325" rpa="false" schemaversion="3">
<suite id="s1" name="Tests" source="C:\Users\Luana\Desktop\Robot\Dia_04\tests">
<suite id="s1-s1" name="Carrinhos Tests" source="C:\Users\Luana\Desktop\Robot\Dia_04\tests\carrinhos_tests.robot">
<kw name="Criar Sessao" library="common" type="SETUP">
<kw name="Create Session" library="RequestsLibrary">
<arg>serverest</arg>
<arg>${Base_URI}</arg>
<doc>Create Session: create a HTTP session to a server</doc>
<msg timestamp="20220709 20:23:06.872" level="INFO">Creating Session using : alias=serverest, url=http://localhost:3000/, headers={},                     cookies={}, auth=None, timeout=None, proxies=None, verify=False,                     debug=0 </msg>
<status status="PASS" starttime="20220709 20:23:06.872" endtime="20220709 20:23:06.873"/>
</kw>
<status status="PASS" starttime="20220709 20:23:06.871" endtime="20220709 20:23:06.873"/>
</kw>
<test id="s1-s1-t1" name="Cenario: GET Listar Todos Carrinhos 200" line="8">
<kw name="GET endpoint /carrinhos" library="carrinhos_keywords">
<kw name="GET On Session" library="RequestsLibrary">
<var>${response}</var>
<arg>serverest</arg>
<arg>/carrinhos</arg>
<doc>Sends a GET request on a previously created HTTP Session.</doc>
<msg timestamp="20220709 20:23:06.883" level="INFO">GET Request : url=http://localhost:3000/carrinhos 
 path_url=/carrinhos 
 headers={'User-Agent': 'python-requests/2.28.0', 'Accept-Encoding': 'gzip, deflate', 'Accept': '*/*', 'Connection': 'keep-alive'} 
 body=None 
 </msg>
<msg timestamp="20220709 20:23:06.883" level="INFO">GET Response : url=http://localhost:3000/carrinhos 
 status=200, reason=OK 
 headers={'Access-Control-Allow-Origin': '*', 'x-dns-prefetch-control': 'off', 'x-frame-options': 'SAMEORIGIN', 'strict-transport-security': 'max-age=15552000; includeSubDomains', 'x-download-options': 'noopen', 'x-content-type-options': 'nosniff', 'x-xss-protection': '1; mode=block', 'x-moesif-transaction-id': 'e9821802-86cb-4d00-8c9c-d64f915ab562', 'Content-Type': 'application/json; charset=utf-8', 'Content-Length': '2795', 'Date': 'Sat, 09 Jul 2022 23:23:06 GMT', 'Connection': 'keep-alive', 'Keep-Alive': 'timeout=5'} 
 body={
    "quantidade": 5,
    "carrinhos": [
        {
            "produtos": [
                {
                    "idProduto": "BeeJh5lz3k6kSIzA",
                    "quantidade": 5,
                    "precoUnitario": 470
                },
                {
                    "idProduto": "K6leHdftCeOJj8BJ",
                    "quantidade": 10,
                    "precoUnitario": 5240
                }
            ],
            "precoTotal": 54750,
            "quantidadeTotal": 15,
            "idUsuario": "WqXskWItyDA5BNO2",
            "_id": "7sL86YHzG4r7AZ7f"
        },
        {
            "produtos": [
                {
                    "idProduto": "BeeJh5lz3k6kSIzA",
                    "quantidade": 5,
                    "precoUnitario": 470
                },
                {
                    "idProduto": "K6leHdftCeOJj8BJ",
                    "quantidade": 10,
                    "precoUnitario": 5240
                }
            ],
            "precoTotal": 54750,
            "quantidadeTotal": 15,
            "idUsuario": "efIkjpQNa9z10ZPM",
            "_id": "CrsxHlyr4kRy155q"
        },
        {
            "produtos": [
                {
                    "idProduto": "BeeJh5lz3k6kSIzA",
                    "quantidade": 5,
                    "precoUnitario": 470
                },
                {
                    "idProduto": "K6leHdftCeOJj8BJ",
                    "quantidade": 10,
                    "precoUnitario": 5240
                }
            ],
            "precoTotal": 54750,
            "quantidadeTotal": 15,
            "idUsuario": "iaBQubUF22WNrUjK",
            "_id": "FUrrJtOZ4JvHLVGa"
        },
        {
            "produtos": [
                {
                    "idProduto": "BeeJh5lz3k6kSIzA",
                    "quantidade": 5,
                    "precoUnitario": 470
                },
                {
                    "idProduto": "K6leHdftCeOJj8BJ",
                    "quantidade": 10,
                    "precoUnitario": 5240
                }
            ],
            "precoTotal": 54750,
            "quantidadeTotal": 15,
            "idUsuario": "5ZehJcNThyZ0rMtC",
            "_id": "TFhGiJKr0zucAOxl"
        },
        {
            "produtos": [
                {
                    "idProduto": "BeeJh5lz3k6kSIzA",
                    "quantidade": 2,
                    "precoUnitario": 470
                },
                {
                    "idProduto": "K6leHdftCeOJj8BJ",
                    "quantidade": 1,
                    "precoUnitario": 5240
                }
            ],
            "precoTotal": 6180,
            "quantidadeTotal": 3,
            "idUsuario": "oUb7aGkMtSEPf6BZ",
            "_id": "qbMqntef4iTOwWfg"
        }
    ]
} 
 </msg>
<msg timestamp="20220709 20:23:06.883" level="INFO">${response} = &lt;Response [200]&gt;</msg>
<status status="PASS" starttime="20220709 20:23:06.874" endtime="20220709 20:23:06.883"/>
</kw>
<kw name="Log To Console" library="BuiltIn">
<arg>Response: ${response.content}</arg>
<doc>Logs the given message to the console.</doc>
<status status="PASS" starttime="20220709 20:23:06.884" endtime="20220709 20:23:06.894"/>
</kw>
<kw name="Set Global Variable" library="BuiltIn">
<arg>${response}</arg>
<doc>Makes a variable available globally in all tests and suites.</doc>
<msg timestamp="20220709 20:23:06.895" level="INFO">${response} = &lt;Response [200]&gt;</msg>
<status status="PASS" starttime="20220709 20:23:06.895" endtime="20220709 20:23:06.895"/>
</kw>
<status status="PASS" starttime="20220709 20:23:06.874" endtime="20220709 20:23:06.895"/>
</kw>
<kw name="Validar status code &quot;200&quot;" library="common" sourcename="Validar status code &quot;${statuscode}&quot;">
<kw name="Should Be True" library="BuiltIn">
<arg>${response.status_code} == ${statuscode}</arg>
<doc>Fails if the given condition is not true.</doc>
<status status="PASS" starttime="20220709 20:23:06.896" endtime="20220709 20:23:06.897"/>
</kw>
<status status="PASS" starttime="20220709 20:23:06.896" endtime="20220709 20:23:06.897"/>
</kw>
<tag>GET</tag>
<tag>GET.CARRINHOS</tag>
<status status="PASS" starttime="20220709 20:23:06.873" endtime="20220709 20:23:06.898"/>
</test>
<test id="s1-s1-t2" name="Cenario: GET Carrinho Especifico 200" line="13">
<kw name="Listar carrinhos e pegar um id valido" library="carrinhos_keywords">
<kw name="GET endpoint /carrinhos" library="carrinhos_keywords">
<kw name="GET On Session" library="RequestsLibrary">
<var>${response}</var>
<arg>serverest</arg>
<arg>/carrinhos</arg>
<doc>Sends a GET request on a previously created HTTP Session.</doc>
<msg timestamp="20220709 20:23:06.903" level="INFO">GET Request : url=http://localhost:3000/carrinhos 
 path_url=/carrinhos 
 headers={'User-Agent': 'python-requests/2.28.0', 'Accept-Encoding': 'gzip, deflate', 'Accept': '*/*', 'Connection': 'keep-alive'} 
 body=None 
 </msg>
<msg timestamp="20220709 20:23:06.903" level="INFO">GET Response : url=http://localhost:3000/carrinhos 
 status=200, reason=OK 
 headers={'Access-Control-Allow-Origin': '*', 'x-dns-prefetch-control': 'off', 'x-frame-options': 'SAMEORIGIN', 'strict-transport-security': 'max-age=15552000; includeSubDomains', 'x-download-options': 'noopen', 'x-content-type-options': 'nosniff', 'x-xss-protection': '1; mode=block', 'x-moesif-transaction-id': '9f27f945-2e22-4738-b75b-cc621347f016', 'Content-Type': 'application/json; charset=utf-8', 'Content-Length': '2795', 'Date': 'Sat, 09 Jul 2022 23:23:06 GMT', 'Connection': 'keep-alive', 'Keep-Alive': 'timeout=5'} 
 body={
    "quantidade": 5,
    "carrinhos": [
        {
            "produtos": [
                {
                    "idProduto": "BeeJh5lz3k6kSIzA",
                    "quantidade": 5,
                    "precoUnitario": 470
                },
                {
                    "idProduto": "K6leHdftCeOJj8BJ",
                    "quantidade": 10,
                    "precoUnitario": 5240
                }
            ],
            "precoTotal": 54750,
            "quantidadeTotal": 15,
            "idUsuario": "WqXskWItyDA5BNO2",
            "_id": "7sL86YHzG4r7AZ7f"
        },
        {
            "produtos": [
                {
                    "idProduto": "BeeJh5lz3k6kSIzA",
                    "quantidade": 5,
                    "precoUnitario": 470
                },
                {
                    "idProduto": "K6leHdftCeOJj8BJ",
                    "quantidade": 10,
                    "precoUnitario": 5240
                }
            ],
            "precoTotal": 54750,
            "quantidadeTotal": 15,
            "idUsuario": "efIkjpQNa9z10ZPM",
            "_id": "CrsxHlyr4kRy155q"
        },
        {
            "produtos": [
                {
                    "idProduto": "BeeJh5lz3k6kSIzA",
                    "quantidade": 5,
                    "precoUnitario": 470
                },
                {
                    "idProduto": "K6leHdftCeOJj8BJ",
                    "quantidade": 10,
                    "precoUnitario": 5240
                }
            ],
            "precoTotal": 54750,
            "quantidadeTotal": 15,
            "idUsuario": "iaBQubUF22WNrUjK",
            "_id": "FUrrJtOZ4JvHLVGa"
        },
        {
            "produtos": [
                {
                    "idProduto": "BeeJh5lz3k6kSIzA",
                    "quantidade": 5,
                    "precoUnitario": 470
                },
                {
                    "idProduto": "K6leHdftCeOJj8BJ",
                    "quantidade": 10,
                    "precoUnitario": 5240
                }
            ],
            "precoTotal": 54750,
            "quantidadeTotal": 15,
            "idUsuario": "5ZehJcNThyZ0rMtC",
            "_id": "TFhGiJKr0zucAOxl"
        },
        {
            "produtos": [
                {
                    "idProduto": "BeeJh5lz3k6kSIzA",
                    "quantidade": 2,
                    "precoUnitario": 470
                },
                {
                    "idProduto": "K6leHdftCeOJj8BJ",
                    "quantidade": 1,
                    "precoUnitario": 5240
                }
            ],
            "precoTotal": 6180,
            "quantidadeTotal": 3,
            "idUsuario": "oUb7aGkMtSEPf6BZ",
            "_id": "qbMqntef4iTOwWfg"
        }
    ]
} 
 </msg>
<msg timestamp="20220709 20:23:06.903" level="INFO">${response} = &lt;Response [200]&gt;</msg>
<status status="PASS" starttime="20220709 20:23:06.900" endtime="20220709 20:23:06.903"/>
</kw>
<kw name="Log To Console" library="BuiltIn">
<arg>Response: ${response.content}</arg>
<doc>Logs the given message to the console.</doc>
<status status="PASS" starttime="20220709 20:23:06.904" endtime="20220709 20:23:06.906"/>
</kw>
<kw name="Set Global Variable" library="BuiltIn">
<arg>${response}</arg>
<doc>Makes a variable available globally in all tests and suites.</doc>
<msg timestamp="20220709 20:23:06.906" level="INFO">${response} = &lt;Response [200]&gt;</msg>
<status status="PASS" starttime="20220709 20:23:06.906" endtime="20220709 20:23:06.906"/>
</kw>
<status status="PASS" starttime="20220709 20:23:06.898" endtime="20220709 20:23:06.907"/>
</kw>
<kw name="Set Variable" library="BuiltIn">
<var>${id_carrinho}</var>
<arg>${response.json()["carrinhos"][0]["_id"]}</arg>
<doc>Returns the given values which can then be assigned to a variables.</doc>
<msg timestamp="20220709 20:23:06.908" level="INFO">${id_carrinho} = 7sL86YHzG4r7AZ7f</msg>
<status status="PASS" starttime="20220709 20:23:06.907" endtime="20220709 20:23:06.908"/>
</kw>
<kw name="Set Global Variable" library="BuiltIn">
<arg>${id_carrinho}</arg>
<doc>Makes a variable available globally in all tests and suites.</doc>
<msg timestamp="20220709 20:23:06.908" level="INFO">${id_carrinho} = 7sL86YHzG4r7AZ7f</msg>
<status status="PASS" starttime="20220709 20:23:06.908" endtime="20220709 20:23:06.908"/>
</kw>
<status status="PASS" starttime="20220709 20:23:06.898" endtime="20220709 20:23:06.909"/>
</kw>
<kw name="GET endpoint /carrinhos especifico" library="carrinhos_keywords">
<kw name="GET On Session" library="RequestsLibrary">
<var>${response}</var>
<arg>serverest</arg>
<arg>/carrinhos/${id_carrinho}</arg>
<arg>expected_status=any</arg>
<doc>Sends a GET request on a previously created HTTP Session.</doc>
<msg timestamp="20220709 20:23:06.914" level="INFO">GET Request : url=http://localhost:3000/carrinhos/7sL86YHzG4r7AZ7f 
 path_url=/carrinhos/7sL86YHzG4r7AZ7f 
 headers={'User-Agent': 'python-requests/2.28.0', 'Accept-Encoding': 'gzip, deflate', 'Accept': '*/*', 'Connection': 'keep-alive'} 
 body=None 
 </msg>
<msg timestamp="20220709 20:23:06.914" level="INFO">GET Response : url=http://localhost:3000/carrinhos/7sL86YHzG4r7AZ7f 
 status=200, reason=OK 
 headers={'Access-Control-Allow-Origin': '*', 'x-dns-prefetch-control': 'off', 'x-frame-options': 'SAMEORIGIN', 'strict-transport-security': 'max-age=15552000; includeSubDomains', 'x-download-options': 'noopen', 'x-content-type-options': 'nosniff', 'x-xss-protection': '1; mode=block', 'x-moesif-transaction-id': 'acc20bcf-c2d5-4cc4-81f3-66bfd6b860a9', 'Content-Type': 'application/json; charset=utf-8', 'Content-Length': '404', 'Date': 'Sat, 09 Jul 2022 23:23:06 GMT', 'Connection': 'keep-alive', 'Keep-Alive': 'timeout=5'} 
 body={
    "produtos": [
        {
            "idProduto": "BeeJh5lz3k6kSIzA",
            "quantidade": 5,
            "precoUnitario": 470
        },
        {
            "idProduto": "K6leHdftCeOJj8BJ",
            "quantidade": 10,
            "precoUnitario": 5240
        }
    ],
    "precoTotal": 54750,
    "quantidadeTotal": 15,
    "idUsuario": "WqXskWItyDA5BNO2",
    "_id": "7sL86YHzG4r7AZ7f"
} 
 </msg>
<msg timestamp="20220709 20:23:06.914" level="INFO">${response} = &lt;Response [200]&gt;</msg>
<status status="PASS" starttime="20220709 20:23:06.910" endtime="20220709 20:23:06.914"/>
</kw>
<kw name="Log To Console" library="BuiltIn">
<arg>Response: ${response.content}</arg>
<doc>Logs the given message to the console.</doc>
<status status="PASS" starttime="20220709 20:23:06.914" endtime="20220709 20:23:06.914"/>
</kw>
<kw name="Set Global Variable" library="BuiltIn">
<arg>${response}</arg>
<doc>Makes a variable available globally in all tests and suites.</doc>
<msg timestamp="20220709 20:23:06.915" level="INFO">${response} = &lt;Response [200]&gt;</msg>
<status status="PASS" starttime="20220709 20:23:06.914" endtime="20220709 20:23:06.915"/>
</kw>
<status status="PASS" starttime="20220709 20:23:06.910" endtime="20220709 20:23:06.915"/>
</kw>
<kw name="Validar status code &quot;200&quot;" library="common" sourcename="Validar status code &quot;${statuscode}&quot;">
<kw name="Should Be True" library="BuiltIn">
<arg>${response.status_code} == ${statuscode}</arg>
<doc>Fails if the given condition is not true.</doc>
<status status="PASS" starttime="20220709 20:23:06.916" endtime="20220709 20:23:06.918"/>
</kw>
<status status="PASS" starttime="20220709 20:23:06.916" endtime="20220709 20:23:06.918"/>
</kw>
<tag>GET</tag>
<tag>GET.CARRINHO</tag>
<status status="PASS" starttime="20220709 20:23:06.898" endtime="20220709 20:23:06.918"/>
</test>
<test id="s1-s1-t3" name="Cenario: GET Carrinho ID Invalido 400" line="19">
<kw name="GET endpoint /carrinhos especifico" library="carrinhos_keywords">
<arg>${id_invalido}</arg>
<kw name="GET On Session" library="RequestsLibrary">
<var>${response}</var>
<arg>serverest</arg>
<arg>/carrinhos/${id_carrinho}</arg>
<arg>expected_status=any</arg>
<doc>Sends a GET request on a previously created HTTP Session.</doc>
<msg timestamp="20220709 20:23:06.924" level="INFO">GET Request : url=http://localhost:3000/carrinhos/IdInvalido123 
 path_url=/carrinhos/IdInvalido123 
 headers={'User-Agent': 'python-requests/2.28.0', 'Accept-Encoding': 'gzip, deflate', 'Accept': '*/*', 'Connection': 'keep-alive'} 
 body=None 
 </msg>
<msg timestamp="20220709 20:23:06.924" level="INFO">GET Response : url=http://localhost:3000/carrinhos/IdInvalido123 
 status=400, reason=Bad Request 
 headers={'Access-Control-Allow-Origin': '*', 'x-dns-prefetch-control': 'off', 'x-frame-options': 'SAMEORIGIN', 'strict-transport-security': 'max-age=15552000; includeSubDomains', 'x-download-options': 'noopen', 'x-content-type-options': 'nosniff', 'x-xss-protection': '1; mode=block', 'x-moesif-transaction-id': 'ba5517ff-9292-435a-8941-e754c2883e0d', 'Content-Type': 'application/json; charset=utf-8', 'Content-Length': '45', 'Date': 'Sat, 09 Jul 2022 23:23:06 GMT', 'Connection': 'keep-alive', 'Keep-Alive': 'timeout=5'} 
 body={
    "message": "Carrinho não encontrado"
} 
 </msg>
<msg timestamp="20220709 20:23:06.924" level="INFO">${response} = &lt;Response [400]&gt;</msg>
<status status="PASS" starttime="20220709 20:23:06.921" endtime="20220709 20:23:06.924"/>
</kw>
<kw name="Log To Console" library="BuiltIn">
<arg>Response: ${response.content}</arg>
<doc>Logs the given message to the console.</doc>
<status status="PASS" starttime="20220709 20:23:06.924" endtime="20220709 20:23:06.925"/>
</kw>
<kw name="Set Global Variable" library="BuiltIn">
<arg>${response}</arg>
<doc>Makes a variable available globally in all tests and suites.</doc>
<msg timestamp="20220709 20:23:06.925" level="INFO">${response} = &lt;Response [400]&gt;</msg>
<status status="PASS" starttime="20220709 20:23:06.925" endtime="20220709 20:23:06.926"/>
</kw>
<status status="PASS" starttime="20220709 20:23:06.921" endtime="20220709 20:23:06.926"/>
</kw>
<kw name="Validar status code &quot;400&quot;" library="common" sourcename="Validar status code &quot;${statuscode}&quot;">
<kw name="Should Be True" library="BuiltIn">
<arg>${response.status_code} == ${statuscode}</arg>
<doc>Fails if the given condition is not true.</doc>
<status status="PASS" starttime="20220709 20:23:06.926" endtime="20220709 20:23:06.927"/>
</kw>
<status status="PASS" starttime="20220709 20:23:06.926" endtime="20220709 20:23:06.928"/>
</kw>
<kw name="Validar a Mensagem &quot;Carrinho não encontrado&quot;" library="common" sourcename="Validar a mensagem &quot;${mensagem}&quot;">
<kw name="Should Be Equal" library="BuiltIn">
<arg>${response.json()["message"]}</arg>
<arg>${mensagem}</arg>
<doc>Fails if the given objects are unequal.</doc>
<status status="PASS" starttime="20220709 20:23:06.928" endtime="20220709 20:23:06.929"/>
</kw>
<status status="PASS" starttime="20220709 20:23:06.928" endtime="20220709 20:23:06.929"/>
</kw>
<tag>GET</tag>
<tag>GET.CARRINHO.ID.INVALIDO</tag>
<status status="PASS" starttime="20220709 20:23:06.919" endtime="20220709 20:23:06.929"/>
</test>
<test id="s1-s1-t4" name="Cenario: POST Cadastrar Carrinho 200" line="26">
<kw name="Criar usuario adm=true e guardar dados de login" library="login_keywords" sourcename="Criar usuario adm=${tipo_de_usuario} e guardar dados de login">
<kw name="Criar dados dinamico usuario" library="dynamics">
<arg>adm=${tipo_de_usuario}</arg>
<kw name="Criar Usuario Dinamico" library="python_functions">
<var>${payload}</var>
<arg>${campo}</arg>
<arg>${adm}</arg>
<msg timestamp="20220709 20:23:06.987" level="INFO">${payload} = {'nome': 'Brent Bailey', 'email': 'aprilsmith@example.com', 'password': '%1KN&amp;Lkk&amp;1', 'administrador': 'true'}</msg>
<status status="PASS" starttime="20220709 20:23:06.932" endtime="20220709 20:23:06.987"/>
</kw>
<kw name="Set Global Variable" library="BuiltIn">
<arg>${payload}</arg>
<doc>Makes a variable available globally in all tests and suites.</doc>
<msg timestamp="20220709 20:23:06.987" level="INFO">${payload} = {'nome': 'Brent Bailey', 'email': 'aprilsmith@example.com', 'password': '%1KN&amp;Lkk&amp;1', 'administrador': 'true'}</msg>
<status status="PASS" starttime="20220709 20:23:06.987" endtime="20220709 20:23:06.987"/>
</kw>
<status status="PASS" starttime="20220709 20:23:06.931" endtime="20220709 20:23:06.988"/>
</kw>
<kw name="POST endpoint /usuarios" library="usuarios_keywords">
<kw name="POST On Session" library="RequestsLibrary">
<var>${response}</var>
<arg>serverest</arg>
<arg>/usuarios</arg>
<arg>json=&amp;{payload}</arg>
<arg>expected_status=any</arg>
<doc>Sends a POST request on a previously created HTTP Session.</doc>
<msg timestamp="20220709 20:23:06.993" level="INFO">POST Request : url=http://localhost:3000/usuarios 
 path_url=/usuarios 
 headers={'User-Agent': 'python-requests/2.28.0', 'Accept-Encoding': 'gzip, deflate', 'Accept': '*/*', 'Connection': 'keep-alive', 'Content-Length': '110', 'Content-Type': 'application/json'} 
 body=b'{"nome": "Brent Bailey", "email": "aprilsmith@example.com", "password": "%1KN&amp;Lkk&amp;1", "administrador": "true"}' 
 </msg>
<msg timestamp="20220709 20:23:06.993" level="INFO">POST Response : url=http://localhost:3000/usuarios 
 status=201, reason=Created 
 headers={'Access-Control-Allow-Origin': '*', 'x-dns-prefetch-control': 'off', 'x-frame-options': 'SAMEORIGIN', 'strict-transport-security': 'max-age=15552000; includeSubDomains', 'x-download-options': 'noopen', 'x-content-type-options': 'nosniff', 'x-xss-protection': '1; mode=block', 'x-moesif-transaction-id': '2d397501-10d0-438a-a322-0a6c91dcdd3b', 'Content-Type': 'application/json; charset=utf-8', 'Content-Length': '82', 'Date': 'Sat, 09 Jul 2022 23:23:06 GMT', 'Connection': 'keep-alive', 'Keep-Alive': 'timeout=5'} 
 body={
    "message": "Cadastro realizado com sucesso",
    "_id": "ekwKhf3Id6cVn4tw"
} 
 </msg>
<msg timestamp="20220709 20:23:06.993" level="INFO">${response} = &lt;Response [201]&gt;</msg>
<status status="PASS" starttime="20220709 20:23:06.988" endtime="20220709 20:23:06.993"/>
</kw>
<kw name="Log To Console" library="BuiltIn">
<arg>Response: ${response.content}</arg>
<doc>Logs the given message to the console.</doc>
<status status="PASS" starttime="20220709 20:23:06.993" endtime="20220709 20:23:06.994"/>
</kw>
<kw name="Set Global Variable" library="BuiltIn">
<arg>${response}</arg>
<doc>Makes a variable available globally in all tests and suites.</doc>
<msg timestamp="20220709 20:23:06.995" level="INFO">${response} = &lt;Response [201]&gt;</msg>
<status status="PASS" starttime="20220709 20:23:06.994" endtime="20220709 20:23:06.995"/>
</kw>
<status status="PASS" starttime="20220709 20:23:06.988" endtime="20220709 20:23:06.995"/>
</kw>
<kw name="Set Variable" library="BuiltIn">
<var>${id_usuario}</var>
<arg>${response.json()["_id"]}</arg>
<doc>Returns the given values which can then be assigned to a variables.</doc>
<msg timestamp="20220709 20:23:06.995" level="INFO">${id_usuario} = ekwKhf3Id6cVn4tw</msg>
<status status="PASS" starttime="20220709 20:23:06.995" endtime="20220709 20:23:06.995"/>
</kw>
<kw name="Set Global Variable" library="BuiltIn">
<arg>${id_usuario}</arg>
<doc>Makes a variable available globally in all tests and suites.</doc>
<msg timestamp="20220709 20:23:06.996" level="INFO">${id_usuario} = ekwKhf3Id6cVn4tw</msg>
<status status="PASS" starttime="20220709 20:23:06.996" endtime="20220709 20:23:06.996"/>
</kw>
<kw name="Pegar Dados Login Usuario" library="python_functions">
<var>${payload}</var>
<arg>${id_usuario}</arg>
<msg timestamp="20220709 20:23:07.001" level="INFO">${payload} = {'email': 'aprilsmith@example.com', 'password': '%1KN&amp;Lkk&amp;1'}</msg>
<status status="PASS" starttime="20220709 20:23:06.996" endtime="20220709 20:23:07.001"/>
</kw>
<kw name="Set Global Variable" library="BuiltIn">
<arg>${payload}</arg>
<doc>Makes a variable available globally in all tests and suites.</doc>
<msg timestamp="20220709 20:23:07.001" level="INFO">${payload} = {'email': 'aprilsmith@example.com', 'password': '%1KN&amp;Lkk&amp;1'}</msg>
<status status="PASS" starttime="20220709 20:23:07.001" endtime="20220709 20:23:07.001"/>
</kw>
<status status="PASS" starttime="20220709 20:23:06.931" endtime="20220709 20:23:07.001"/>
</kw>
<kw name="POST endpoint /login" library="login_keywords">
<kw name="POST On Session" library="RequestsLibrary">
<var>${response_login}</var>
<arg>serverest</arg>
<arg>/login</arg>
<arg>json=&amp;{payload}</arg>
<arg>expected_status=any</arg>
<doc>Sends a POST request on a previously created HTTP Session.</doc>
<msg timestamp="20220709 20:23:07.005" level="INFO">POST Request : url=http://localhost:3000/login 
 path_url=/login 
 headers={'User-Agent': 'python-requests/2.28.0', 'Accept-Encoding': 'gzip, deflate', 'Accept': '*/*', 'Connection': 'keep-alive', 'Content-Length': '61', 'Content-Type': 'application/json'} 
 body=b'{"email": "aprilsmith@example.com", "password": "%1KN&amp;Lkk&amp;1"}' 
 </msg>
<msg timestamp="20220709 20:23:07.006" level="INFO">POST Response : url=http://localhost:3000/login 
 status=200, reason=OK 
 headers={'Access-Control-Allow-Origin': '*', 'x-dns-prefetch-control': 'off', 'x-frame-options': 'SAMEORIGIN', 'strict-transport-security': 'max-age=15552000; includeSubDomains', 'x-download-options': 'noopen', 'x-content-type-options': 'nosniff', 'x-xss-protection': '1; mode=block', 'x-moesif-transaction-id': 'e8b4fc16-1b7d-4ba6-8852-98d78bb39c6d', 'Content-Type': 'application/json; charset=utf-8', 'Content-Length': '284', 'Date': 'Sat, 09 Jul 2022 23:23:07 GMT', 'Connection': 'keep-alive', 'Keep-Alive': 'timeout=5'} 
 body={
    "message": "Login realizado com sucesso",
    "authorization": "Bearer eyJhbGciOiJIUzI1NiIsInR5cCI6IkpXVCJ9.eyJlbWFpbCI6ImFwcmlsc21pdGhAZXhhbXBsZS5jb20iLCJwYXNzd29yZCI6IiUxS04mTGtrJjEiLCJpYXQiOjE2NTc0MDg5ODcsImV4cCI6MTY1NzQwOTU4N30.UxgwxJucdiQ8Qp0iPmgKloCpUKXEESfZusUXlsAQwiM"
} 
 </msg>
<msg timestamp="20220709 20:23:07.006" level="INFO">${response_login} = &lt;Response [200]&gt;</msg>
<status status="PASS" starttime="20220709 20:23:07.002" endtime="20220709 20:23:07.006"/>
</kw>
<kw name="Log To Console" library="BuiltIn">
<arg>Response: ${response_login.content}</arg>
<doc>Logs the given message to the console.</doc>
<status status="PASS" starttime="20220709 20:23:07.006" endtime="20220709 20:23:07.007"/>
</kw>
<kw name="Set Global Variable" library="BuiltIn">
<arg>${response_login}</arg>
<doc>Makes a variable available globally in all tests and suites.</doc>
<msg timestamp="20220709 20:23:07.007" level="INFO">${response_login} = &lt;Response [200]&gt;</msg>
<status status="PASS" starttime="20220709 20:23:07.007" endtime="20220709 20:23:07.007"/>
</kw>
<status status="PASS" starttime="20220709 20:23:07.002" endtime="20220709 20:23:07.007"/>
</kw>
<kw name="Pegar quantidade dos produtos em estoque" library="produtos_keywords">
<var>${quant_inicial}</var>
<kw name="Create List" library="BuiltIn">
<var>${ids_produtos}</var>
<arg>BeeJh5lz3k6kSIzA</arg>
<arg>K6leHdftCeOJj8BJ</arg>
<doc>Returns a list containing given items.</doc>
<msg timestamp="20220709 20:23:07.008" level="INFO">${ids_produtos} = ['BeeJh5lz3k6kSIzA', 'K6leHdftCeOJj8BJ']</msg>
<status status="PASS" starttime="20220709 20:23:07.008" endtime="20220709 20:23:07.008"/>
</kw>
<kw name="Pegar Quantidades Dos Produtos" library="python_functions">
<var>${quantidade}</var>
<arg>${ids_produtos}</arg>
<msg timestamp="20220709 20:23:07.017" level="INFO">${quantidade} = [357, 49927]</msg>
<status status="PASS" starttime="20220709 20:23:07.008" endtime="20220709 20:23:07.017"/>
</kw>
<msg timestamp="20220709 20:23:07.017" level="INFO">${quant_inicial} = [357, 49927]</msg>
<status status="PASS" starttime="20220709 20:23:07.008" endtime="20220709 20:23:07.017"/>
</kw>
<kw name="Criar carrinho_valido estatico" library="carrinhos_keywords" sourcename="Criar ${tipo_carrinho} estatico">
<kw name="Importar JSON estatico" library="common">
<var>${json}</var>
<arg>json_carrinho_ex.json</arg>
<kw name="Get File" library="OperatingSystem">
<var>${arquivo}</var>
<arg>${EXECDIR}/support/fixtures/static/${nome_arquivo}</arg>
<doc>Returns the contents of a specified file.</doc>
<msg timestamp="20220709 20:23:07.019" level="INFO" html="true">Getting file '&lt;a href="file://C:\Users\Luana\Desktop\Robot\Dia_04\support\fixtures\static\json_carrinho_ex.json"&gt;C:\Users\Luana\Desktop\Robot\Dia_04\support\fixtures\static\json_carrinho_ex.json&lt;/a&gt;'.</msg>
<msg timestamp="20220709 20:23:07.019" level="INFO">${arquivo} = {
    "carrinho_valido":{  
        "produtos": [
          {
            "idProduto": "BeeJh5lz3k6kSIzA",
            "quantidade": 5
          },
          {
            "idProduto": "K6leHdftCeOJj8...</msg>
<status status="PASS" starttime="20220709 20:23:07.018" endtime="20220709 20:23:07.019"/>
</kw>
<kw name="Evaluate" library="BuiltIn">
<var>${data}</var>
<arg>json.loads('''${arquivo}''')</arg>
<arg>json</arg>
<doc>Evaluates the given expression in Python and returns the result.</doc>
<msg timestamp="20220709 20:23:07.019" level="INFO">${data} = {'carrinho_valido': {'produtos': [{'idProduto': 'BeeJh5lz3k6kSIzA', 'quantidade': 5}, {'idProduto': 'K6leHdftCeOJj8BJ', 'quantidade': 10}]}, 'carrinho_invalido': {'produtos': [{'idProduto': 'PRODUTO_I...</msg>
<status status="PASS" starttime="20220709 20:23:07.019" endtime="20220709 20:23:07.019"/>
</kw>
<msg timestamp="20220709 20:23:07.020" level="INFO">${json} = {'carrinho_valido': {'produtos': [{'idProduto': 'BeeJh5lz3k6kSIzA', 'quantidade': 5}, {'idProduto': 'K6leHdftCeOJj8BJ', 'quantidade': 10}]}, 'carrinho_invalido': {'produtos': [{'idProduto': 'PRODUTO_I...</msg>
<status status="PASS" starttime="20220709 20:23:07.018" endtime="20220709 20:23:07.020"/>
</kw>
<kw name="Set Variable" library="BuiltIn">
<var>${payload}</var>
<arg>${json["${tipo_carrinho}"]}</arg>
<doc>Returns the given values which can then be assigned to a variables.</doc>
<msg timestamp="20220709 20:23:07.020" level="INFO">${payload} = {'produtos': [{'idProduto': 'BeeJh5lz3k6kSIzA', 'quantidade': 5}, {'idProduto': 'K6leHdftCeOJj8BJ', 'quantidade': 10}]}</msg>
<status status="PASS" starttime="20220709 20:23:07.020" endtime="20220709 20:23:07.020"/>
</kw>
<kw name="Set Global Variable" library="BuiltIn">
<arg>${payload}</arg>
<doc>Makes a variable available globally in all tests and suites.</doc>
<msg timestamp="20220709 20:23:07.021" level="INFO">${payload} = {'produtos': [{'idProduto': 'BeeJh5lz3k6kSIzA', 'quantidade': 5}, {'idProduto': 'K6leHdftCeOJj8BJ', 'quantidade': 10}]}</msg>
<status status="PASS" starttime="20220709 20:23:07.020" endtime="20220709 20:23:07.021"/>
</kw>
<status status="PASS" starttime="20220709 20:23:07.018" endtime="20220709 20:23:07.021"/>
</kw>
<kw name="POST endpoint /carrinhos" library="carrinhos_keywords">
<kw name="Create Dictionary" library="BuiltIn">
<var>&amp;{header}</var>
<arg>Authorization=${token_auth}</arg>
<doc>Creates and returns a dictionary based on the given ``items``.</doc>
<msg timestamp="20220709 20:23:07.022" level="INFO">&amp;{header} = { Authorization=Bearer eyJhbGciOiJIUzI1NiIsInR5cCI6IkpXVCJ9.eyJlbWFpbCI6ImFwcmlsc21pdGhAZXhhbXBsZS5jb20iLCJwYXNzd29yZCI6IiUxS04mTGtrJjEiLCJpYXQiOjE2NTc0MDg5ODcsImV4cCI6MTY1NzQwOTU4N30.UxgwxJucdiQ8Qp0i...</msg>
<status status="PASS" starttime="20220709 20:23:07.022" endtime="20220709 20:23:07.022"/>
</kw>
<kw name="POST On Session" library="RequestsLibrary">
<var>${response}</var>
<arg>serverest</arg>
<arg>/carrinhos</arg>
<arg>json=&amp;{payload}</arg>
<arg>headers=${header}</arg>
<arg>expected_status=any</arg>
<doc>Sends a POST request on a previously created HTTP Session.</doc>
<msg timestamp="20220709 20:23:07.029" level="INFO">POST Request : url=http://localhost:3000/carrinhos 
 path_url=/carrinhos 
 headers={'User-Agent': 'python-requests/2.28.0', 'Accept-Encoding': 'gzip, deflate', 'Accept': '*/*', 'Connection': 'keep-alive', 'Authorization': 'Bearer eyJhbGciOiJIUzI1NiIsInR5cCI6IkpXVCJ9.eyJlbWFpbCI6ImFwcmlsc21pdGhAZXhhbXBsZS5jb20iLCJwYXNzd29yZCI6IiUxS04mTGtrJjEiLCJpYXQiOjE2NTc0MDg5ODcsImV4cCI6MTY1NzQwOTU4N30.UxgwxJucdiQ8Qp0iPmgKloCpUKXEESfZusUXlsAQwiM', 'Content-Length': '119', 'Content-Type': 'application/json'} 
 body=b'{"produtos": [{"idProduto": "BeeJh5lz3k6kSIzA", "quantidade": 5}, {"idProduto": "K6leHdftCeOJj8BJ", "quantidade": 10}]}' 
 </msg>
<msg timestamp="20220709 20:23:07.029" level="INFO">POST Response : url=http://localhost:3000/carrinhos 
 status=201, reason=Created 
 headers={'Access-Control-Allow-Origin': '*', 'x-dns-prefetch-control': 'off', 'x-frame-options': 'SAMEORIGIN', 'strict-transport-security': 'max-age=15552000; includeSubDomains', 'x-download-options': 'noopen', 'x-content-type-options': 'nosniff', 'x-xss-protection': '1; mode=block', 'x-moesif-transaction-id': '59f838b6-32f7-4970-b6b0-c67ce2f4c875', 'Content-Type': 'application/json; charset=utf-8', 'Content-Length': '82', 'Date': 'Sat, 09 Jul 2022 23:23:07 GMT', 'Connection': 'keep-alive', 'Keep-Alive': 'timeout=5'} 
 body={
    "message": "Cadastro realizado com sucesso",
    "_id": "Iwnr4w51B3rqwQhb"
} 
 </msg>
<msg timestamp="20220709 20:23:07.029" level="INFO">${response} = &lt;Response [201]&gt;</msg>
<status status="PASS" starttime="20220709 20:23:07.023" endtime="20220709 20:23:07.029"/>
</kw>
<kw name="Log To Console" library="BuiltIn">
<arg>Response: ${response.content}</arg>
<doc>Logs the given message to the console.</doc>
<status status="PASS" starttime="20220709 20:23:07.029" endtime="20220709 20:23:07.030"/>
</kw>
<kw name="Set Global Variable" library="BuiltIn">
<arg>${response}</arg>
<doc>Makes a variable available globally in all tests and suites.</doc>
<msg timestamp="20220709 20:23:07.030" level="INFO">${response} = &lt;Response [201]&gt;</msg>
<status status="PASS" starttime="20220709 20:23:07.030" endtime="20220709 20:23:07.030"/>
</kw>
<status status="PASS" starttime="20220709 20:23:07.022" endtime="20220709 20:23:07.030"/>
</kw>
<kw name="Pegar quantidade dos produtos em estoque" library="produtos_keywords">
<var>${quant_final}</var>
<kw name="Create List" library="BuiltIn">
<var>${ids_produtos}</var>
<arg>BeeJh5lz3k6kSIzA</arg>
<arg>K6leHdftCeOJj8BJ</arg>
<doc>Returns a list containing given items.</doc>
<msg timestamp="20220709 20:23:07.033" level="INFO">${ids_produtos} = ['BeeJh5lz3k6kSIzA', 'K6leHdftCeOJj8BJ']</msg>
<status status="PASS" starttime="20220709 20:23:07.032" endtime="20220709 20:23:07.033"/>
</kw>
<kw name="Pegar Quantidades Dos Produtos" library="python_functions">
<var>${quantidade}</var>
<arg>${ids_produtos}</arg>
<msg timestamp="20220709 20:23:07.042" level="INFO">${quantidade} = [352, 49917]</msg>
<status status="PASS" starttime="20220709 20:23:07.033" endtime="20220709 20:23:07.042"/>
</kw>
<msg timestamp="20220709 20:23:07.043" level="INFO">${quant_final} = [352, 49917]</msg>
<status status="PASS" starttime="20220709 20:23:07.032" endtime="20220709 20:23:07.043"/>
</kw>
<kw name="Verificar alteração na quantidade de um produto" library="produtos_keywords">
<arg>${quant_inicial}</arg>
<arg>${quant_final}</arg>
<arg>-5</arg>
<arg>-10</arg>
<kw name="Create List" library="BuiltIn">
<var>${diferença}</var>
<arg>@{diferença}</arg>
<doc>Returns a list containing given items.</doc>
<msg timestamp="20220709 20:23:07.044" level="INFO">${diferença} = ['-5', '-10']</msg>
<status status="PASS" starttime="20220709 20:23:07.044" endtime="20220709 20:23:07.044"/>
</kw>
<kw name="Verificar Alteracao" library="python_functions">
<var>${mensagem}</var>
<arg>${quantidade_inicial}</arg>
<arg>${quantidade_final}</arg>
<arg>${diferença}</arg>
<msg timestamp="20220709 20:23:07.044" level="INFO">${mensagem} = ['quantidade certa em estoque', 'quantidade certa em estoque']</msg>
<status status="PASS" starttime="20220709 20:23:07.044" endtime="20220709 20:23:07.044"/>
</kw>
<kw name="Should Not Contain" library="BuiltIn">
<arg>${mensagem}</arg>
<arg>erro na quantidade do estoque</arg>
<doc>Fails if ``container`` contains ``item`` one or more times.</doc>
<status status="PASS" starttime="20220709 20:23:07.044" endtime="20220709 20:23:07.044"/>
</kw>
<status status="PASS" starttime="20220709 20:23:07.043" endtime="20220709 20:23:07.045"/>
</kw>
<kw name="Validar status code &quot;201&quot;" library="common" sourcename="Validar status code &quot;${statuscode}&quot;">
<kw name="Should Be True" library="BuiltIn">
<arg>${response.status_code} == ${statuscode}</arg>
<doc>Fails if the given condition is not true.</doc>
<status status="PASS" starttime="20220709 20:23:07.045" endtime="20220709 20:23:07.046"/>
</kw>
<status status="PASS" starttime="20220709 20:23:07.045" endtime="20220709 20:23:07.046"/>
</kw>
<kw name="Validar a Mensagem &quot;Cadastro realizado com sucesso&quot;" library="common" sourcename="Validar a mensagem &quot;${mensagem}&quot;">
<kw name="Should Be Equal" library="BuiltIn">
<arg>${response.json()["message"]}</arg>
<arg>${mensagem}</arg>
<doc>Fails if the given objects are unequal.</doc>
<status status="PASS" starttime="20220709 20:23:07.047" endtime="20220709 20:23:07.048"/>
</kw>
<status status="PASS" starttime="20220709 20:23:07.047" endtime="20220709 20:23:07.048"/>
</kw>
<tag>POST</tag>
<tag>POST.CARRINHO</tag>
<status status="PASS" starttime="20220709 20:23:06.931" endtime="20220709 20:23:07.049"/>
</test>
<test id="s1-s1-t5" name="Cenario: POST Cadastrar Carrinho Com Produto Duplicado 400" line="38">
<kw name="Criar usuario adm=true e guardar dados de login" library="login_keywords" sourcename="Criar usuario adm=${tipo_de_usuario} e guardar dados de login">
<kw name="Criar dados dinamico usuario" library="dynamics">
<arg>adm=${tipo_de_usuario}</arg>
<kw name="Criar Usuario Dinamico" library="python_functions">
<var>${payload}</var>
<arg>${campo}</arg>
<arg>${adm}</arg>
<msg timestamp="20220709 20:23:07.104" level="INFO">${payload} = {'nome': 'Mary Roth', 'email': 'blackcasey@example.org', 'password': 'z0KnnJi)%o', 'administrador': 'true'}</msg>
<status status="PASS" starttime="20220709 20:23:07.051" endtime="20220709 20:23:07.104"/>
</kw>
<kw name="Set Global Variable" library="BuiltIn">
<arg>${payload}</arg>
<doc>Makes a variable available globally in all tests and suites.</doc>
<msg timestamp="20220709 20:23:07.105" level="INFO">${payload} = {'nome': 'Mary Roth', 'email': 'blackcasey@example.org', 'password': 'z0KnnJi)%o', 'administrador': 'true'}</msg>
<status status="PASS" starttime="20220709 20:23:07.104" endtime="20220709 20:23:07.105"/>
</kw>
<status status="PASS" starttime="20220709 20:23:07.050" endtime="20220709 20:23:07.105"/>
</kw>
<kw name="POST endpoint /usuarios" library="usuarios_keywords">
<kw name="POST On Session" library="RequestsLibrary">
<var>${response}</var>
<arg>serverest</arg>
<arg>/usuarios</arg>
<arg>json=&amp;{payload}</arg>
<arg>expected_status=any</arg>
<doc>Sends a POST request on a previously created HTTP Session.</doc>
<msg timestamp="20220709 20:23:07.109" level="INFO">POST Request : url=http://localhost:3000/usuarios 
 path_url=/usuarios 
 headers={'User-Agent': 'python-requests/2.28.0', 'Accept-Encoding': 'gzip, deflate', 'Accept': '*/*', 'Connection': 'keep-alive', 'Content-Length': '107', 'Content-Type': 'application/json'} 
 body=b'{"nome": "Mary Roth", "email": "blackcasey@example.org", "password": "z0KnnJi)%o", "administrador": "true"}' 
 </msg>
<msg timestamp="20220709 20:23:07.109" level="INFO">POST Response : url=http://localhost:3000/usuarios 
 status=201, reason=Created 
 headers={'Access-Control-Allow-Origin': '*', 'x-dns-prefetch-control': 'off', 'x-frame-options': 'SAMEORIGIN', 'strict-transport-security': 'max-age=15552000; includeSubDomains', 'x-download-options': 'noopen', 'x-content-type-options': 'nosniff', 'x-xss-protection': '1; mode=block', 'x-moesif-transaction-id': '3a21ec2c-0abf-43cb-9d8f-11ab72d468c2', 'Content-Type': 'application/json; charset=utf-8', 'Content-Length': '82', 'Date': 'Sat, 09 Jul 2022 23:23:07 GMT', 'Connection': 'keep-alive', 'Keep-Alive': 'timeout=5'} 
 body={
    "message": "Cadastro realizado com sucesso",
    "_id": "u92Pxl2bs42R6CZB"
} 
 </msg>
<msg timestamp="20220709 20:23:07.110" level="INFO">${response} = &lt;Response [201]&gt;</msg>
<status status="PASS" starttime="20220709 20:23:07.105" endtime="20220709 20:23:07.110"/>
</kw>
<kw name="Log To Console" library="BuiltIn">
<arg>Response: ${response.content}</arg>
<doc>Logs the given message to the console.</doc>
<status status="PASS" starttime="20220709 20:23:07.110" endtime="20220709 20:23:07.111"/>
</kw>
<kw name="Set Global Variable" library="BuiltIn">
<arg>${response}</arg>
<doc>Makes a variable available globally in all tests and suites.</doc>
<msg timestamp="20220709 20:23:07.111" level="INFO">${response} = &lt;Response [201]&gt;</msg>
<status status="PASS" starttime="20220709 20:23:07.111" endtime="20220709 20:23:07.111"/>
</kw>
<status status="PASS" starttime="20220709 20:23:07.105" endtime="20220709 20:23:07.111"/>
</kw>
<kw name="Set Variable" library="BuiltIn">
<var>${id_usuario}</var>
<arg>${response.json()["_id"]}</arg>
<doc>Returns the given values which can then be assigned to a variables.</doc>
<msg timestamp="20220709 20:23:07.112" level="INFO">${id_usuario} = u92Pxl2bs42R6CZB</msg>
<status status="PASS" starttime="20220709 20:23:07.112" endtime="20220709 20:23:07.112"/>
</kw>
<kw name="Set Global Variable" library="BuiltIn">
<arg>${id_usuario}</arg>
<doc>Makes a variable available globally in all tests and suites.</doc>
<msg timestamp="20220709 20:23:07.113" level="INFO">${id_usuario} = u92Pxl2bs42R6CZB</msg>
<status status="PASS" starttime="20220709 20:23:07.112" endtime="20220709 20:23:07.113"/>
</kw>
<kw name="Pegar Dados Login Usuario" library="python_functions">
<var>${payload}</var>
<arg>${id_usuario}</arg>
<msg timestamp="20220709 20:23:07.117" level="INFO">${payload} = {'email': 'blackcasey@example.org', 'password': 'z0KnnJi)%o'}</msg>
<status status="PASS" starttime="20220709 20:23:07.113" endtime="20220709 20:23:07.117"/>
</kw>
<kw name="Set Global Variable" library="BuiltIn">
<arg>${payload}</arg>
<doc>Makes a variable available globally in all tests and suites.</doc>
<msg timestamp="20220709 20:23:07.118" level="INFO">${payload} = {'email': 'blackcasey@example.org', 'password': 'z0KnnJi)%o'}</msg>
<status status="PASS" starttime="20220709 20:23:07.117" endtime="20220709 20:23:07.118"/>
</kw>
<status status="PASS" starttime="20220709 20:23:07.050" endtime="20220709 20:23:07.118"/>
</kw>
<kw name="POST endpoint /login" library="login_keywords">
<kw name="POST On Session" library="RequestsLibrary">
<var>${response_login}</var>
<arg>serverest</arg>
<arg>/login</arg>
<arg>json=&amp;{payload}</arg>
<arg>expected_status=any</arg>
<doc>Sends a POST request on a previously created HTTP Session.</doc>
<msg timestamp="20220709 20:23:07.122" level="INFO">POST Request : url=http://localhost:3000/login 
 path_url=/login 
 headers={'User-Agent': 'python-requests/2.28.0', 'Accept-Encoding': 'gzip, deflate', 'Accept': '*/*', 'Connection': 'keep-alive', 'Content-Length': '61', 'Content-Type': 'application/json'} 
 body=b'{"email": "blackcasey@example.org", "password": "z0KnnJi)%o"}' 
 </msg>
<msg timestamp="20220709 20:23:07.122" level="INFO">POST Response : url=http://localhost:3000/login 
 status=200, reason=OK 
 headers={'Access-Control-Allow-Origin': '*', 'x-dns-prefetch-control': 'off', 'x-frame-options': 'SAMEORIGIN', 'strict-transport-security': 'max-age=15552000; includeSubDomains', 'x-download-options': 'noopen', 'x-content-type-options': 'nosniff', 'x-xss-protection': '1; mode=block', 'x-moesif-transaction-id': '29dc147a-3c55-4903-88b7-9b9bb157734c', 'Content-Type': 'application/json; charset=utf-8', 'Content-Length': '284', 'Date': 'Sat, 09 Jul 2022 23:23:07 GMT', 'Connection': 'keep-alive', 'Keep-Alive': 'timeout=5'} 
 body={
    "message": "Login realizado com sucesso",
    "authorization": "Bearer eyJhbGciOiJIUzI1NiIsInR5cCI6IkpXVCJ9.eyJlbWFpbCI6ImJsYWNrY2FzZXlAZXhhbXBsZS5vcmciLCJwYXNzd29yZCI6InowS25uSmkpJW8iLCJpYXQiOjE2NTc0MDg5ODcsImV4cCI6MTY1NzQwOTU4N30.xAYSFSv62Tsn7KShcrUe_E78PsYWaI-iNodDXC3K2jE"
} 
 </msg>
<msg timestamp="20220709 20:23:07.122" level="INFO">${response_login} = &lt;Response [200]&gt;</msg>
<status status="PASS" starttime="20220709 20:23:07.119" endtime="20220709 20:23:07.122"/>
</kw>
<kw name="Log To Console" library="BuiltIn">
<arg>Response: ${response_login.content}</arg>
<doc>Logs the given message to the console.</doc>
<status status="PASS" starttime="20220709 20:23:07.122" endtime="20220709 20:23:07.124"/>
</kw>
<kw name="Set Global Variable" library="BuiltIn">
<arg>${response_login}</arg>
<doc>Makes a variable available globally in all tests and suites.</doc>
<msg timestamp="20220709 20:23:07.125" level="INFO">${response_login} = &lt;Response [200]&gt;</msg>
<status status="PASS" starttime="20220709 20:23:07.124" endtime="20220709 20:23:07.125"/>
</kw>
<status status="PASS" starttime="20220709 20:23:07.118" endtime="20220709 20:23:07.125"/>
</kw>
<kw name="Criar carrinho_produto_duplicado estatico" library="carrinhos_keywords" sourcename="Criar ${tipo_carrinho} estatico">
<kw name="Importar JSON estatico" library="common">
<var>${json}</var>
<arg>json_carrinho_ex.json</arg>
<kw name="Get File" library="OperatingSystem">
<var>${arquivo}</var>
<arg>${EXECDIR}/support/fixtures/static/${nome_arquivo}</arg>
<doc>Returns the contents of a specified file.</doc>
<msg timestamp="20220709 20:23:07.127" level="INFO" html="true">Getting file '&lt;a href="file://C:\Users\Luana\Desktop\Robot\Dia_04\support\fixtures\static\json_carrinho_ex.json"&gt;C:\Users\Luana\Desktop\Robot\Dia_04\support\fixtures\static\json_carrinho_ex.json&lt;/a&gt;'.</msg>
<msg timestamp="20220709 20:23:07.127" level="INFO">${arquivo} = {
    "carrinho_valido":{  
        "produtos": [
          {
            "idProduto": "BeeJh5lz3k6kSIzA",
            "quantidade": 5
          },
          {
            "idProduto": "K6leHdftCeOJj8...</msg>
<status status="PASS" starttime="20220709 20:23:07.127" endtime="20220709 20:23:07.127"/>
</kw>
<kw name="Evaluate" library="BuiltIn">
<var>${data}</var>
<arg>json.loads('''${arquivo}''')</arg>
<arg>json</arg>
<doc>Evaluates the given expression in Python and returns the result.</doc>
<msg timestamp="20220709 20:23:07.128" level="INFO">${data} = {'carrinho_valido': {'produtos': [{'idProduto': 'BeeJh5lz3k6kSIzA', 'quantidade': 5}, {'idProduto': 'K6leHdftCeOJj8BJ', 'quantidade': 10}]}, 'carrinho_invalido': {'produtos': [{'idProduto': 'PRODUTO_I...</msg>
<status status="PASS" starttime="20220709 20:23:07.127" endtime="20220709 20:23:07.128"/>
</kw>
<msg timestamp="20220709 20:23:07.128" level="INFO">${json} = {'carrinho_valido': {'produtos': [{'idProduto': 'BeeJh5lz3k6kSIzA', 'quantidade': 5}, {'idProduto': 'K6leHdftCeOJj8BJ', 'quantidade': 10}]}, 'carrinho_invalido': {'produtos': [{'idProduto': 'PRODUTO_I...</msg>
<status status="PASS" starttime="20220709 20:23:07.126" endtime="20220709 20:23:07.128"/>
</kw>
<kw name="Set Variable" library="BuiltIn">
<var>${payload}</var>
<arg>${json["${tipo_carrinho}"]}</arg>
<doc>Returns the given values which can then be assigned to a variables.</doc>
<msg timestamp="20220709 20:23:07.129" level="INFO">${payload} = {'produtos': [{'idProduto': 'BeeJh5lz3k6kSIzA', 'quantidade': 5}, {'idProduto': 'BeeJh5lz3k6kSIzA', 'quantidade': 10}]}</msg>
<status status="PASS" starttime="20220709 20:23:07.128" endtime="20220709 20:23:07.129"/>
</kw>
<kw name="Set Global Variable" library="BuiltIn">
<arg>${payload}</arg>
<doc>Makes a variable available globally in all tests and suites.</doc>
<msg timestamp="20220709 20:23:07.129" level="INFO">${payload} = {'produtos': [{'idProduto': 'BeeJh5lz3k6kSIzA', 'quantidade': 5}, {'idProduto': 'BeeJh5lz3k6kSIzA', 'quantidade': 10}]}</msg>
<status status="PASS" starttime="20220709 20:23:07.129" endtime="20220709 20:23:07.129"/>
</kw>
<status status="PASS" starttime="20220709 20:23:07.126" endtime="20220709 20:23:07.129"/>
</kw>
<kw name="POST endpoint /carrinhos" library="carrinhos_keywords">
<kw name="Create Dictionary" library="BuiltIn">
<var>&amp;{header}</var>
<arg>Authorization=${token_auth}</arg>
<doc>Creates and returns a dictionary based on the given ``items``.</doc>
<msg timestamp="20220709 20:23:07.131" level="INFO">&amp;{header} = { Authorization=Bearer eyJhbGciOiJIUzI1NiIsInR5cCI6IkpXVCJ9.eyJlbWFpbCI6ImJsYWNrY2FzZXlAZXhhbXBsZS5vcmciLCJwYXNzd29yZCI6InowS25uSmkpJW8iLCJpYXQiOjE2NTc0MDg5ODcsImV4cCI6MTY1NzQwOTU4N30.xAYSFSv62Tsn7KSh...</msg>
<status status="PASS" starttime="20220709 20:23:07.130" endtime="20220709 20:23:07.131"/>
</kw>
<kw name="POST On Session" library="RequestsLibrary">
<var>${response}</var>
<arg>serverest</arg>
<arg>/carrinhos</arg>
<arg>json=&amp;{payload}</arg>
<arg>headers=${header}</arg>
<arg>expected_status=any</arg>
<doc>Sends a POST request on a previously created HTTP Session.</doc>
<msg timestamp="20220709 20:23:07.135" level="INFO">POST Request : url=http://localhost:3000/carrinhos 
 path_url=/carrinhos 
 headers={'User-Agent': 'python-requests/2.28.0', 'Accept-Encoding': 'gzip, deflate', 'Accept': '*/*', 'Connection': 'keep-alive', 'Authorization': 'Bearer eyJhbGciOiJIUzI1NiIsInR5cCI6IkpXVCJ9.eyJlbWFpbCI6ImJsYWNrY2FzZXlAZXhhbXBsZS5vcmciLCJwYXNzd29yZCI6InowS25uSmkpJW8iLCJpYXQiOjE2NTc0MDg5ODcsImV4cCI6MTY1NzQwOTU4N30.xAYSFSv62Tsn7KShcrUe_E78PsYWaI-iNodDXC3K2jE', 'Content-Length': '119', 'Content-Type': 'application/json'} 
 body=b'{"produtos": [{"idProduto": "BeeJh5lz3k6kSIzA", "quantidade": 5}, {"idProduto": "BeeJh5lz3k6kSIzA", "quantidade": 10}]}' 
 </msg>
<msg timestamp="20220709 20:23:07.135" level="INFO">POST Response : url=http://localhost:3000/carrinhos 
 status=400, reason=Bad Request 
 headers={'Access-Control-Allow-Origin': '*', 'x-dns-prefetch-control': 'off', 'x-frame-options': 'SAMEORIGIN', 'strict-transport-security': 'max-age=15552000; includeSubDomains', 'x-download-options': 'noopen', 'x-content-type-options': 'nosniff', 'x-xss-protection': '1; mode=block', 'x-moesif-transaction-id': '93b25539-1a06-4fd7-8ca6-50b7bd67de9f', 'Content-Type': 'application/json; charset=utf-8', 'Content-Length': '128', 'Date': 'Sat, 09 Jul 2022 23:23:07 GMT', 'Connection': 'keep-alive', 'Keep-Alive': 'timeout=5'} 
 body={
    "message": "Não é permitido possuir produto duplicado",
    "idProdutosDuplicados": [
        "BeeJh5lz3k6kSIzA"
    ]
} 
 </msg>
<msg timestamp="20220709 20:23:07.135" level="INFO">${response} = &lt;Response [400]&gt;</msg>
<status status="PASS" starttime="20220709 20:23:07.131" endtime="20220709 20:23:07.135"/>
</kw>
<kw name="Log To Console" library="BuiltIn">
<arg>Response: ${response.content}</arg>
<doc>Logs the given message to the console.</doc>
<status status="PASS" starttime="20220709 20:23:07.135" endtime="20220709 20:23:07.136"/>
</kw>
<kw name="Set Global Variable" library="BuiltIn">
<arg>${response}</arg>
<doc>Makes a variable available globally in all tests and suites.</doc>
<msg timestamp="20220709 20:23:07.137" level="INFO">${response} = &lt;Response [400]&gt;</msg>
<status status="PASS" starttime="20220709 20:23:07.136" endtime="20220709 20:23:07.137"/>
</kw>
<status status="PASS" starttime="20220709 20:23:07.130" endtime="20220709 20:23:07.137"/>
</kw>
<kw name="Validar status code &quot;400&quot;" library="common" sourcename="Validar status code &quot;${statuscode}&quot;">
<kw name="Should Be True" library="BuiltIn">
<arg>${response.status_code} == ${statuscode}</arg>
<doc>Fails if the given condition is not true.</doc>
<status status="PASS" starttime="20220709 20:23:07.138" endtime="20220709 20:23:07.139"/>
</kw>
<status status="PASS" starttime="20220709 20:23:07.137" endtime="20220709 20:23:07.139"/>
</kw>
<kw name="Validar a Mensagem &quot;Não é permitido possuir produto duplicado&quot;" library="common" sourcename="Validar a mensagem &quot;${mensagem}&quot;">
<kw name="Should Be Equal" library="BuiltIn">
<arg>${response.json()["message"]}</arg>
<arg>${mensagem}</arg>
<doc>Fails if the given objects are unequal.</doc>
<status status="PASS" starttime="20220709 20:23:07.140" endtime="20220709 20:23:07.140"/>
</kw>
<status status="PASS" starttime="20220709 20:23:07.139" endtime="20220709 20:23:07.140"/>
</kw>
<tag>POST</tag>
<tag>POST.CARRINHO.PRODUTO.DUPLICADO</tag>
<status status="PASS" starttime="20220709 20:23:07.050" endtime="20220709 20:23:07.142"/>
</test>
<test id="s1-s1-t6" name="Cenario: POST Cadastrar Mais de Um Carrinho 400" line="47">
<kw name="Criar usuario adm=true e guardar dados de login" library="login_keywords" sourcename="Criar usuario adm=${tipo_de_usuario} e guardar dados de login">
<kw name="Criar dados dinamico usuario" library="dynamics">
<arg>adm=${tipo_de_usuario}</arg>
<kw name="Criar Usuario Dinamico" library="python_functions">
<var>${payload}</var>
<arg>${campo}</arg>
<arg>${adm}</arg>
<msg timestamp="20220709 20:23:07.197" level="INFO">${payload} = {'nome': 'Matthew Miller', 'email': 'christopher28@example.com', 'password': 'mT+3JiK3C_', 'administrador': 'true'}</msg>
<status status="PASS" starttime="20220709 20:23:07.144" endtime="20220709 20:23:07.197"/>
</kw>
<kw name="Set Global Variable" library="BuiltIn">
<arg>${payload}</arg>
<doc>Makes a variable available globally in all tests and suites.</doc>
<msg timestamp="20220709 20:23:07.198" level="INFO">${payload} = {'nome': 'Matthew Miller', 'email': 'christopher28@example.com', 'password': 'mT+3JiK3C_', 'administrador': 'true'}</msg>
<status status="PASS" starttime="20220709 20:23:07.197" endtime="20220709 20:23:07.198"/>
</kw>
<status status="PASS" starttime="20220709 20:23:07.144" endtime="20220709 20:23:07.198"/>
</kw>
<kw name="POST endpoint /usuarios" library="usuarios_keywords">
<kw name="POST On Session" library="RequestsLibrary">
<var>${response}</var>
<arg>serverest</arg>
<arg>/usuarios</arg>
<arg>json=&amp;{payload}</arg>
<arg>expected_status=any</arg>
<doc>Sends a POST request on a previously created HTTP Session.</doc>
<msg timestamp="20220709 20:23:07.202" level="INFO">POST Request : url=http://localhost:3000/usuarios 
 path_url=/usuarios 
 headers={'User-Agent': 'python-requests/2.28.0', 'Accept-Encoding': 'gzip, deflate', 'Accept': '*/*', 'Connection': 'keep-alive', 'Content-Length': '115', 'Content-Type': 'application/json'} 
 body=b'{"nome": "Matthew Miller", "email": "christopher28@example.com", "password": "mT+3JiK3C_", "administrador": "true"}' 
 </msg>
<msg timestamp="20220709 20:23:07.202" level="INFO">POST Response : url=http://localhost:3000/usuarios 
 status=201, reason=Created 
 headers={'Access-Control-Allow-Origin': '*', 'x-dns-prefetch-control': 'off', 'x-frame-options': 'SAMEORIGIN', 'strict-transport-security': 'max-age=15552000; includeSubDomains', 'x-download-options': 'noopen', 'x-content-type-options': 'nosniff', 'x-xss-protection': '1; mode=block', 'x-moesif-transaction-id': '8dc90554-28d0-4006-bcc3-15cfadc0d283', 'Content-Type': 'application/json; charset=utf-8', 'Content-Length': '82', 'Date': 'Sat, 09 Jul 2022 23:23:07 GMT', 'Connection': 'keep-alive', 'Keep-Alive': 'timeout=5'} 
 body={
    "message": "Cadastro realizado com sucesso",
    "_id": "ecX0TMzu9KXqVhN2"
} 
 </msg>
<msg timestamp="20220709 20:23:07.202" level="INFO">${response} = &lt;Response [201]&gt;</msg>
<status status="PASS" starttime="20220709 20:23:07.198" endtime="20220709 20:23:07.202"/>
</kw>
<kw name="Log To Console" library="BuiltIn">
<arg>Response: ${response.content}</arg>
<doc>Logs the given message to the console.</doc>
<status status="PASS" starttime="20220709 20:23:07.203" endtime="20220709 20:23:07.204"/>
</kw>
<kw name="Set Global Variable" library="BuiltIn">
<arg>${response}</arg>
<doc>Makes a variable available globally in all tests and suites.</doc>
<msg timestamp="20220709 20:23:07.205" level="INFO">${response} = &lt;Response [201]&gt;</msg>
<status status="PASS" starttime="20220709 20:23:07.204" endtime="20220709 20:23:07.205"/>
</kw>
<status status="PASS" starttime="20220709 20:23:07.198" endtime="20220709 20:23:07.205"/>
</kw>
<kw name="Set Variable" library="BuiltIn">
<var>${id_usuario}</var>
<arg>${response.json()["_id"]}</arg>
<doc>Returns the given values which can then be assigned to a variables.</doc>
<msg timestamp="20220709 20:23:07.206" level="INFO">${id_usuario} = ecX0TMzu9KXqVhN2</msg>
<status status="PASS" starttime="20220709 20:23:07.205" endtime="20220709 20:23:07.206"/>
</kw>
<kw name="Set Global Variable" library="BuiltIn">
<arg>${id_usuario}</arg>
<doc>Makes a variable available globally in all tests and suites.</doc>
<msg timestamp="20220709 20:23:07.206" level="INFO">${id_usuario} = ecX0TMzu9KXqVhN2</msg>
<status status="PASS" starttime="20220709 20:23:07.206" endtime="20220709 20:23:07.206"/>
</kw>
<kw name="Pegar Dados Login Usuario" library="python_functions">
<var>${payload}</var>
<arg>${id_usuario}</arg>
<msg timestamp="20220709 20:23:07.210" level="INFO">${payload} = {'email': 'christopher28@example.com', 'password': 'mT+3JiK3C_'}</msg>
<status status="PASS" starttime="20220709 20:23:07.206" endtime="20220709 20:23:07.210"/>
</kw>
<kw name="Set Global Variable" library="BuiltIn">
<arg>${payload}</arg>
<doc>Makes a variable available globally in all tests and suites.</doc>
<msg timestamp="20220709 20:23:07.211" level="INFO">${payload} = {'email': 'christopher28@example.com', 'password': 'mT+3JiK3C_'}</msg>
<status status="PASS" starttime="20220709 20:23:07.210" endtime="20220709 20:23:07.211"/>
</kw>
<status status="PASS" starttime="20220709 20:23:07.144" endtime="20220709 20:23:07.211"/>
</kw>
<kw name="POST endpoint /login" library="login_keywords">
<kw name="POST On Session" library="RequestsLibrary">
<var>${response_login}</var>
<arg>serverest</arg>
<arg>/login</arg>
<arg>json=&amp;{payload}</arg>
<arg>expected_status=any</arg>
<doc>Sends a POST request on a previously created HTTP Session.</doc>
<msg timestamp="20220709 20:23:07.215" level="INFO">POST Request : url=http://localhost:3000/login 
 path_url=/login 
 headers={'User-Agent': 'python-requests/2.28.0', 'Accept-Encoding': 'gzip, deflate', 'Accept': '*/*', 'Connection': 'keep-alive', 'Content-Length': '64', 'Content-Type': 'application/json'} 
 body=b'{"email": "christopher28@example.com", "password": "mT+3JiK3C_"}' 
 </msg>
<msg timestamp="20220709 20:23:07.215" level="INFO">POST Response : url=http://localhost:3000/login 
 status=200, reason=OK 
 headers={'Access-Control-Allow-Origin': '*', 'x-dns-prefetch-control': 'off', 'x-frame-options': 'SAMEORIGIN', 'strict-transport-security': 'max-age=15552000; includeSubDomains', 'x-download-options': 'noopen', 'x-content-type-options': 'nosniff', 'x-xss-protection': '1; mode=block', 'x-moesif-transaction-id': '66247de8-fbff-47cb-b523-530a2d1992e7', 'Content-Type': 'application/json; charset=utf-8', 'Content-Length': '288', 'Date': 'Sat, 09 Jul 2022 23:23:07 GMT', 'Connection': 'keep-alive', 'Keep-Alive': 'timeout=5'} 
 body={
    "message": "Login realizado com sucesso",
    "authorization": "Bearer eyJhbGciOiJIUzI1NiIsInR5cCI6IkpXVCJ9.eyJlbWFpbCI6ImNocmlzdG9waGVyMjhAZXhhbXBsZS5jb20iLCJwYXNzd29yZCI6Im1UKzNKaUszQ18iLCJpYXQiOjE2NTc0MDg5ODcsImV4cCI6MTY1NzQwOTU4N30.ey9oMPAiHyGH2gxStKYZrvTZHE12XIRtNGkdeOOnYH4"
} 
 </msg>
<msg timestamp="20220709 20:23:07.215" level="INFO">${response_login} = &lt;Response [200]&gt;</msg>
<status status="PASS" starttime="20220709 20:23:07.212" endtime="20220709 20:23:07.215"/>
</kw>
<kw name="Log To Console" library="BuiltIn">
<arg>Response: ${response_login.content}</arg>
<doc>Logs the given message to the console.</doc>
<status status="PASS" starttime="20220709 20:23:07.215" endtime="20220709 20:23:07.216"/>
</kw>
<kw name="Set Global Variable" library="BuiltIn">
<arg>${response_login}</arg>
<doc>Makes a variable available globally in all tests and suites.</doc>
<msg timestamp="20220709 20:23:07.217" level="INFO">${response_login} = &lt;Response [200]&gt;</msg>
<status status="PASS" starttime="20220709 20:23:07.216" endtime="20220709 20:23:07.217"/>
</kw>
<status status="PASS" starttime="20220709 20:23:07.211" endtime="20220709 20:23:07.217"/>
</kw>
<kw name="Criar carrinho_valido estatico" library="carrinhos_keywords" sourcename="Criar ${tipo_carrinho} estatico">
<kw name="Importar JSON estatico" library="common">
<var>${json}</var>
<arg>json_carrinho_ex.json</arg>
<kw name="Get File" library="OperatingSystem">
<var>${arquivo}</var>
<arg>${EXECDIR}/support/fixtures/static/${nome_arquivo}</arg>
<doc>Returns the contents of a specified file.</doc>
<msg timestamp="20220709 20:23:07.218" level="INFO" html="true">Getting file '&lt;a href="file://C:\Users\Luana\Desktop\Robot\Dia_04\support\fixtures\static\json_carrinho_ex.json"&gt;C:\Users\Luana\Desktop\Robot\Dia_04\support\fixtures\static\json_carrinho_ex.json&lt;/a&gt;'.</msg>
<msg timestamp="20220709 20:23:07.219" level="INFO">${arquivo} = {
    "carrinho_valido":{  
        "produtos": [
          {
            "idProduto": "BeeJh5lz3k6kSIzA",
            "quantidade": 5
          },
          {
            "idProduto": "K6leHdftCeOJj8...</msg>
<status status="PASS" starttime="20220709 20:23:07.218" endtime="20220709 20:23:07.219"/>
</kw>
<kw name="Evaluate" library="BuiltIn">
<var>${data}</var>
<arg>json.loads('''${arquivo}''')</arg>
<arg>json</arg>
<doc>Evaluates the given expression in Python and returns the result.</doc>
<msg timestamp="20220709 20:23:07.219" level="INFO">${data} = {'carrinho_valido': {'produtos': [{'idProduto': 'BeeJh5lz3k6kSIzA', 'quantidade': 5}, {'idProduto': 'K6leHdftCeOJj8BJ', 'quantidade': 10}]}, 'carrinho_invalido': {'produtos': [{'idProduto': 'PRODUTO_I...</msg>
<status status="PASS" starttime="20220709 20:23:07.219" endtime="20220709 20:23:07.219"/>
</kw>
<msg timestamp="20220709 20:23:07.220" level="INFO">${json} = {'carrinho_valido': {'produtos': [{'idProduto': 'BeeJh5lz3k6kSIzA', 'quantidade': 5}, {'idProduto': 'K6leHdftCeOJj8BJ', 'quantidade': 10}]}, 'carrinho_invalido': {'produtos': [{'idProduto': 'PRODUTO_I...</msg>
<status status="PASS" starttime="20220709 20:23:07.218" endtime="20220709 20:23:07.220"/>
</kw>
<kw name="Set Variable" library="BuiltIn">
<var>${payload}</var>
<arg>${json["${tipo_carrinho}"]}</arg>
<doc>Returns the given values which can then be assigned to a variables.</doc>
<msg timestamp="20220709 20:23:07.220" level="INFO">${payload} = {'produtos': [{'idProduto': 'BeeJh5lz3k6kSIzA', 'quantidade': 5}, {'idProduto': 'K6leHdftCeOJj8BJ', 'quantidade': 10}]}</msg>
<status status="PASS" starttime="20220709 20:23:07.220" endtime="20220709 20:23:07.220"/>
</kw>
<kw name="Set Global Variable" library="BuiltIn">
<arg>${payload}</arg>
<doc>Makes a variable available globally in all tests and suites.</doc>
<msg timestamp="20220709 20:23:07.221" level="INFO">${payload} = {'produtos': [{'idProduto': 'BeeJh5lz3k6kSIzA', 'quantidade': 5}, {'idProduto': 'K6leHdftCeOJj8BJ', 'quantidade': 10}]}</msg>
<status status="PASS" starttime="20220709 20:23:07.220" endtime="20220709 20:23:07.221"/>
</kw>
<status status="PASS" starttime="20220709 20:23:07.217" endtime="20220709 20:23:07.221"/>
</kw>
<kw name="POST endpoint /carrinhos" library="carrinhos_keywords">
<kw name="Create Dictionary" library="BuiltIn">
<var>&amp;{header}</var>
<arg>Authorization=${token_auth}</arg>
<doc>Creates and returns a dictionary based on the given ``items``.</doc>
<msg timestamp="20220709 20:23:07.223" level="INFO">&amp;{header} = { Authorization=Bearer eyJhbGciOiJIUzI1NiIsInR5cCI6IkpXVCJ9.eyJlbWFpbCI6ImNocmlzdG9waGVyMjhAZXhhbXBsZS5jb20iLCJwYXNzd29yZCI6Im1UKzNKaUszQ18iLCJpYXQiOjE2NTc0MDg5ODcsImV4cCI6MTY1NzQwOTU4N30.ey9oMPAiHyGH...</msg>
<status status="PASS" starttime="20220709 20:23:07.223" endtime="20220709 20:23:07.223"/>
</kw>
<kw name="POST On Session" library="RequestsLibrary">
<var>${response}</var>
<arg>serverest</arg>
<arg>/carrinhos</arg>
<arg>json=&amp;{payload}</arg>
<arg>headers=${header}</arg>
<arg>expected_status=any</arg>
<doc>Sends a POST request on a previously created HTTP Session.</doc>
<msg timestamp="20220709 20:23:07.229" level="INFO">POST Request : url=http://localhost:3000/carrinhos 
 path_url=/carrinhos 
 headers={'User-Agent': 'python-requests/2.28.0', 'Accept-Encoding': 'gzip, deflate', 'Accept': '*/*', 'Connection': 'keep-alive', 'Authorization': 'Bearer eyJhbGciOiJIUzI1NiIsInR5cCI6IkpXVCJ9.eyJlbWFpbCI6ImNocmlzdG9waGVyMjhAZXhhbXBsZS5jb20iLCJwYXNzd29yZCI6Im1UKzNKaUszQ18iLCJpYXQiOjE2NTc0MDg5ODcsImV4cCI6MTY1NzQwOTU4N30.ey9oMPAiHyGH2gxStKYZrvTZHE12XIRtNGkdeOOnYH4', 'Content-Length': '119', 'Content-Type': 'application/json'} 
 body=b'{"produtos": [{"idProduto": "BeeJh5lz3k6kSIzA", "quantidade": 5}, {"idProduto": "K6leHdftCeOJj8BJ", "quantidade": 10}]}' 
 </msg>
<msg timestamp="20220709 20:23:07.229" level="INFO">POST Response : url=http://localhost:3000/carrinhos 
 status=201, reason=Created 
 headers={'Access-Control-Allow-Origin': '*', 'x-dns-prefetch-control': 'off', 'x-frame-options': 'SAMEORIGIN', 'strict-transport-security': 'max-age=15552000; includeSubDomains', 'x-download-options': 'noopen', 'x-content-type-options': 'nosniff', 'x-xss-protection': '1; mode=block', 'x-moesif-transaction-id': 'c9b919f6-2db6-4cc7-939d-7b4941cb13db', 'Content-Type': 'application/json; charset=utf-8', 'Content-Length': '82', 'Date': 'Sat, 09 Jul 2022 23:23:07 GMT', 'Connection': 'keep-alive', 'Keep-Alive': 'timeout=5'} 
 body={
    "message": "Cadastro realizado com sucesso",
    "_id": "rJ1jFZmw607mbeDD"
} 
 </msg>
<msg timestamp="20220709 20:23:07.229" level="INFO">${response} = &lt;Response [201]&gt;</msg>
<status status="PASS" starttime="20220709 20:23:07.223" endtime="20220709 20:23:07.229"/>
</kw>
<kw name="Log To Console" library="BuiltIn">
<arg>Response: ${response.content}</arg>
<doc>Logs the given message to the console.</doc>
<status status="PASS" starttime="20220709 20:23:07.229" endtime="20220709 20:23:07.230"/>
</kw>
<kw name="Set Global Variable" library="BuiltIn">
<arg>${response}</arg>
<doc>Makes a variable available globally in all tests and suites.</doc>
<msg timestamp="20220709 20:23:07.231" level="INFO">${response} = &lt;Response [201]&gt;</msg>
<status status="PASS" starttime="20220709 20:23:07.230" endtime="20220709 20:23:07.231"/>
</kw>
<status status="PASS" starttime="20220709 20:23:07.222" endtime="20220709 20:23:07.231"/>
</kw>
<kw name="POST endpoint /carrinhos" library="carrinhos_keywords">
<kw name="Create Dictionary" library="BuiltIn">
<var>&amp;{header}</var>
<arg>Authorization=${token_auth}</arg>
<doc>Creates and returns a dictionary based on the given ``items``.</doc>
<msg timestamp="20220709 20:23:07.232" level="INFO">&amp;{header} = { Authorization=Bearer eyJhbGciOiJIUzI1NiIsInR5cCI6IkpXVCJ9.eyJlbWFpbCI6ImNocmlzdG9waGVyMjhAZXhhbXBsZS5jb20iLCJwYXNzd29yZCI6Im1UKzNKaUszQ18iLCJpYXQiOjE2NTc0MDg5ODcsImV4cCI6MTY1NzQwOTU4N30.ey9oMPAiHyGH...</msg>
<status status="PASS" starttime="20220709 20:23:07.232" endtime="20220709 20:23:07.232"/>
</kw>
<kw name="POST On Session" library="RequestsLibrary">
<var>${response}</var>
<arg>serverest</arg>
<arg>/carrinhos</arg>
<arg>json=&amp;{payload}</arg>
<arg>headers=${header}</arg>
<arg>expected_status=any</arg>
<doc>Sends a POST request on a previously created HTTP Session.</doc>
<msg timestamp="20220709 20:23:07.237" level="INFO">POST Request : url=http://localhost:3000/carrinhos 
 path_url=/carrinhos 
 headers={'User-Agent': 'python-requests/2.28.0', 'Accept-Encoding': 'gzip, deflate', 'Accept': '*/*', 'Connection': 'keep-alive', 'Authorization': 'Bearer eyJhbGciOiJIUzI1NiIsInR5cCI6IkpXVCJ9.eyJlbWFpbCI6ImNocmlzdG9waGVyMjhAZXhhbXBsZS5jb20iLCJwYXNzd29yZCI6Im1UKzNKaUszQ18iLCJpYXQiOjE2NTc0MDg5ODcsImV4cCI6MTY1NzQwOTU4N30.ey9oMPAiHyGH2gxStKYZrvTZHE12XIRtNGkdeOOnYH4', 'Content-Length': '119', 'Content-Type': 'application/json'} 
 body=b'{"produtos": [{"idProduto": "BeeJh5lz3k6kSIzA", "quantidade": 5}, {"idProduto": "K6leHdftCeOJj8BJ", "quantidade": 10}]}' 
 </msg>
<msg timestamp="20220709 20:23:07.237" level="INFO">POST Response : url=http://localhost:3000/carrinhos 
 status=400, reason=Bad Request 
 headers={'Access-Control-Allow-Origin': '*', 'x-dns-prefetch-control': 'off', 'x-frame-options': 'SAMEORIGIN', 'strict-transport-security': 'max-age=15552000; includeSubDomains', 'x-download-options': 'noopen', 'x-content-type-options': 'nosniff', 'x-xss-protection': '1; mode=block', 'x-moesif-transaction-id': 'b287e9a6-af67-4e1e-89c2-e1934bea6a5a', 'Content-Type': 'application/json; charset=utf-8', 'Content-Length': '61', 'Date': 'Sat, 09 Jul 2022 23:23:07 GMT', 'Connection': 'keep-alive', 'Keep-Alive': 'timeout=5'} 
 body={
    "message": "Não é permitido ter mais de 1 carrinho"
} 
 </msg>
<msg timestamp="20220709 20:23:07.237" level="INFO">${response} = &lt;Response [400]&gt;</msg>
<status status="PASS" starttime="20220709 20:23:07.232" endtime="20220709 20:23:07.237"/>
</kw>
<kw name="Log To Console" library="BuiltIn">
<arg>Response: ${response.content}</arg>
<doc>Logs the given message to the console.</doc>
<status status="PASS" starttime="20220709 20:23:07.237" endtime="20220709 20:23:07.239"/>
</kw>
<kw name="Set Global Variable" library="BuiltIn">
<arg>${response}</arg>
<doc>Makes a variable available globally in all tests and suites.</doc>
<msg timestamp="20220709 20:23:07.239" level="INFO">${response} = &lt;Response [400]&gt;</msg>
<status status="PASS" starttime="20220709 20:23:07.239" endtime="20220709 20:23:07.239"/>
</kw>
<status status="PASS" starttime="20220709 20:23:07.231" endtime="20220709 20:23:07.239"/>
</kw>
<kw name="Validar status code &quot;400&quot;" library="common" sourcename="Validar status code &quot;${statuscode}&quot;">
<kw name="Should Be True" library="BuiltIn">
<arg>${response.status_code} == ${statuscode}</arg>
<doc>Fails if the given condition is not true.</doc>
<status status="PASS" starttime="20220709 20:23:07.240" endtime="20220709 20:23:07.241"/>
</kw>
<status status="PASS" starttime="20220709 20:23:07.240" endtime="20220709 20:23:07.241"/>
</kw>
<kw name="Validar a Mensagem &quot;Não é permitido ter mais de 1 carrinho&quot;" library="common" sourcename="Validar a mensagem &quot;${mensagem}&quot;">
<kw name="Should Be Equal" library="BuiltIn">
<arg>${response.json()["message"]}</arg>
<arg>${mensagem}</arg>
<doc>Fails if the given objects are unequal.</doc>
<status status="PASS" starttime="20220709 20:23:07.242" endtime="20220709 20:23:07.242"/>
</kw>
<status status="PASS" starttime="20220709 20:23:07.242" endtime="20220709 20:23:07.243"/>
</kw>
<tag>POST</tag>
<tag>POST.CARRINHO.MAIS.UM</tag>
<status status="PASS" starttime="20220709 20:23:07.143" endtime="20220709 20:23:07.243"/>
</test>
<test id="s1-s1-t7" name="Cenario: POST Cadastrar Carrinho Com Produto Invalido 400" line="57">
<kw name="Criar usuario adm=true e guardar dados de login" library="login_keywords" sourcename="Criar usuario adm=${tipo_de_usuario} e guardar dados de login">
<kw name="Criar dados dinamico usuario" library="dynamics">
<arg>adm=${tipo_de_usuario}</arg>
<kw name="Criar Usuario Dinamico" library="python_functions">
<var>${payload}</var>
<arg>${campo}</arg>
<arg>${adm}</arg>
<msg timestamp="20220709 20:23:07.302" level="INFO">${payload} = {'nome': 'Tanya Cordova', 'email': 'brooksmarcus@example.com', 'password': '2we9+EOy(m', 'administrador': 'true'}</msg>
<status status="PASS" starttime="20220709 20:23:07.245" endtime="20220709 20:23:07.302"/>
</kw>
<kw name="Set Global Variable" library="BuiltIn">
<arg>${payload}</arg>
<doc>Makes a variable available globally in all tests and suites.</doc>
<msg timestamp="20220709 20:23:07.303" level="INFO">${payload} = {'nome': 'Tanya Cordova', 'email': 'brooksmarcus@example.com', 'password': '2we9+EOy(m', 'administrador': 'true'}</msg>
<status status="PASS" starttime="20220709 20:23:07.302" endtime="20220709 20:23:07.303"/>
</kw>
<status status="PASS" starttime="20220709 20:23:07.245" endtime="20220709 20:23:07.303"/>
</kw>
<kw name="POST endpoint /usuarios" library="usuarios_keywords">
<kw name="POST On Session" library="RequestsLibrary">
<var>${response}</var>
<arg>serverest</arg>
<arg>/usuarios</arg>
<arg>json=&amp;{payload}</arg>
<arg>expected_status=any</arg>
<doc>Sends a POST request on a previously created HTTP Session.</doc>
<msg timestamp="20220709 20:23:07.308" level="INFO">POST Request : url=http://localhost:3000/usuarios 
 path_url=/usuarios 
 headers={'User-Agent': 'python-requests/2.28.0', 'Accept-Encoding': 'gzip, deflate', 'Accept': '*/*', 'Connection': 'keep-alive', 'Content-Length': '113', 'Content-Type': 'application/json'} 
 body=b'{"nome": "Tanya Cordova", "email": "brooksmarcus@example.com", "password": "2we9+EOy(m", "administrador": "true"}' 
 </msg>
<msg timestamp="20220709 20:23:07.308" level="INFO">POST Response : url=http://localhost:3000/usuarios 
 status=201, reason=Created 
 headers={'Access-Control-Allow-Origin': '*', 'x-dns-prefetch-control': 'off', 'x-frame-options': 'SAMEORIGIN', 'strict-transport-security': 'max-age=15552000; includeSubDomains', 'x-download-options': 'noopen', 'x-content-type-options': 'nosniff', 'x-xss-protection': '1; mode=block', 'x-moesif-transaction-id': '41f6b43a-ed0e-44eb-adc4-913796dd881c', 'Content-Type': 'application/json; charset=utf-8', 'Content-Length': '82', 'Date': 'Sat, 09 Jul 2022 23:23:07 GMT', 'Connection': 'keep-alive', 'Keep-Alive': 'timeout=5'} 
 body={
    "message": "Cadastro realizado com sucesso",
    "_id": "6nVlijDpHJ12zYgr"
} 
 </msg>
<msg timestamp="20220709 20:23:07.308" level="INFO">${response} = &lt;Response [201]&gt;</msg>
<status status="PASS" starttime="20220709 20:23:07.303" endtime="20220709 20:23:07.308"/>
</kw>
<kw name="Log To Console" library="BuiltIn">
<arg>Response: ${response.content}</arg>
<doc>Logs the given message to the console.</doc>
<status status="PASS" starttime="20220709 20:23:07.308" endtime="20220709 20:23:07.309"/>
</kw>
<kw name="Set Global Variable" library="BuiltIn">
<arg>${response}</arg>
<doc>Makes a variable available globally in all tests and suites.</doc>
<msg timestamp="20220709 20:23:07.310" level="INFO">${response} = &lt;Response [201]&gt;</msg>
<status status="PASS" starttime="20220709 20:23:07.309" endtime="20220709 20:23:07.310"/>
</kw>
<status status="PASS" starttime="20220709 20:23:07.303" endtime="20220709 20:23:07.310"/>
</kw>
<kw name="Set Variable" library="BuiltIn">
<var>${id_usuario}</var>
<arg>${response.json()["_id"]}</arg>
<doc>Returns the given values which can then be assigned to a variables.</doc>
<msg timestamp="20220709 20:23:07.310" level="INFO">${id_usuario} = 6nVlijDpHJ12zYgr</msg>
<status status="PASS" starttime="20220709 20:23:07.310" endtime="20220709 20:23:07.310"/>
</kw>
<kw name="Set Global Variable" library="BuiltIn">
<arg>${id_usuario}</arg>
<doc>Makes a variable available globally in all tests and suites.</doc>
<msg timestamp="20220709 20:23:07.310" level="INFO">${id_usuario} = 6nVlijDpHJ12zYgr</msg>
<status status="PASS" starttime="20220709 20:23:07.310" endtime="20220709 20:23:07.310"/>
</kw>
<kw name="Pegar Dados Login Usuario" library="python_functions">
<var>${payload}</var>
<arg>${id_usuario}</arg>
<msg timestamp="20220709 20:23:07.314" level="INFO">${payload} = {'email': 'brooksmarcus@example.com', 'password': '2we9+EOy(m'}</msg>
<status status="PASS" starttime="20220709 20:23:07.310" endtime="20220709 20:23:07.314"/>
</kw>
<kw name="Set Global Variable" library="BuiltIn">
<arg>${payload}</arg>
<doc>Makes a variable available globally in all tests and suites.</doc>
<msg timestamp="20220709 20:23:07.314" level="INFO">${payload} = {'email': 'brooksmarcus@example.com', 'password': '2we9+EOy(m'}</msg>
<status status="PASS" starttime="20220709 20:23:07.314" endtime="20220709 20:23:07.314"/>
</kw>
<status status="PASS" starttime="20220709 20:23:07.245" endtime="20220709 20:23:07.314"/>
</kw>
<kw name="POST endpoint /login" library="login_keywords">
<kw name="POST On Session" library="RequestsLibrary">
<var>${response_login}</var>
<arg>serverest</arg>
<arg>/login</arg>
<arg>json=&amp;{payload}</arg>
<arg>expected_status=any</arg>
<doc>Sends a POST request on a previously created HTTP Session.</doc>
<msg timestamp="20220709 20:23:07.320" level="INFO">POST Request : url=http://localhost:3000/login 
 path_url=/login 
 headers={'User-Agent': 'python-requests/2.28.0', 'Accept-Encoding': 'gzip, deflate', 'Accept': '*/*', 'Connection': 'keep-alive', 'Content-Length': '63', 'Content-Type': 'application/json'} 
 body=b'{"email": "brooksmarcus@example.com", "password": "2we9+EOy(m"}' 
 </msg>
<msg timestamp="20220709 20:23:07.321" level="INFO">POST Response : url=http://localhost:3000/login 
 status=200, reason=OK 
 headers={'Access-Control-Allow-Origin': '*', 'x-dns-prefetch-control': 'off', 'x-frame-options': 'SAMEORIGIN', 'strict-transport-security': 'max-age=15552000; includeSubDomains', 'x-download-options': 'noopen', 'x-content-type-options': 'nosniff', 'x-xss-protection': '1; mode=block', 'x-moesif-transaction-id': '605698f1-b81e-4baf-adbd-80a071969f7b', 'Content-Type': 'application/json; charset=utf-8', 'Content-Length': '287', 'Date': 'Sat, 09 Jul 2022 23:23:07 GMT', 'Connection': 'keep-alive', 'Keep-Alive': 'timeout=5'} 
 body={
    "message": "Login realizado com sucesso",
    "authorization": "Bearer eyJhbGciOiJIUzI1NiIsInR5cCI6IkpXVCJ9.eyJlbWFpbCI6ImJyb29rc21hcmN1c0BleGFtcGxlLmNvbSIsInBhc3N3b3JkIjoiMndlOStFT3kobSIsImlhdCI6MTY1NzQwODk4NywiZXhwIjoxNjU3NDA5NTg3fQ.lcMyAosTBsTW_LqpNAw_-HS5XYaTXSYnW81wzz4cOcc"
} 
 </msg>
<msg timestamp="20220709 20:23:07.321" level="INFO">${response_login} = &lt;Response [200]&gt;</msg>
<status status="PASS" starttime="20220709 20:23:07.315" endtime="20220709 20:23:07.321"/>
</kw>
<kw name="Log To Console" library="BuiltIn">
<arg>Response: ${response_login.content}</arg>
<doc>Logs the given message to the console.</doc>
<status status="PASS" starttime="20220709 20:23:07.321" endtime="20220709 20:23:07.323"/>
</kw>
<kw name="Set Global Variable" library="BuiltIn">
<arg>${response_login}</arg>
<doc>Makes a variable available globally in all tests and suites.</doc>
<msg timestamp="20220709 20:23:07.323" level="INFO">${response_login} = &lt;Response [200]&gt;</msg>
<status status="PASS" starttime="20220709 20:23:07.323" endtime="20220709 20:23:07.323"/>
</kw>
<status status="PASS" starttime="20220709 20:23:07.315" endtime="20220709 20:23:07.325"/>
</kw>
<kw name="Criar carrinho_invalido estatico" library="carrinhos_keywords" sourcename="Criar ${tipo_carrinho} estatico">
<kw name="Importar JSON estatico" library="common">
<var>${json}</var>
<arg>json_carrinho_ex.json</arg>
<kw name="Get File" library="OperatingSystem">
<var>${arquivo}</var>
<arg>${EXECDIR}/support/fixtures/static/${nome_arquivo}</arg>
<doc>Returns the contents of a specified file.</doc>
<msg timestamp="20220709 20:23:07.325" level="INFO" html="true">Getting file '&lt;a href="file://C:\Users\Luana\Desktop\Robot\Dia_04\support\fixtures\static\json_carrinho_ex.json"&gt;C:\Users\Luana\Desktop\Robot\Dia_04\support\fixtures\static\json_carrinho_ex.json&lt;/a&gt;'.</msg>
<msg timestamp="20220709 20:23:07.325" level="INFO">${arquivo} = {
    "carrinho_valido":{  
        "produtos": [
          {
            "idProduto": "BeeJh5lz3k6kSIzA",
            "quantidade": 5
          },
          {
            "idProduto": "K6leHdftCeOJj8...</msg>
<status status="PASS" starttime="20220709 20:23:07.325" endtime="20220709 20:23:07.325"/>
</kw>
<kw name="Evaluate" library="BuiltIn">
<var>${data}</var>
<arg>json.loads('''${arquivo}''')</arg>
<arg>json</arg>
<doc>Evaluates the given expression in Python and returns the result.</doc>
<msg timestamp="20220709 20:23:07.327" level="INFO">${data} = {'carrinho_valido': {'produtos': [{'idProduto': 'BeeJh5lz3k6kSIzA', 'quantidade': 5}, {'idProduto': 'K6leHdftCeOJj8BJ', 'quantidade': 10}]}, 'carrinho_invalido': {'produtos': [{'idProduto': 'PRODUTO_I...</msg>
<status status="PASS" starttime="20220709 20:23:07.327" endtime="20220709 20:23:07.327"/>
</kw>
[...]
 headers={'Access-Control-Allow-Origin': '*', 'x-dns-prefetch-control': 'off', 'x-frame-options': 'SAMEORIGIN', 'strict-transport-security': 'max-age=15552000; includeSubDomains', 'x-download-options': 'noopen', 'x-content-type-options': 'nosniff', 'x-xss-protection': '1; mode=block', 'x-moesif-transaction-id': '6d5ebd48-1a1e-4eb0-8b82-83b2d4feebc9', 'Content-Type': 'application/json; charset=utf-8', 'Content-Length': '82', 'Date': 'Sat, 09 Jul 2022 23:23:09 GMT', 'Connection': 'keep-alive', 'Keep-Alive': 'timeout=5'} 
 body={
    "message": "Cadastro realizado com sucesso",
    "_id": "bhTDZQm2eZoND2V0"
} 
 </msg>
<msg timestamp="20220709 20:23:09.907" level="INFO">${response} = &lt;Response [201]&gt;</msg>
<status status="PASS" starttime="20220709 20:23:09.902" endtime="20220709 20:23:09.907"/>
</kw>
<kw name="Log To Console" library="BuiltIn">
<arg>Response: ${response.content}</arg>
<doc>Logs the given message to the console.</doc>
<status status="PASS" starttime="20220709 20:23:09.907" endtime="20220709 20:23:09.908"/>
</kw>
<kw name="Set Global Variable" library="BuiltIn">
<arg>${response}</arg>
<doc>Makes a variable available globally in all tests and suites.</doc>
<msg timestamp="20220709 20:23:09.909" level="INFO">${response} = &lt;Response [201]&gt;</msg>
<status status="PASS" starttime="20220709 20:23:09.908" endtime="20220709 20:23:09.909"/>
</kw>
<status status="PASS" starttime="20220709 20:23:09.902" endtime="20220709 20:23:09.909"/>
</kw>
<kw name="Set Variable" library="BuiltIn">
<var>${id_usuario}</var>
<arg>${response.json()["_id"]}</arg>
<doc>Returns the given values which can then be assigned to a variables.</doc>
<msg timestamp="20220709 20:23:09.909" level="INFO">${id_usuario} = bhTDZQm2eZoND2V0</msg>
<status status="PASS" starttime="20220709 20:23:09.909" endtime="20220709 20:23:09.909"/>
</kw>
<kw name="Set Global Variable" library="BuiltIn">
<arg>${id_usuario}</arg>
<doc>Makes a variable available globally in all tests and suites.</doc>
<msg timestamp="20220709 20:23:09.910" level="INFO">${id_usuario} = bhTDZQm2eZoND2V0</msg>
<status status="PASS" starttime="20220709 20:23:09.910" endtime="20220709 20:23:09.910"/>
</kw>
<kw name="Pegar Dados Login Usuario" library="python_functions">
<var>${payload}</var>
<arg>${id_usuario}</arg>
<msg timestamp="20220709 20:23:09.914" level="INFO">${payload} = {'email': 'madisondouglas@example.net', 'password': '@3W2WdezeK'}</msg>
<status status="PASS" starttime="20220709 20:23:09.910" endtime="20220709 20:23:09.914"/>
</kw>
<kw name="Set Global Variable" library="BuiltIn">
<arg>${payload}</arg>
<doc>Makes a variable available globally in all tests and suites.</doc>
<msg timestamp="20220709 20:23:09.915" level="INFO">${payload} = {'email': 'madisondouglas@example.net', 'password': '@3W2WdezeK'}</msg>
<status status="PASS" starttime="20220709 20:23:09.914" endtime="20220709 20:23:09.915"/>
</kw>
<status status="PASS" starttime="20220709 20:23:09.845" endtime="20220709 20:23:09.915"/>
</kw>
<kw name="POST endpoint /login" library="login_keywords">
<kw name="POST On Session" library="RequestsLibrary">
<var>${response_login}</var>
<arg>serverest</arg>
<arg>/login</arg>
<arg>json=&amp;{payload}</arg>
<arg>expected_status=any</arg>
<doc>Sends a POST request on a previously created HTTP Session.</doc>
<msg timestamp="20220709 20:23:09.919" level="INFO">POST Request : url=http://localhost:3000/login 
 path_url=/login 
 headers={'User-Agent': 'python-requests/2.28.0', 'Accept-Encoding': 'gzip, deflate', 'Accept': '*/*', 'Connection': 'keep-alive', 'Content-Length': '65', 'Content-Type': 'application/json'} 
 body=b'{"email": "madisondouglas@example.net", "password": "@3W2WdezeK"}' 
 </msg>
<msg timestamp="20220709 20:23:09.919" level="INFO">POST Response : url=http://localhost:3000/login 
 status=200, reason=OK 
 headers={'Access-Control-Allow-Origin': '*', 'x-dns-prefetch-control': 'off', 'x-frame-options': 'SAMEORIGIN', 'strict-transport-security': 'max-age=15552000; includeSubDomains', 'x-download-options': 'noopen', 'x-content-type-options': 'nosniff', 'x-xss-protection': '1; mode=block', 'x-moesif-transaction-id': 'b8d94c10-3629-4ff9-94e6-85db9cb564fc', 'Content-Type': 'application/json; charset=utf-8', 'Content-Length': '289', 'Date': 'Sat, 09 Jul 2022 23:23:09 GMT', 'Connection': 'keep-alive', 'Keep-Alive': 'timeout=5'} 
 body={
    "message": "Login realizado com sucesso",
    "authorization": "Bearer eyJhbGciOiJIUzI1NiIsInR5cCI6IkpXVCJ9.eyJlbWFpbCI6Im1hZGlzb25kb3VnbGFzQGV4YW1wbGUubmV0IiwicGFzc3dvcmQiOiJAM1cyV2RlemVLIiwiaWF0IjoxNjU3NDA4OTg5LCJleHAiOjE2NTc0MDk1ODl9.ORZoDNLlwC339GaFJ3wnMKUfg0KI_B4weg5u6bM9mIY"
} 
 </msg>
<msg timestamp="20220709 20:23:09.919" level="INFO">${response_login} = &lt;Response [200]&gt;</msg>
<status status="PASS" starttime="20220709 20:23:09.916" endtime="20220709 20:23:09.919"/>
</kw>
<kw name="Log To Console" library="BuiltIn">
<arg>Response: ${response_login.content}</arg>
<doc>Logs the given message to the console.</doc>
<status status="PASS" starttime="20220709 20:23:09.919" endtime="20220709 20:23:09.920"/>
</kw>
<kw name="Set Global Variable" library="BuiltIn">
<arg>${response_login}</arg>
<doc>Makes a variable available globally in all tests and suites.</doc>
<msg timestamp="20220709 20:23:09.921" level="INFO">${response_login} = &lt;Response [200]&gt;</msg>
<status status="PASS" starttime="20220709 20:23:09.920" endtime="20220709 20:23:09.921"/>
</kw>
<status status="PASS" starttime="20220709 20:23:09.915" endtime="20220709 20:23:09.921"/>
</kw>
<kw name="Criar carrinho_valido estatico" library="carrinhos_keywords" sourcename="Criar ${tipo_carrinho} estatico">
<kw name="Importar JSON estatico" library="common">
<var>${json}</var>
<arg>json_carrinho_ex.json</arg>
<kw name="Get File" library="OperatingSystem">
<var>${arquivo}</var>
<arg>${EXECDIR}/support/fixtures/static/${nome_arquivo}</arg>
<doc>Returns the contents of a specified file.</doc>
<msg timestamp="20220709 20:23:09.922" level="INFO" html="true">Getting file '&lt;a href="file://C:\Users\Luana\Desktop\Robot\Dia_04\support\fixtures\static\json_carrinho_ex.json"&gt;C:\Users\Luana\Desktop\Robot\Dia_04\support\fixtures\static\json_carrinho_ex.json&lt;/a&gt;'.</msg>
<msg timestamp="20220709 20:23:09.923" level="INFO">${arquivo} = {
    "carrinho_valido":{  
        "produtos": [
          {
            "idProduto": "BeeJh5lz3k6kSIzA",
            "quantidade": 5
          },
          {
            "idProduto": "K6leHdftCeOJj8...</msg>
<status status="PASS" starttime="20220709 20:23:09.922" endtime="20220709 20:23:09.923"/>
</kw>
<kw name="Evaluate" library="BuiltIn">
<var>${data}</var>
<arg>json.loads('''${arquivo}''')</arg>
<arg>json</arg>
<doc>Evaluates the given expression in Python and returns the result.</doc>
<msg timestamp="20220709 20:23:09.923" level="INFO">${data} = {'carrinho_valido': {'produtos': [{'idProduto': 'BeeJh5lz3k6kSIzA', 'quantidade': 5}, {'idProduto': 'K6leHdftCeOJj8BJ', 'quantidade': 10}]}, 'carrinho_invalido': {'produtos': [{'idProduto': 'PRODUTO_I...</msg>
<status status="PASS" starttime="20220709 20:23:09.923" endtime="20220709 20:23:09.923"/>
</kw>
<msg timestamp="20220709 20:23:09.923" level="INFO">${json} = {'carrinho_valido': {'produtos': [{'idProduto': 'BeeJh5lz3k6kSIzA', 'quantidade': 5}, {'idProduto': 'K6leHdftCeOJj8BJ', 'quantidade': 10}]}, 'carrinho_invalido': {'produtos': [{'idProduto': 'PRODUTO_I...</msg>
<status status="PASS" starttime="20220709 20:23:09.922" endtime="20220709 20:23:09.923"/>
</kw>
<kw name="Set Variable" library="BuiltIn">
<var>${payload}</var>
<arg>${json["${tipo_carrinho}"]}</arg>
<doc>Returns the given values which can then be assigned to a variables.</doc>
<msg timestamp="20220709 20:23:09.924" level="INFO">${payload} = {'produtos': [{'idProduto': 'BeeJh5lz3k6kSIzA', 'quantidade': 5}, {'idProduto': 'K6leHdftCeOJj8BJ', 'quantidade': 10}]}</msg>
<status status="PASS" starttime="20220709 20:23:09.924" endtime="20220709 20:23:09.924"/>
</kw>
<kw name="Set Global Variable" library="BuiltIn">
<arg>${payload}</arg>
<doc>Makes a variable available globally in all tests and suites.</doc>
<msg timestamp="20220709 20:23:09.925" level="INFO">${payload} = {'produtos': [{'idProduto': 'BeeJh5lz3k6kSIzA', 'quantidade': 5}, {'idProduto': 'K6leHdftCeOJj8BJ', 'quantidade': 10}]}</msg>
<status status="PASS" starttime="20220709 20:23:09.924" endtime="20220709 20:23:09.925"/>
</kw>
<status status="PASS" starttime="20220709 20:23:09.922" endtime="20220709 20:23:09.925"/>
</kw>
<kw name="POST endpoint /carrinhos" library="carrinhos_keywords">
<kw name="Create Dictionary" library="BuiltIn">
<var>&amp;{header}</var>
<arg>Authorization=${token_auth}</arg>
<doc>Creates and returns a dictionary based on the given ``items``.</doc>
<msg timestamp="20220709 20:23:09.926" level="INFO">&amp;{header} = { Authorization=Bearer eyJhbGciOiJIUzI1NiIsInR5cCI6IkpXVCJ9.eyJlbWFpbCI6Im1hZGlzb25kb3VnbGFzQGV4YW1wbGUubmV0IiwicGFzc3dvcmQiOiJAM1cyV2RlemVLIiwiaWF0IjoxNjU3NDA4OTg5LCJleHAiOjE2NTc0MDk1ODl9.ORZoDNLlwC3...</msg>
<status status="PASS" starttime="20220709 20:23:09.926" endtime="20220709 20:23:09.927"/>
</kw>
<kw name="POST On Session" library="RequestsLibrary">
<var>${response}</var>
<arg>serverest</arg>
<arg>/carrinhos</arg>
<arg>json=&amp;{payload}</arg>
<arg>headers=${header}</arg>
<arg>expected_status=any</arg>
<doc>Sends a POST request on a previously created HTTP Session.</doc>
<msg timestamp="20220709 20:23:09.934" level="INFO">POST Request : url=http://localhost:3000/carrinhos 
 path_url=/carrinhos 
 headers={'User-Agent': 'python-requests/2.28.0', 'Accept-Encoding': 'gzip, deflate', 'Accept': '*/*', 'Connection': 'keep-alive', 'Authorization': 'Bearer eyJhbGciOiJIUzI1NiIsInR5cCI6IkpXVCJ9.eyJlbWFpbCI6Im1hZGlzb25kb3VnbGFzQGV4YW1wbGUubmV0IiwicGFzc3dvcmQiOiJAM1cyV2RlemVLIiwiaWF0IjoxNjU3NDA4OTg5LCJleHAiOjE2NTc0MDk1ODl9.ORZoDNLlwC339GaFJ3wnMKUfg0KI_B4weg5u6bM9mIY', 'Content-Length': '119', 'Content-Type': 'application/json'} 
 body=b'{"produtos": [{"idProduto": "BeeJh5lz3k6kSIzA", "quantidade": 5}, {"idProduto": "K6leHdftCeOJj8BJ", "quantidade": 10}]}' 
 </msg>
<msg timestamp="20220709 20:23:09.935" level="INFO">POST Response : url=http://localhost:3000/carrinhos 
 status=201, reason=Created 
 headers={'Access-Control-Allow-Origin': '*', 'x-dns-prefetch-control': 'off', 'x-frame-options': 'SAMEORIGIN', 'strict-transport-security': 'max-age=15552000; includeSubDomains', 'x-download-options': 'noopen', 'x-content-type-options': 'nosniff', 'x-xss-protection': '1; mode=block', 'x-moesif-transaction-id': 'f952d62d-4b1f-454c-87c5-e1d2c3ddb560', 'Content-Type': 'application/json; charset=utf-8', 'Content-Length': '82', 'Date': 'Sat, 09 Jul 2022 23:23:09 GMT', 'Connection': 'keep-alive', 'Keep-Alive': 'timeout=5'} 
 body={
    "message": "Cadastro realizado com sucesso",
    "_id": "vxmjjXPEtSnPjIKZ"
} 
 </msg>
<msg timestamp="20220709 20:23:09.935" level="INFO">${response} = &lt;Response [201]&gt;</msg>
<status status="PASS" starttime="20220709 20:23:09.927" endtime="20220709 20:23:09.935"/>
</kw>
<kw name="Log To Console" library="BuiltIn">
<arg>Response: ${response.content}</arg>
<doc>Logs the given message to the console.</doc>
<status status="PASS" starttime="20220709 20:23:09.935" endtime="20220709 20:23:09.937"/>
</kw>
<kw name="Set Global Variable" library="BuiltIn">
<arg>${response}</arg>
<doc>Makes a variable available globally in all tests and suites.</doc>
<msg timestamp="20220709 20:23:09.937" level="INFO">${response} = &lt;Response [201]&gt;</msg>
<status status="PASS" starttime="20220709 20:23:09.937" endtime="20220709 20:23:09.937"/>
</kw>
<status status="PASS" starttime="20220709 20:23:09.925" endtime="20220709 20:23:09.937"/>
</kw>
<kw name="DELETE endpoint /usuarios" library="usuarios_keywords">
<arg>${id_usuario}</arg>
<kw name="DELETE On Session" library="RequestsLibrary">
<var>${response}</var>
<arg>serverest</arg>
<arg>/usuarios/${id_usuario}</arg>
<arg>expected_status=any</arg>
<doc>Sends a DELETE request on a previously created HTTP Session.</doc>
<msg timestamp="20220709 20:23:09.940" level="INFO">DELETE Request : url=http://localhost:3000/usuarios/bhTDZQm2eZoND2V0 
 path_url=/usuarios/bhTDZQm2eZoND2V0 
 headers={'User-Agent': 'python-requests/2.28.0', 'Accept-Encoding': 'gzip, deflate', 'Accept': '*/*', 'Connection': 'keep-alive', 'Content-Length': '0'} 
 body=None 
 </msg>
<msg timestamp="20220709 20:23:09.940" level="INFO">DELETE Response : url=http://localhost:3000/usuarios/bhTDZQm2eZoND2V0 
 status=400, reason=Bad Request 
 headers={'Access-Control-Allow-Origin': '*', 'x-dns-prefetch-control': 'off', 'x-frame-options': 'SAMEORIGIN', 'strict-transport-security': 'max-age=15552000; includeSubDomains', 'x-download-options': 'noopen', 'x-content-type-options': 'nosniff', 'x-xss-protection': '1; mode=block', 'x-moesif-transaction-id': 'b6e61d65-3a7a-4b9d-a908-066dcc8a7835', 'Content-Type': 'application/json; charset=utf-8', 'Content-Length': '117', 'Date': 'Sat, 09 Jul 2022 23:23:09 GMT', 'Connection': 'keep-alive', 'Keep-Alive': 'timeout=5'} 
 body={
    "message": "Não é permitido excluir usuário com carrinho cadastrado",
    "idCarrinho": "vxmjjXPEtSnPjIKZ"
} 
 </msg>
<msg timestamp="20220709 20:23:09.940" level="INFO">${response} = &lt;Response [400]&gt;</msg>
<status status="PASS" starttime="20220709 20:23:09.937" endtime="20220709 20:23:09.940"/>
</kw>
<kw name="Log To Console" library="BuiltIn">
<arg>Response: ${response.content}</arg>
<doc>Logs the given message to the console.</doc>
<status status="PASS" starttime="20220709 20:23:09.941" endtime="20220709 20:23:09.941"/>
</kw>
<kw name="Set Global Variable" library="BuiltIn">
<arg>${response}</arg>
<doc>Makes a variable available globally in all tests and suites.</doc>
<msg timestamp="20220709 20:23:09.942" level="INFO">${response} = &lt;Response [400]&gt;</msg>
<status status="PASS" starttime="20220709 20:23:09.942" endtime="20220709 20:23:09.942"/>
</kw>
<status status="PASS" starttime="20220709 20:23:09.937" endtime="20220709 20:23:09.942"/>
</kw>
<kw name="Validar status code &quot;400&quot;" library="common" sourcename="Validar status code &quot;${statuscode}&quot;">
<kw name="Should Be True" library="BuiltIn">
<arg>${response.status_code} == ${statuscode}</arg>
<doc>Fails if the given condition is not true.</doc>
<status status="PASS" starttime="20220709 20:23:09.943" endtime="20220709 20:23:09.944"/>
</kw>
<status status="PASS" starttime="20220709 20:23:09.942" endtime="20220709 20:23:09.944"/>
</kw>
<kw name="Validar a Mensagem &quot;Não é permitido excluir usuário com carrinho cadastrado&quot;" library="common" sourcename="Validar a mensagem &quot;${mensagem}&quot;">
<kw name="Should Be Equal" library="BuiltIn">
<arg>${response.json()["message"]}</arg>
<arg>${mensagem}</arg>
<doc>Fails if the given objects are unequal.</doc>
<status status="PASS" starttime="20220709 20:23:09.944" endtime="20220709 20:23:09.945"/>
</kw>
<status status="PASS" starttime="20220709 20:23:09.944" endtime="20220709 20:23:09.945"/>
</kw>
<tag>DELETE</tag>
<tag>DELETE.USUARIO.CARRINHO</tag>
<status status="PASS" starttime="20220709 20:23:09.844" endtime="20220709 20:23:09.946"/>
</test>
<doc>Arquivo de testes para o endpoint /usuarios</doc>
<status status="PASS" starttime="20220709 20:23:08.909" endtime="20220709 20:23:09.947"/>
</suite>
<status status="FAIL" starttime="20220709 20:23:06.327" endtime="20220709 20:23:09.949"/>
</suite>
<statistics>
<total>
<stat pass="55" fail="2" skip="0">All Tests</stat>
</total>
<tag>
<stat pass="13" fail="1" skip="0">DELETE</stat>
<stat pass="1" fail="0" skip="0">DELETE.CARRINHO.CANCELAR.TOKEN</stat>
<stat pass="1" fail="0" skip="0">DELETE.CARRINHO.CONCLUIR.TOKEN</stat>
<stat pass="0" fail="1" skip="0">DELETE.COM.CARRINHO.CANCELAR</stat>
<stat pass="1" fail="0" skip="0">DELETE.COM.CARRINHO.CONCLUIR</stat>
<stat pass="1" fail="0" skip="0">DELETE.PRODUTO</stat>
<stat pass="1" fail="0" skip="0">DELETE.PRODUTO.CARRINHO</stat>
<stat pass="1" fail="0" skip="0">DELETE.PRODUTO.INEXISTENTE</stat>
<stat pass="1" fail="0" skip="0">DELETE.PRODUTO.NAO.ADM</stat>
<stat pass="1" fail="0" skip="0">DELETE.PRODUTO.TOKEN.INVALIDO</stat>
<stat pass="1" fail="0" skip="0">DELETE.SEM.CARRINHO.CANCELAR</stat>
<stat pass="1" fail="0" skip="0">DELETE.SEM.CARRINHO.CONCLUIR</stat>
<stat pass="1" fail="0" skip="0">DELETE.USUARIO</stat>
<stat pass="1" fail="0" skip="0">DELETE.USUARIO.CARRINHO</stat>
<stat pass="1" fail="0" skip="0">DELETE.USUARIO.INEXISTENTE</stat>
<stat pass="9" fail="0" skip="0">GET</stat>
<stat pass="1" fail="0" skip="0">GET.CARRINHO</stat>
<stat pass="1" fail="0" skip="0">GET.CARRINHO.ID.INVALIDO</stat>
<stat pass="1" fail="0" skip="0">GET.CARRINHOS</stat>
<stat pass="1" fail="0" skip="0">GET.PRODUTO</stat>
<stat pass="1" fail="0" skip="0">GET.PRODUTO.ID.INVALIDO</stat>
<stat pass="1" fail="0" skip="0">GET.PRODUTOS</stat>
<stat pass="1" fail="0" skip="0">GET.USUARIO</stat>
<stat pass="1" fail="0" skip="0">GET.USUARIO.ID.INVALIDO</stat>
<stat pass="1" fail="0" skip="0">GET.USUARIOS</stat>
<stat pass="23" fail="1" skip="0">POST</stat>
<stat pass="1" fail="0" skip="0">POST.CARRINHO</stat>
<stat pass="1" fail="0" skip="0">POST.CARRINHO.MAIS.UM</stat>
<stat pass="1" fail="0" skip="0">POST.CARRINHO.PRODUTO.DUPLICADO</stat>
<stat pass="1" fail="0" skip="0">POST.CARRINHO.PRODUTO.INVALIDO</stat>
<stat pass="1" fail="0" skip="0">POST.CARRINHO.QUANTIDADE.INSUFICIENTE</stat>
<stat pass="1" fail="0" skip="0">POST.CARRINHO.TOKEN.INVALIDO</stat>
<stat pass="1" fail="0" skip="0">POST.LOGIN</stat>
<stat pass="0" fail="1" skip="0">POST.LOGIN.INVALIDO</stat>
<stat pass="1" fail="0" skip="0">POST.LOGIN.SEM.EMAIL</stat>
<stat pass="1" fail="0" skip="0">POST.LOGIN.SEM.SENHA</stat>
<stat pass="1" fail="0" skip="0">POST.PRODUTO</stat>
<stat pass="1" fail="0" skip="0">POST.PRODUTO.NAO.ADM</stat>
<stat pass="1" fail="0" skip="0">POST.PRODUTO.NOME.UTILIZADO</stat>
<stat pass="1" fail="0" skip="0">POST.PRODUTO.PRECO.FLOAT</stat>
<stat pass="1" fail="0" skip="0">POST.PRODUTO.PRECO.NEGATIVO</stat>
<stat pass="1" fail="0" skip="0">POST.PRODUTO.QUANTIDADE.ALTA</stat>
<stat pass="1" fail="0" skip="0">POST.PRODUTO.QUANTIDADE.NEGATIVA</stat>
<stat pass="1" fail="0" skip="0">POST.PRODUTO.TOKEN.INVALIDO</stat>
<stat pass="1" fail="0" skip="0">POST.USUARIO</stat>
<stat pass="1" fail="0" skip="0">POST.USUARIO.EMAIL.UTILIZADO</stat>
<stat pass="1" fail="0" skip="0">POST.USUARIO.SEM.ADM</stat>
<stat pass="1" fail="0" skip="0">POST.USUARIO.SEM.EMAIL</stat>
<stat pass="1" fail="0" skip="0">POST.USUARIO.SEM.NOME</stat>
<stat pass="1" fail="0" skip="0">POST.USUARIO.SEM.SENHA</stat>
<stat pass="10" fail="0" skip="0">PUT</stat>
<stat pass="1" fail="0" skip="0">PUT.PRODUTO.NAO.ADM</stat>
<stat pass="1" fail="0" skip="0">PUT.PRODUTO.NAO.CADASTRADO</stat>
<stat pass="1" fail="0" skip="0">PUT.PRODUTO.NOME.UTILIZADO</stat>
<stat pass="1" fail="0" skip="0">PUT.PRODUTO.TODOS</stat>
<stat pass="1" fail="0" skip="0">PUT.PRODUTO.TOKEN.INVALIDO</stat>
<stat pass="1" fail="0" skip="0">PUT.PRODUTO.UM</stat>
<stat pass="1" fail="0" skip="0">PUT.USUARIO.EMAIL.UTILIZADO</stat>
<stat pass="1" fail="0" skip="0">PUT.USUARIO.NAO.CADASTRADO</stat>
<stat pass="1" fail="0" skip="0">PUT.USUARIO.TODOS</stat>
<stat pass="1" fail="0" skip="0">PUT.USUARIO.UM</stat>
</tag>
<suite>
<stat pass="55" fail="2" skip="0" id="s1" name="Tests">Tests</stat>
<stat pass="14" fail="1" skip="0" id="s1-s1" name="Carrinhos Tests">Tests.Carrinhos Tests</stat>
<stat pass="3" fail="1" skip="0" id="s1-s2" name="Login Tests">Tests.Login Tests</stat>
<stat pass="22" fail="0" skip="0" id="s1-s3" name="Produtos Tests">Tests.Produtos Tests</stat>
<stat pass="16" fail="0" skip="0" id="s1-s4" name="Usuarios Tests">Tests.Usuarios Tests</stat>
</suite>
</statistics>
<errors>
<msg timestamp="20220709 20:23:08.387" level="WARN">Multiple tests with name 'Cenario: PUT Editar Produto 200' executed in suite 'Tests.Produtos Tests'.</msg>
</errors>
</robot>
