<?xml version="1.0" encoding="UTF-8"?>
<robot generator="Robot 5.0.1 (Python 3.10.4 on win32)" generated="20220627 11:05:34.891" rpa="false" schemaversion="3">
<suite id="s1" name="Base" source="C:\Users\Luana\Desktop\Robot\Dia_04\base.robot">
<test id="s1-t1" name="Cenario: GET Todos os Usuarios 200" line="13">
<kw name="Criar Sessao">
<kw name="Create Session" library="RequestsLibrary">
<arg>serverest</arg>
<arg>http://localhost:3000/</arg>
<doc>Create Session: create a HTTP session to a server</doc>
<msg timestamp="20220627 11:05:35.482" level="INFO">Creating Session using : alias=serverest, url=http://localhost:3000/, headers={},                     cookies={}, auth=None, timeout=None, proxies=None, verify=False,                     debug=0 </msg>
<status status="PASS" starttime="20220627 11:05:35.482" endtime="20220627 11:05:35.482"/>
</kw>
<status status="PASS" starttime="20220627 11:05:35.481" endtime="20220627 11:05:35.482"/>
</kw>
<kw name="GET endpoint /usuarios" library="usuarios_keywords">
<kw name="GET On Session" library="RequestsLibrary">
<var>${response}</var>
<arg>serverest</arg>
<arg>/usuarios</arg>
<doc>Sends a GET request on a previously created HTTP Session.</doc>
<msg timestamp="20220627 11:05:35.492" level="INFO">GET Request : url=http://localhost:3000/usuarios 
 path_url=/usuarios 
 headers={'User-Agent': 'python-requests/2.28.0', 'Accept-Encoding': 'gzip, deflate', 'Accept': '*/*', 'Connection': 'keep-alive'} 
 body=None 
 </msg>
<msg timestamp="20220627 11:05:35.493" level="INFO">GET Response : url=http://localhost:3000/usuarios 
 status=200, reason=OK 
 headers={'Access-Control-Allow-Origin': '*', 'x-dns-prefetch-control': 'off', 'x-frame-options': 'SAMEORIGIN', 'strict-transport-security': 'max-age=15552000; includeSubDomains', 'x-download-options': 'noopen', 'x-content-type-options': 'nosniff', 'x-xss-protection': '1; mode=block', 'x-moesif-transaction-id': 'ba9eec7a-3d99-4b77-9a75-3b52fb7d6996', 'Content-Type': 'application/json; charset=utf-8', 'Content-Length': '253', 'Date': 'Mon, 27 Jun 2022 14:05:35 GMT', 'Connection': 'keep-alive', 'Keep-Alive': 'timeout=5'} 
 body={
    "quantidade": 1,
    "usuarios": [
        {
            "nome": "Fulano da Silva",
            "email": "fulano@qa.com",
            "password": "teste",
            "administrador": "true",
            "_id": "0uxuPY0cbmQhpEz1"
        }
    ]
} 
 </msg>
<msg timestamp="20220627 11:05:35.493" level="INFO">${response} = &lt;Response [200]&gt;</msg>
<status status="PASS" starttime="20220627 11:05:35.483" endtime="20220627 11:05:35.493"/>
</kw>
<kw name="Log To Console" library="BuiltIn">
<arg>Response: ${response.content}</arg>
<doc>Logs the given message to the console.</doc>
<status status="PASS" starttime="20220627 11:05:35.493" endtime="20220627 11:05:35.494"/>
</kw>
<kw name="Set Global Variable" library="BuiltIn">
<arg>${response}</arg>
<doc>Makes a variable available globally in all tests and suites.</doc>
<msg timestamp="20220627 11:05:35.495" level="INFO">${response} = &lt;Response [200]&gt;</msg>
<status status="PASS" starttime="20220627 11:05:35.495" endtime="20220627 11:05:35.495"/>
</kw>
<status status="PASS" starttime="20220627 11:05:35.483" endtime="20220627 11:05:35.496"/>
</kw>
<kw name="Validar status code &quot;200&quot;" library="common" sourcename="Validar status code &quot;${statuscode}&quot;">
<kw name="Should Be True" library="BuiltIn">
<arg>${response.status_code} == ${statuscode}</arg>
<doc>Fails if the given condition is not true.</doc>
<status status="PASS" starttime="20220627 11:05:35.498" endtime="20220627 11:05:35.498"/>
</kw>
<status status="PASS" starttime="20220627 11:05:35.497" endtime="20220627 11:05:35.499"/>
</kw>
<tag>GET.USUARIOS</tag>
<tag>USUARIOS</tag>
<status status="PASS" starttime="20220627 11:05:35.481" endtime="20220627 11:05:35.499"/>
</test>
<test id="s1-t2" name="Cenario: GET Usuario Especifico 200" line="19">
<kw name="Criar Sessao">
<kw name="Create Session" library="RequestsLibrary">
<arg>serverest</arg>
<arg>http://localhost:3000/</arg>
<doc>Create Session: create a HTTP session to a server</doc>
<msg timestamp="20220627 11:05:35.502" level="INFO">Creating Session using : alias=serverest, url=http://localhost:3000/, headers={},                     cookies={}, auth=None, timeout=None, proxies=None, verify=False,                     debug=0 </msg>
<status status="PASS" starttime="20220627 11:05:35.501" endtime="20220627 11:05:35.502"/>
</kw>
<status status="PASS" starttime="20220627 11:05:35.501" endtime="20220627 11:05:35.502"/>
</kw>
<kw name="Cadastrar usuario_valido1_adm e armazenar id" library="usuarios_keywords" sourcename="Cadastrar ${tipo_de_usuario} e armazenar id">
<kw name="Criar ${tipo_de_usuario} estatico" library="usuarios_keywords" sourcename="Criar ${tipo_de_usuario} estatico">
<kw name="Importar JSON estatico" library="common">
<var>${json}</var>
<arg>json_usuario_ex.json</arg>
<kw name="Get File" library="OperatingSystem">
<var>${arquivo}</var>
<arg>${EXECDIR}/${nome_arquivo}</arg>
<doc>Returns the contents of a specified file.</doc>
<msg timestamp="20220627 11:05:35.504" level="INFO" html="true">Getting file '&lt;a href="file://C:\Users\Luana\Desktop\Robot\Dia_04\json_usuario_ex.json"&gt;C:\Users\Luana\Desktop\Robot\Dia_04\json_usuario_ex.json&lt;/a&gt;'.</msg>
<msg timestamp="20220627 11:05:35.507" level="INFO">${arquivo} = {
    "usuario_valido1_adm": {
        "nome": "James Bond",
        "email": "james.bond@gmail.com",
        "password": "teste123",
        "administrador": "true"
    },
    "usuario_valido2_adm": ...</msg>
<status status="PASS" starttime="20220627 11:05:35.503" endtime="20220627 11:05:35.507"/>
</kw>
<kw name="Evaluate" library="BuiltIn">
<var>${data}</var>
<arg>json.loads('''${arquivo}''')</arg>
<arg>json</arg>
<doc>Evaluates the given expression in Python and returns the result.</doc>
<msg timestamp="20220627 11:05:35.507" level="INFO">${data} = {'usuario_valido1_adm': {'nome': 'James Bond', 'email': 'james.bond@gmail.com', 'password': 'teste123', 'administrador': 'true'}, 'usuario_valido2_adm': {'nome': 'Robert Baxter', 'email': 'robert.baxt...</msg>
<status status="PASS" starttime="20220627 11:05:35.507" endtime="20220627 11:05:35.507"/>
</kw>
<msg timestamp="20220627 11:05:35.507" level="INFO">${json} = {'usuario_valido1_adm': {'nome': 'James Bond', 'email': 'james.bond@gmail.com', 'password': 'teste123', 'administrador': 'true'}, 'usuario_valido2_adm': {'nome': 'Robert Baxter', 'email': 'robert.baxt...</msg>
<status status="PASS" starttime="20220627 11:05:35.503" endtime="20220627 11:05:35.507"/>
</kw>
<kw name="Set Variable" library="BuiltIn">
<var>${payload}</var>
<arg>${json["${tipo_de_usuario}"]}</arg>
<doc>Returns the given values which can then be assigned to a variables.</doc>
<msg timestamp="20220627 11:05:35.508" level="INFO">${payload} = {'nome': 'James Bond', 'email': 'james.bond@gmail.com', 'password': 'teste123', 'administrador': 'true'}</msg>
<status status="PASS" starttime="20220627 11:05:35.507" endtime="20220627 11:05:35.508"/>
</kw>
<kw name="Set Global Variable" library="BuiltIn">
<arg>${payload}</arg>
<doc>Makes a variable available globally in all tests and suites.</doc>
<msg timestamp="20220627 11:05:35.508" level="INFO">${payload} = {'nome': 'James Bond', 'email': 'james.bond@gmail.com', 'password': 'teste123', 'administrador': 'true'}</msg>
<status status="PASS" starttime="20220627 11:05:35.508" endtime="20220627 11:05:35.508"/>
</kw>
<status status="PASS" starttime="20220627 11:05:35.503" endtime="20220627 11:05:35.508"/>
</kw>
<kw name="POST endpoint /usuarios" library="usuarios_keywords">
<kw name="POST On Session" library="RequestsLibrary">
<var>${response}</var>
<arg>serverest</arg>
<arg>/usuarios</arg>
<arg>json=&amp;{payload}</arg>
<arg>expected_status=any</arg>
<doc>Sends a POST request on a previously created HTTP Session.</doc>
<msg timestamp="20220627 11:05:35.541" level="INFO">POST Request : url=http://localhost:3000/usuarios 
 path_url=/usuarios 
 headers={'User-Agent': 'python-requests/2.28.0', 'Accept-Encoding': 'gzip, deflate', 'Accept': '*/*', 'Connection': 'keep-alive', 'Content-Length': '104', 'Content-Type': 'application/json'} 
 body=b'{"nome": "James Bond", "email": "james.bond@gmail.com", "password": "teste123", "administrador": "true"}' 
 </msg>
<msg timestamp="20220627 11:05:35.542" level="INFO">POST Response : url=http://localhost:3000/usuarios 
 status=201, reason=Created 
 headers={'Access-Control-Allow-Origin': '*', 'x-dns-prefetch-control': 'off', 'x-frame-options': 'SAMEORIGIN', 'strict-transport-security': 'max-age=15552000; includeSubDomains', 'x-download-options': 'noopen', 'x-content-type-options': 'nosniff', 'x-xss-protection': '1; mode=block', 'x-moesif-transaction-id': 'f3edb171-2578-451c-b46a-d723122a794b', 'Content-Type': 'application/json; charset=utf-8', 'Content-Length': '82', 'Date': 'Mon, 27 Jun 2022 14:05:35 GMT', 'Connection': 'keep-alive', 'Keep-Alive': 'timeout=5'} 
 body={
    "message": "Cadastro realizado com sucesso",
    "_id": "E3unB2gvRBCblJ2X"
} 
 </msg>
<msg timestamp="20220627 11:05:35.542" level="INFO">${response} = &lt;Response [201]&gt;</msg>
<status status="PASS" starttime="20220627 11:05:35.509" endtime="20220627 11:05:35.542"/>
</kw>
<kw name="Log To Console" library="BuiltIn">
<arg>Response: ${response.content}</arg>
<doc>Logs the given message to the console.</doc>
<status status="PASS" starttime="20220627 11:05:35.542" endtime="20220627 11:05:35.544"/>
</kw>
<kw name="Set Global Variable" library="BuiltIn">
<arg>${response}</arg>
<doc>Makes a variable available globally in all tests and suites.</doc>
<msg timestamp="20220627 11:05:35.544" level="INFO">${response} = &lt;Response [201]&gt;</msg>
<status status="PASS" starttime="20220627 11:05:35.544" endtime="20220627 11:05:35.544"/>
</kw>
<status status="PASS" starttime="20220627 11:05:35.509" endtime="20220627 11:05:35.545"/>
</kw>
<kw name="Set Variable" library="BuiltIn">
<var>${id_usuario}</var>
<arg>${response.json()["_id"]}</arg>
<doc>Returns the given values which can then be assigned to a variables.</doc>
<msg timestamp="20220627 11:05:35.545" level="INFO">${id_usuario} = E3unB2gvRBCblJ2X</msg>
<status status="PASS" starttime="20220627 11:05:35.545" endtime="20220627 11:05:35.545"/>
</kw>
<kw name="Set Global Variable" library="BuiltIn">
<arg>${id_usuario}</arg>
<doc>Makes a variable available globally in all tests and suites.</doc>
<msg timestamp="20220627 11:05:35.546" level="INFO">${id_usuario} = E3unB2gvRBCblJ2X</msg>
<status status="PASS" starttime="20220627 11:05:35.546" endtime="20220627 11:05:35.546"/>
</kw>
<status status="PASS" starttime="20220627 11:05:35.503" endtime="20220627 11:05:35.546"/>
</kw>
<kw name="GET endpoint /usuarios especifico" library="usuarios_keywords">
<arg>${id_usuario}</arg>
<kw name="GET On Session" library="RequestsLibrary">
<var>${response}</var>
<arg>serverest</arg>
<arg>/usuarios/${id_usuario}</arg>
<arg>expected_status=any</arg>
<doc>Sends a GET request on a previously created HTTP Session.</doc>
<msg timestamp="20220627 11:05:35.552" level="INFO">GET Request : url=http://localhost:3000/usuarios/E3unB2gvRBCblJ2X 
 path_url=/usuarios/E3unB2gvRBCblJ2X 
 headers={'User-Agent': 'python-requests/2.28.0', 'Accept-Encoding': 'gzip, deflate', 'Accept': '*/*', 'Connection': 'keep-alive'} 
 body=None 
 </msg>
<msg timestamp="20220627 11:05:35.552" level="INFO">GET Response : url=http://localhost:3000/usuarios/E3unB2gvRBCblJ2X 
 status=200, reason=OK 
 headers={'Access-Control-Allow-Origin': '*', 'x-dns-prefetch-control': 'off', 'x-frame-options': 'SAMEORIGIN', 'strict-transport-security': 'max-age=15552000; includeSubDomains', 'x-download-options': 'noopen', 'x-content-type-options': 'nosniff', 'x-xss-protection': '1; mode=block', 'x-moesif-transaction-id': '140f4a9d-a3a0-4e3f-9d48-39b268c8b128', 'Content-Type': 'application/json; charset=utf-8', 'Content-Length': '153', 'Date': 'Mon, 27 Jun 2022 14:05:35 GMT', 'Connection': 'keep-alive', 'Keep-Alive': 'timeout=5'} 
 body={
    "nome": "James Bond",
    "email": "james.bond@gmail.com",
    "password": "teste123",
    "administrador": "true",
    "_id": "E3unB2gvRBCblJ2X"
} 
 </msg>
<msg timestamp="20220627 11:05:35.553" level="INFO">${response} = &lt;Response [200]&gt;</msg>
<status status="PASS" starttime="20220627 11:05:35.547" endtime="20220627 11:05:35.553"/>
</kw>
<kw name="Log To Console" library="BuiltIn">
<arg>Response: ${response.content}</arg>
<doc>Logs the given message to the console.</doc>
<status status="PASS" starttime="20220627 11:05:35.553" endtime="20220627 11:05:35.554"/>
</kw>
<kw name="Set Global Variable" library="BuiltIn">
<arg>${response}</arg>
<doc>Makes a variable available globally in all tests and suites.</doc>
<msg timestamp="20220627 11:05:35.554" level="INFO">${response} = &lt;Response [200]&gt;</msg>
<status status="PASS" starttime="20220627 11:05:35.554" endtime="20220627 11:05:35.554"/>
</kw>
<status status="PASS" starttime="20220627 11:05:35.547" endtime="20220627 11:05:35.554"/>
</kw>
<kw name="Validar status code &quot;200&quot;" library="common" sourcename="Validar status code &quot;${statuscode}&quot;">
<kw name="Should Be True" library="BuiltIn">
<arg>${response.status_code} == ${statuscode}</arg>
<doc>Fails if the given condition is not true.</doc>
<status status="PASS" starttime="20220627 11:05:35.555" endtime="20220627 11:05:35.556"/>
</kw>
<status status="PASS" starttime="20220627 11:05:35.555" endtime="20220627 11:05:35.556"/>
</kw>
<tag>GET.USUARIO</tag>
<tag>USUARIOS</tag>
<status status="PASS" starttime="20220627 11:05:35.500" endtime="20220627 11:05:35.557"/>
</test>
<test id="s1-t3" name="Cenario: GET Usuario Especifico ID Invalido 400" line="26">
<kw name="Criar Sessao">
<kw name="Create Session" library="RequestsLibrary">
<arg>serverest</arg>
<arg>http://localhost:3000/</arg>
<doc>Create Session: create a HTTP session to a server</doc>
<msg timestamp="20220627 11:05:35.560" level="INFO">Creating Session using : alias=serverest, url=http://localhost:3000/, headers={},                     cookies={}, auth=None, timeout=None, proxies=None, verify=False,                     debug=0 </msg>
<status status="PASS" starttime="20220627 11:05:35.559" endtime="20220627 11:05:35.560"/>
</kw>
<status status="PASS" starttime="20220627 11:05:35.559" endtime="20220627 11:05:35.560"/>
</kw>
<kw name="GET endpoint /usuarios especifico" library="usuarios_keywords">
<arg>${id_invalido}</arg>
<kw name="GET On Session" library="RequestsLibrary">
<var>${response}</var>
<arg>serverest</arg>
<arg>/usuarios/${id_usuario}</arg>
<arg>expected_status=any</arg>
<doc>Sends a GET request on a previously created HTTP Session.</doc>
<msg timestamp="20220627 11:05:35.565" level="INFO">GET Request : url=http://localhost:3000/usuarios/IdInvalido123 
 path_url=/usuarios/IdInvalido123 
 headers={'User-Agent': 'python-requests/2.28.0', 'Accept-Encoding': 'gzip, deflate', 'Accept': '*/*', 'Connection': 'keep-alive'} 
 body=None 
 </msg>
<msg timestamp="20220627 11:05:35.565" level="INFO">GET Response : url=http://localhost:3000/usuarios/IdInvalido123 
 status=400, reason=Bad Request 
 headers={'Access-Control-Allow-Origin': '*', 'x-dns-prefetch-control': 'off', 'x-frame-options': 'SAMEORIGIN', 'strict-transport-security': 'max-age=15552000; includeSubDomains', 'x-download-options': 'noopen', 'x-content-type-options': 'nosniff', 'x-xss-protection': '1; mode=block', 'x-moesif-transaction-id': 'f6ccd7f5-d9d5-4bdf-8774-46725fca018b', 'Content-Type': 'application/json; charset=utf-8', 'Content-Length': '45', 'Date': 'Mon, 27 Jun 2022 14:05:35 GMT', 'Connection': 'keep-alive', 'Keep-Alive': 'timeout=5'} 
 body={
    "message": "Usuário não encontrado"
} 
 </msg>
<msg timestamp="20220627 11:05:35.565" level="INFO">${response} = &lt;Response [400]&gt;</msg>
<status status="PASS" starttime="20220627 11:05:35.561" endtime="20220627 11:05:35.565"/>
</kw>
<kw name="Log To Console" library="BuiltIn">
<arg>Response: ${response.content}</arg>
<doc>Logs the given message to the console.</doc>
<status status="PASS" starttime="20220627 11:05:35.565" endtime="20220627 11:05:35.566"/>
</kw>
<kw name="Set Global Variable" library="BuiltIn">
<arg>${response}</arg>
<doc>Makes a variable available globally in all tests and suites.</doc>
<msg timestamp="20220627 11:05:35.566" level="INFO">${response} = &lt;Response [400]&gt;</msg>
<status status="PASS" starttime="20220627 11:05:35.566" endtime="20220627 11:05:35.567"/>
</kw>
<status status="PASS" starttime="20220627 11:05:35.560" endtime="20220627 11:05:35.567"/>
</kw>
<kw name="Validar status code &quot;400&quot;" library="common" sourcename="Validar status code &quot;${statuscode}&quot;">
<kw name="Should Be True" library="BuiltIn">
<arg>${response.status_code} == ${statuscode}</arg>
<doc>Fails if the given condition is not true.</doc>
<status status="PASS" starttime="20220627 11:05:35.568" endtime="20220627 11:05:35.569"/>
</kw>
<status status="PASS" starttime="20220627 11:05:35.567" endtime="20220627 11:05:35.569"/>
</kw>
<kw name="Validar a Mensagem &quot;Usuário não encontrado&quot;" library="common" sourcename="Validar a mensagem &quot;${mensagem}&quot;">
<kw name="Should Be Equal" library="BuiltIn">
<arg>${response.json()["message"]}</arg>
<arg>${mensagem}</arg>
<doc>Fails if the given objects are unequal.</doc>
<status status="PASS" starttime="20220627 11:05:35.571" endtime="20220627 11:05:35.571"/>
</kw>
<status status="PASS" starttime="20220627 11:05:35.570" endtime="20220627 11:05:35.571"/>
</kw>
<tag>GET.USUARIO.ERRO</tag>
<tag>USUARIOS</tag>
<status status="PASS" starttime="20220627 11:05:35.559" endtime="20220627 11:05:35.573"/>
</test>
<test id="s1-t4" name="Cenario: POST Cadastrar Usuario 201" line="34">
<kw name="Criar Sessao">
<kw name="Create Session" library="RequestsLibrary">
<arg>serverest</arg>
<arg>http://localhost:3000/</arg>
<doc>Create Session: create a HTTP session to a server</doc>
<msg timestamp="20220627 11:05:35.575" level="INFO">Creating Session using : alias=serverest, url=http://localhost:3000/, headers={},                     cookies={}, auth=None, timeout=None, proxies=None, verify=False,                     debug=0 </msg>
<status status="PASS" starttime="20220627 11:05:35.575" endtime="20220627 11:05:35.575"/>
</kw>
<status status="PASS" starttime="20220627 11:05:35.575" endtime="20220627 11:05:35.575"/>
</kw>
<kw name="Criar usuario_valido_nao_adm estatico" library="usuarios_keywords" sourcename="Criar ${tipo_de_usuario} estatico">
<kw name="Importar JSON estatico" library="common">
<var>${json}</var>
<arg>json_usuario_ex.json</arg>
<kw name="Get File" library="OperatingSystem">
<var>${arquivo}</var>
<arg>${EXECDIR}/${nome_arquivo}</arg>
<doc>Returns the contents of a specified file.</doc>
<msg timestamp="20220627 11:05:35.577" level="INFO" html="true">Getting file '&lt;a href="file://C:\Users\Luana\Desktop\Robot\Dia_04\json_usuario_ex.json"&gt;C:\Users\Luana\Desktop\Robot\Dia_04\json_usuario_ex.json&lt;/a&gt;'.</msg>
<msg timestamp="20220627 11:05:35.577" level="INFO">${arquivo} = {
    "usuario_valido1_adm": {
        "nome": "James Bond",
        "email": "james.bond@gmail.com",
        "password": "teste123",
        "administrador": "true"
    },
    "usuario_valido2_adm": ...</msg>
<status status="PASS" starttime="20220627 11:05:35.576" endtime="20220627 11:05:35.577"/>
</kw>
<kw name="Evaluate" library="BuiltIn">
<var>${data}</var>
<arg>json.loads('''${arquivo}''')</arg>
<arg>json</arg>
<doc>Evaluates the given expression in Python and returns the result.</doc>
<msg timestamp="20220627 11:05:35.578" level="INFO">${data} = {'usuario_valido1_adm': {'nome': 'James Bond', 'email': 'james.bond@gmail.com', 'password': 'teste123', 'administrador': 'true'}, 'usuario_valido2_adm': {'nome': 'Robert Baxter', 'email': 'robert.baxt...</msg>
<status status="PASS" starttime="20220627 11:05:35.577" endtime="20220627 11:05:35.578"/>
</kw>
<msg timestamp="20220627 11:05:35.578" level="INFO">${json} = {'usuario_valido1_adm': {'nome': 'James Bond', 'email': 'james.bond@gmail.com', 'password': 'teste123', 'administrador': 'true'}, 'usuario_valido2_adm': {'nome': 'Robert Baxter', 'email': 'robert.baxt...</msg>
<status status="PASS" starttime="20220627 11:05:35.576" endtime="20220627 11:05:35.578"/>
</kw>
<kw name="Set Variable" library="BuiltIn">
<var>${payload}</var>
<arg>${json["${tipo_de_usuario}"]}</arg>
<doc>Returns the given values which can then be assigned to a variables.</doc>
<msg timestamp="20220627 11:05:35.579" level="INFO">${payload} = {'nome': 'Jhonny Bravo', 'email': 'jhony.bravo@gmail.com', 'password': 'teste123', 'administrador': 'false'}</msg>
<status status="PASS" starttime="20220627 11:05:35.578" endtime="20220627 11:05:35.579"/>
</kw>
<kw name="Set Global Variable" library="BuiltIn">
<arg>${payload}</arg>
<doc>Makes a variable available globally in all tests and suites.</doc>
<msg timestamp="20220627 11:05:35.579" level="INFO">${payload} = {'nome': 'Jhonny Bravo', 'email': 'jhony.bravo@gmail.com', 'password': 'teste123', 'administrador': 'false'}</msg>
<status status="PASS" starttime="20220627 11:05:35.579" endtime="20220627 11:05:35.579"/>
</kw>
<status status="PASS" starttime="20220627 11:05:35.576" endtime="20220627 11:05:35.579"/>
</kw>
<kw name="POST endpoint /usuarios" library="usuarios_keywords">
<kw name="POST On Session" library="RequestsLibrary">
<var>${response}</var>
<arg>serverest</arg>
<arg>/usuarios</arg>
<arg>json=&amp;{payload}</arg>
<arg>expected_status=any</arg>
<doc>Sends a POST request on a previously created HTTP Session.</doc>
<msg timestamp="20220627 11:05:35.586" level="INFO">POST Request : url=http://localhost:3000/usuarios 
 path_url=/usuarios 
 headers={'User-Agent': 'python-requests/2.28.0', 'Accept-Encoding': 'gzip, deflate', 'Accept': '*/*', 'Connection': 'keep-alive', 'Content-Length': '108', 'Content-Type': 'application/json'} 
 body=b'{"nome": "Jhonny Bravo", "email": "jhony.bravo@gmail.com", "password": "teste123", "administrador": "false"}' 
 </msg>
<msg timestamp="20220627 11:05:35.586" level="INFO">POST Response : url=http://localhost:3000/usuarios 
 status=201, reason=Created 
 headers={'Access-Control-Allow-Origin': '*', 'x-dns-prefetch-control': 'off', 'x-frame-options': 'SAMEORIGIN', 'strict-transport-security': 'max-age=15552000; includeSubDomains', 'x-download-options': 'noopen', 'x-content-type-options': 'nosniff', 'x-xss-protection': '1; mode=block', 'x-moesif-transaction-id': '0e40b94c-0c18-45c5-8698-a53362a4f19f', 'Content-Type': 'application/json; charset=utf-8', 'Content-Length': '82', 'Date': 'Mon, 27 Jun 2022 14:05:35 GMT', 'Connection': 'keep-alive', 'Keep-Alive': 'timeout=5'} 
 body={
    "message": "Cadastro realizado com sucesso",
    "_id": "nnrkvtUrMgFzsMDl"
} 
 </msg>
<msg timestamp="20220627 11:05:35.586" level="INFO">${response} = &lt;Response [201]&gt;</msg>
<status status="PASS" starttime="20220627 11:05:35.580" endtime="20220627 11:05:35.586"/>
</kw>
<kw name="Log To Console" library="BuiltIn">
<arg>Response: ${response.content}</arg>
<doc>Logs the given message to the console.</doc>
<status status="PASS" starttime="20220627 11:05:35.587" endtime="20220627 11:05:35.588"/>
</kw>
<kw name="Set Global Variable" library="BuiltIn">
<arg>${response}</arg>
<doc>Makes a variable available globally in all tests and suites.</doc>
<msg timestamp="20220627 11:05:35.589" level="INFO">${response} = &lt;Response [201]&gt;</msg>
<status status="PASS" starttime="20220627 11:05:35.588" endtime="20220627 11:05:35.589"/>
</kw>
<status status="PASS" starttime="20220627 11:05:35.580" endtime="20220627 11:05:35.589"/>
</kw>
<kw name="Validar status code &quot;201&quot;" library="common" sourcename="Validar status code &quot;${statuscode}&quot;">
<kw name="Should Be True" library="BuiltIn">
<arg>${response.status_code} == ${statuscode}</arg>
<doc>Fails if the given condition is not true.</doc>
<status status="PASS" starttime="20220627 11:05:35.590" endtime="20220627 11:05:35.591"/>
</kw>
<status status="PASS" starttime="20220627 11:05:35.589" endtime="20220627 11:05:35.591"/>
</kw>
<kw name="Validar a Mensagem &quot;Cadastro realizado com sucesso&quot;" library="common" sourcename="Validar a mensagem &quot;${mensagem}&quot;">
<kw name="Should Be Equal" library="BuiltIn">
<arg>${response.json()["message"]}</arg>
<arg>${mensagem}</arg>
<doc>Fails if the given objects are unequal.</doc>
<status status="PASS" starttime="20220627 11:05:35.592" endtime="20220627 11:05:35.592"/>
</kw>
<status status="PASS" starttime="20220627 11:05:35.591" endtime="20220627 11:05:35.592"/>
</kw>
<tag>POST.USUARIO</tag>
<tag>USUARIOS</tag>
<status status="PASS" starttime="20220627 11:05:35.574" endtime="20220627 11:05:35.593"/>
</test>
<test id="s1-t5" name="Cenario: POST Cadastrar Usuario Email Utilizado 400" line="42">
<kw name="Criar Sessao">
<kw name="Create Session" library="RequestsLibrary">
<arg>serverest</arg>
<arg>http://localhost:3000/</arg>
<doc>Create Session: create a HTTP session to a server</doc>
<msg timestamp="20220627 11:05:35.595" level="INFO">Creating Session using : alias=serverest, url=http://localhost:3000/, headers={},                     cookies={}, auth=None, timeout=None, proxies=None, verify=False,                     debug=0 </msg>
<status status="PASS" starttime="20220627 11:05:35.595" endtime="20220627 11:05:35.595"/>
</kw>
<status status="PASS" starttime="20220627 11:05:35.595" endtime="20220627 11:05:35.595"/>
</kw>
<kw name="Cadastrar usuario_cadastro_email_igual e armazenar id" library="usuarios_keywords" sourcename="Cadastrar ${tipo_de_usuario} e armazenar id">
<kw name="Criar ${tipo_de_usuario} estatico" library="usuarios_keywords" sourcename="Criar ${tipo_de_usuario} estatico">
<kw name="Importar JSON estatico" library="common">
<var>${json}</var>
<arg>json_usuario_ex.json</arg>
<kw name="Get File" library="OperatingSystem">
<var>${arquivo}</var>
<arg>${EXECDIR}/${nome_arquivo}</arg>
<doc>Returns the contents of a specified file.</doc>
<msg timestamp="20220627 11:05:35.597" level="INFO" html="true">Getting file '&lt;a href="file://C:\Users\Luana\Desktop\Robot\Dia_04\json_usuario_ex.json"&gt;C:\Users\Luana\Desktop\Robot\Dia_04\json_usuario_ex.json&lt;/a&gt;'.</msg>
<msg timestamp="20220627 11:05:35.597" level="INFO">${arquivo} = {
    "usuario_valido1_adm": {
        "nome": "James Bond",
        "email": "james.bond@gmail.com",
        "password": "teste123",
        "administrador": "true"
    },
    "usuario_valido2_adm": ...</msg>
<status status="PASS" starttime="20220627 11:05:35.597" endtime="20220627 11:05:35.597"/>
</kw>
<kw name="Evaluate" library="BuiltIn">
<var>${data}</var>
<arg>json.loads('''${arquivo}''')</arg>
<arg>json</arg>
<doc>Evaluates the given expression in Python and returns the result.</doc>
<msg timestamp="20220627 11:05:35.597" level="INFO">${data} = {'usuario_valido1_adm': {'nome': 'James Bond', 'email': 'james.bond@gmail.com', 'password': 'teste123', 'administrador': 'true'}, 'usuario_valido2_adm': {'nome': 'Robert Baxter', 'email': 'robert.baxt...</msg>
<status status="PASS" starttime="20220627 11:05:35.597" endtime="20220627 11:05:35.597"/>
</kw>
<msg timestamp="20220627 11:05:35.598" level="INFO">${json} = {'usuario_valido1_adm': {'nome': 'James Bond', 'email': 'james.bond@gmail.com', 'password': 'teste123', 'administrador': 'true'}, 'usuario_valido2_adm': {'nome': 'Robert Baxter', 'email': 'robert.baxt...</msg>
<status status="PASS" starttime="20220627 11:05:35.597" endtime="20220627 11:05:35.598"/>
</kw>
<kw name="Set Variable" library="BuiltIn">
<var>${payload}</var>
<arg>${json["${tipo_de_usuario}"]}</arg>
<doc>Returns the given values which can then be assigned to a variables.</doc>
<msg timestamp="20220627 11:05:35.598" level="INFO">${payload} = {'nome': 'Harry Petter', 'email': 'harry.petter@gmail.com', 'password': 'teste123', 'administrador': 'true'}</msg>
<status status="PASS" starttime="20220627 11:05:35.598" endtime="20220627 11:05:35.598"/>
</kw>
<kw name="Set Global Variable" library="BuiltIn">
<arg>${payload}</arg>
<doc>Makes a variable available globally in all tests and suites.</doc>
<msg timestamp="20220627 11:05:35.599" level="INFO">${payload} = {'nome': 'Harry Petter', 'email': 'harry.petter@gmail.com', 'password': 'teste123', 'administrador': 'true'}</msg>
<status status="PASS" starttime="20220627 11:05:35.598" endtime="20220627 11:05:35.599"/>
</kw>
<status status="PASS" starttime="20220627 11:05:35.596" endtime="20220627 11:05:35.599"/>
</kw>
<kw name="POST endpoint /usuarios" library="usuarios_keywords">
<kw name="POST On Session" library="RequestsLibrary">
<var>${response}</var>
<arg>serverest</arg>
<arg>/usuarios</arg>
<arg>json=&amp;{payload}</arg>
<arg>expected_status=any</arg>
<doc>Sends a POST request on a previously created HTTP Session.</doc>
<msg timestamp="20220627 11:05:35.606" level="INFO">POST Request : url=http://localhost:3000/usuarios 
 path_url=/usuarios 
 headers={'User-Agent': 'python-requests/2.28.0', 'Accept-Encoding': 'gzip, deflate', 'Accept': '*/*', 'Connection': 'keep-alive', 'Content-Length': '108', 'Content-Type': 'application/json'} 
 body=b'{"nome": "Harry Petter", "email": "harry.petter@gmail.com", "password": "teste123", "administrador": "true"}' 
 </msg>
<msg timestamp="20220627 11:05:35.606" level="INFO">POST Response : url=http://localhost:3000/usuarios 
 status=201, reason=Created 
 headers={'Access-Control-Allow-Origin': '*', 'x-dns-prefetch-control': 'off', 'x-frame-options': 'SAMEORIGIN', 'strict-transport-security': 'max-age=15552000; includeSubDomains', 'x-download-options': 'noopen', 'x-content-type-options': 'nosniff', 'x-xss-protection': '1; mode=block', 'x-moesif-transaction-id': '98e55538-bf87-4f83-9075-63fd505da238', 'Content-Type': 'application/json; charset=utf-8', 'Content-Length': '82', 'Date': 'Mon, 27 Jun 2022 14:05:35 GMT', 'Connection': 'keep-alive', 'Keep-Alive': 'timeout=5'} 
 body={
    "message": "Cadastro realizado com sucesso",
    "_id": "L1WIKS1qm8Aogg7J"
} 
 </msg>
<msg timestamp="20220627 11:05:35.606" level="INFO">${response} = &lt;Response [201]&gt;</msg>
<status status="PASS" starttime="20220627 11:05:35.600" endtime="20220627 11:05:35.606"/>
</kw>
<kw name="Log To Console" library="BuiltIn">
<arg>Response: ${response.content}</arg>
<doc>Logs the given message to the console.</doc>
<status status="PASS" starttime="20220627 11:05:35.606" endtime="20220627 11:05:35.606"/>
</kw>
<kw name="Set Global Variable" library="BuiltIn">
<arg>${response}</arg>
<doc>Makes a variable available globally in all tests and suites.</doc>
<msg timestamp="20220627 11:05:35.607" level="INFO">${response} = &lt;Response [201]&gt;</msg>
<status status="PASS" starttime="20220627 11:05:35.606" endtime="20220627 11:05:35.607"/>
</kw>
<status status="PASS" starttime="20220627 11:05:35.599" endtime="20220627 11:05:35.607"/>
</kw>
<kw name="Set Variable" library="BuiltIn">
<var>${id_usuario}</var>
<arg>${response.json()["_id"]}</arg>
<doc>Returns the given values which can then be assigned to a variables.</doc>
<msg timestamp="20220627 11:05:35.607" level="INFO">${id_usuario} = L1WIKS1qm8Aogg7J</msg>
<status status="PASS" starttime="20220627 11:05:35.607" endtime="20220627 11:05:35.607"/>
</kw>
<kw name="Set Global Variable" library="BuiltIn">
<arg>${id_usuario}</arg>
<doc>Makes a variable available globally in all tests and suites.</doc>
<msg timestamp="20220627 11:05:35.608" level="INFO">${id_usuario} = L1WIKS1qm8Aogg7J</msg>
<status status="PASS" starttime="20220627 11:05:35.608" endtime="20220627 11:05:35.608"/>
</kw>
<status status="PASS" starttime="20220627 11:05:35.596" endtime="20220627 11:05:35.608"/>
</kw>
<kw name="POST endpoint /usuarios" library="usuarios_keywords">
<kw name="POST On Session" library="RequestsLibrary">
<var>${response}</var>
<arg>serverest</arg>
<arg>/usuarios</arg>
<arg>json=&amp;{payload}</arg>
<arg>expected_status=any</arg>
<doc>Sends a POST request on a previously created HTTP Session.</doc>
<msg timestamp="20220627 11:05:35.612" level="INFO">POST Request : url=http://localhost:3000/usuarios 
 path_url=/usuarios 
 headers={'User-Agent': 'python-requests/2.28.0', 'Accept-Encoding': 'gzip, deflate', 'Accept': '*/*', 'Connection': 'keep-alive', 'Content-Length': '108', 'Content-Type': 'application/json'} 
 body=b'{"nome": "Harry Petter", "email": "harry.petter@gmail.com", "password": "teste123", "administrador": "true"}' 
 </msg>
<msg timestamp="20220627 11:05:35.612" level="INFO">POST Response : url=http://localhost:3000/usuarios 
 status=400, reason=Bad Request 
 headers={'Access-Control-Allow-Origin': '*', 'x-dns-prefetch-control': 'off', 'x-frame-options': 'SAMEORIGIN', 'strict-transport-security': 'max-age=15552000; includeSubDomains', 'x-download-options': 'noopen', 'x-content-type-options': 'nosniff', 'x-xss-protection': '1; mode=block', 'x-moesif-transaction-id': '1b152e9d-6088-48cb-8aa3-67c665eee93a', 'Content-Type': 'application/json; charset=utf-8', 'Content-Length': '53', 'Date': 'Mon, 27 Jun 2022 14:05:35 GMT', 'Connection': 'keep-alive', 'Keep-Alive': 'timeout=5'} 
 body={
    "message": "Este email já está sendo usado"
} 
 </msg>
<msg timestamp="20220627 11:05:35.612" level="INFO">${response} = &lt;Response [400]&gt;</msg>
<status status="PASS" starttime="20220627 11:05:35.609" endtime="20220627 11:05:35.613"/>
</kw>
<kw name="Log To Console" library="BuiltIn">
<arg>Response: ${response.content}</arg>
<doc>Logs the given message to the console.</doc>
<status status="PASS" starttime="20220627 11:05:35.613" endtime="20220627 11:05:35.613"/>
</kw>
<kw name="Set Global Variable" library="BuiltIn">
<arg>${response}</arg>
<doc>Makes a variable available globally in all tests and suites.</doc>
<msg timestamp="20220627 11:05:35.614" level="INFO">${response} = &lt;Response [400]&gt;</msg>
<status status="PASS" starttime="20220627 11:05:35.614" endtime="20220627 11:05:35.614"/>
</kw>
<status status="PASS" starttime="20220627 11:05:35.609" endtime="20220627 11:05:35.614"/>
</kw>
<kw name="Validar status code &quot;400&quot;" library="common" sourcename="Validar status code &quot;${statuscode}&quot;">
<kw name="Should Be True" library="BuiltIn">
<arg>${response.status_code} == ${statuscode}</arg>
<doc>Fails if the given condition is not true.</doc>
<status status="PASS" starttime="20220627 11:05:35.615" endtime="20220627 11:05:35.617"/>
</kw>
<status status="PASS" starttime="20220627 11:05:35.615" endtime="20220627 11:05:35.617"/>
</kw>
<kw name="Validar a Mensagem &quot;Este email já está sendo usado&quot;" library="common" sourcename="Validar a mensagem &quot;${mensagem}&quot;">
<kw name="Should Be Equal" library="BuiltIn">
<arg>${response.json()["message"]}</arg>
<arg>${mensagem}</arg>
<doc>Fails if the given objects are unequal.</doc>
<status status="PASS" starttime="20220627 11:05:35.619" endtime="20220627 11:05:35.621"/>
</kw>
<status status="PASS" starttime="20220627 11:05:35.619" endtime="20220627 11:05:35.621"/>
</kw>
<tag>POST.USUARIO.ERRO</tag>
<tag>USUARIOS</tag>
<status status="PASS" starttime="20220627 11:05:35.594" endtime="20220627 11:05:35.622"/>
</test>
<test id="s1-t6" name="Cenario: PUT Editar Usuario 200" line="51">
<kw name="Criar Sessao">
<kw name="Create Session" library="RequestsLibrary">
<arg>serverest</arg>
<arg>http://localhost:3000/</arg>
<doc>Create Session: create a HTTP session to a server</doc>
<msg timestamp="20220627 11:05:35.626" level="INFO">Creating Session using : alias=serverest, url=http://localhost:3000/, headers={},                     cookies={}, auth=None, timeout=None, proxies=None, verify=False,                     debug=0 </msg>
<status status="PASS" starttime="20220627 11:05:35.624" endtime="20220627 11:05:35.626"/>
</kw>
<status status="PASS" starttime="20220627 11:05:35.624" endtime="20220627 11:05:35.626"/>
</kw>
<kw name="Cadastrar usuario_valido3_adm e armazenar id" library="usuarios_keywords" sourcename="Cadastrar ${tipo_de_usuario} e armazenar id">
<kw name="Criar ${tipo_de_usuario} estatico" library="usuarios_keywords" sourcename="Criar ${tipo_de_usuario} estatico">
<kw name="Importar JSON estatico" library="common">
<var>${json}</var>
<arg>json_usuario_ex.json</arg>
<kw name="Get File" library="OperatingSystem">
<var>${arquivo}</var>
<arg>${EXECDIR}/${nome_arquivo}</arg>
<doc>Returns the contents of a specified file.</doc>
<msg timestamp="20220627 11:05:35.627" level="INFO" html="true">Getting file '&lt;a href="file://C:\Users\Luana\Desktop\Robot\Dia_04\json_usuario_ex.json"&gt;C:\Users\Luana\Desktop\Robot\Dia_04\json_usuario_ex.json&lt;/a&gt;'.</msg>
<msg timestamp="20220627 11:05:35.627" level="INFO">${arquivo} = {
    "usuario_valido1_adm": {
        "nome": "James Bond",
        "email": "james.bond@gmail.com",
        "password": "teste123",
        "administrador": "true"
    },
    "usuario_valido2_adm": ...</msg>
<status status="PASS" starttime="20220627 11:05:35.627" endtime="20220627 11:05:35.627"/>
</kw>
<kw name="Evaluate" library="BuiltIn">
<var>${data}</var>
<arg>json.loads('''${arquivo}''')</arg>
<arg>json</arg>
<doc>Evaluates the given expression in Python and returns the result.</doc>
<msg timestamp="20220627 11:05:35.628" level="INFO">${data} = {'usuario_valido1_adm': {'nome': 'James Bond', 'email': 'james.bond@gmail.com', 'password': 'teste123', 'administrador': 'true'}, 'usuario_valido2_adm': {'nome': 'Robert Baxter', 'email': 'robert.baxt...</msg>
<status status="PASS" starttime="20220627 11:05:35.628" endtime="20220627 11:05:35.628"/>
</kw>
<msg timestamp="20220627 11:05:35.628" level="INFO">${json} = {'usuario_valido1_adm': {'nome': 'James Bond', 'email': 'james.bond@gmail.com', 'password': 'teste123', 'administrador': 'true'}, 'usuario_valido2_adm': {'nome': 'Robert Baxter', 'email': 'robert.baxt...</msg>
<status status="PASS" starttime="20220627 11:05:35.626" endtime="20220627 11:05:35.628"/>
</kw>
<kw name="Set Variable" library="BuiltIn">
<var>${payload}</var>
<arg>${json["${tipo_de_usuario}"]}</arg>
<doc>Returns the given values which can then be assigned to a variables.</doc>
<msg timestamp="20220627 11:05:35.629" level="INFO">${payload} = {'nome': 'Dena Schwartz', 'email': 'dena.schwartz@gmail.com', 'password': 'teste123', 'administrador': 'true'}</msg>
<status status="PASS" starttime="20220627 11:05:35.628" endtime="20220627 11:05:35.629"/>
</kw>
<kw name="Set Global Variable" library="BuiltIn">
<arg>${payload}</arg>
<doc>Makes a variable available globally in all tests and suites.</doc>
<msg timestamp="20220627 11:05:35.629" level="INFO">${payload} = {'nome': 'Dena Schwartz', 'email': 'dena.schwartz@gmail.com', 'password': 'teste123', 'administrador': 'true'}</msg>
<status status="PASS" starttime="20220627 11:05:35.629" endtime="20220627 11:05:35.629"/>
</kw>
<status status="PASS" starttime="20220627 11:05:35.626" endtime="20220627 11:05:35.629"/>
</kw>
<kw name="POST endpoint /usuarios" library="usuarios_keywords">
<kw name="POST On Session" library="RequestsLibrary">
<var>${response}</var>
<arg>serverest</arg>
<arg>/usuarios</arg>
<arg>json=&amp;{payload}</arg>
<arg>expected_status=any</arg>
<doc>Sends a POST request on a previously created HTTP Session.</doc>
<msg timestamp="20220627 11:05:35.637" level="INFO">POST Request : url=http://localhost:3000/usuarios 
 path_url=/usuarios 
 headers={'User-Agent': 'python-requests/2.28.0', 'Accept-Encoding': 'gzip, deflate', 'Accept': '*/*', 'Connection': 'keep-alive', 'Content-Length': '110', 'Content-Type': 'application/json'} 
 body=b'{"nome": "Dena Schwartz", "email": "dena.schwartz@gmail.com", "password": "teste123", "administrador": "true"}' 
 </msg>
<msg timestamp="20220627 11:05:35.638" level="INFO">POST Response : url=http://localhost:3000/usuarios 
 status=201, reason=Created 
 headers={'Access-Control-Allow-Origin': '*', 'x-dns-prefetch-control': 'off', 'x-frame-options': 'SAMEORIGIN', 'strict-transport-security': 'max-age=15552000; includeSubDomains', 'x-download-options': 'noopen', 'x-content-type-options': 'nosniff', 'x-xss-protection': '1; mode=block', 'x-moesif-transaction-id': '82d651b1-975c-4679-b7f7-6ff5d599db6c', 'Content-Type': 'application/json; charset=utf-8', 'Content-Length': '82', 'Date': 'Mon, 27 Jun 2022 14:05:35 GMT', 'Connection': 'keep-alive', 'Keep-Alive': 'timeout=5'} 
 body={
    "message": "Cadastro realizado com sucesso",
    "_id": "dTYJ9ZBZcyHiiYTZ"
} 
 </msg>
<msg timestamp="20220627 11:05:35.638" level="INFO">${response} = &lt;Response [201]&gt;</msg>
<status status="PASS" starttime="20220627 11:05:35.630" endtime="20220627 11:05:35.638"/>
</kw>
<kw name="Log To Console" library="BuiltIn">
<arg>Response: ${response.content}</arg>
<doc>Logs the given message to the console.</doc>
<status status="PASS" starttime="20220627 11:05:35.638" endtime="20220627 11:05:35.639"/>
</kw>
<kw name="Set Global Variable" library="BuiltIn">
<arg>${response}</arg>
<doc>Makes a variable available globally in all tests and suites.</doc>
<msg timestamp="20220627 11:05:35.639" level="INFO">${response} = &lt;Response [201]&gt;</msg>
<status status="PASS" starttime="20220627 11:05:35.639" endtime="20220627 11:05:35.639"/>
</kw>
<status status="PASS" starttime="20220627 11:05:35.630" endtime="20220627 11:05:35.639"/>
</kw>
<kw name="Set Variable" library="BuiltIn">
<var>${id_usuario}</var>
<arg>${response.json()["_id"]}</arg>
<doc>Returns the given values which can then be assigned to a variables.</doc>
<msg timestamp="20220627 11:05:35.640" level="INFO">${id_usuario} = dTYJ9ZBZcyHiiYTZ</msg>
<status status="PASS" starttime="20220627 11:05:35.639" endtime="20220627 11:05:35.640"/>
</kw>
<kw name="Set Global Variable" library="BuiltIn">
<arg>${id_usuario}</arg>
<doc>Makes a variable available globally in all tests and suites.</doc>
<msg timestamp="20220627 11:05:35.640" level="INFO">${id_usuario} = dTYJ9ZBZcyHiiYTZ</msg>
<status status="PASS" starttime="20220627 11:05:35.640" endtime="20220627 11:05:35.640"/>
</kw>
<status status="PASS" starttime="20220627 11:05:35.626" endtime="20220627 11:05:35.640"/>
</kw>
<kw name="Criar usuario_valido3_editado estatico" library="usuarios_keywords" sourcename="Criar ${tipo_de_usuario} estatico">
<kw name="Importar JSON estatico" library="common">
<var>${json}</var>
<arg>json_usuario_ex.json</arg>
<kw name="Get File" library="OperatingSystem">
<var>${arquivo}</var>
<arg>${EXECDIR}/${nome_arquivo}</arg>
<doc>Returns the contents of a specified file.</doc>
<msg timestamp="20220627 11:05:35.642" level="INFO" html="true">Getting file '&lt;a href="file://C:\Users\Luana\Desktop\Robot\Dia_04\json_usuario_ex.json"&gt;C:\Users\Luana\Desktop\Robot\Dia_04\json_usuario_ex.json&lt;/a&gt;'.</msg>
<msg timestamp="20220627 11:05:35.642" level="INFO">${arquivo} = {
    "usuario_valido1_adm": {
        "nome": "James Bond",
        "email": "james.bond@gmail.com",
        "password": "teste123",
        "administrador": "true"
    },
    "usuario_valido2_adm": ...</msg>
<status status="PASS" starttime="20220627 11:05:35.641" endtime="20220627 11:05:35.642"/>
</kw>
<kw name="Evaluate" library="BuiltIn">
<var>${data}</var>
<arg>json.loads('''${arquivo}''')</arg>
<arg>json</arg>
<doc>Evaluates the given expression in Python and returns the result.</doc>
<msg timestamp="20220627 11:05:35.642" level="INFO">${data} = {'usuario_valido1_adm': {'nome': 'James Bond', 'email': 'james.bond@gmail.com', 'password': 'teste123', 'administrador': 'true'}, 'usuario_valido2_adm': {'nome': 'Robert Baxter', 'email': 'robert.baxt...</msg>
<status status="PASS" starttime="20220627 11:05:35.642" endtime="20220627 11:05:35.642"/>
</kw>
<msg timestamp="20220627 11:05:35.643" level="INFO">${json} = {'usuario_valido1_adm': {'nome': 'James Bond', 'email': 'james.bond@gmail.com', 'password': 'teste123', 'administrador': 'true'}, 'usuario_valido2_adm': {'nome': 'Robert Baxter', 'email': 'robert.baxt...</msg>
<status status="PASS" starttime="20220627 11:05:35.641" endtime="20220627 11:05:35.643"/>
</kw>
<kw name="Set Variable" library="BuiltIn">
<var>${payload}</var>
<arg>${json["${tipo_de_usuario}"]}</arg>
<doc>Returns the given values which can then be assigned to a variables.</doc>
<msg timestamp="20220627 11:05:35.643" level="INFO">${payload} = {'nome': 'Dena Schwartz Editado', 'email': 'dena.schwartz@gmail.com', 'password': 'teste12345', 'administrador': 'false'}</msg>
<status status="PASS" starttime="20220627 11:05:35.643" endtime="20220627 11:05:35.643"/>
</kw>
<kw name="Set Global Variable" library="BuiltIn">
<arg>${payload}</arg>
<doc>Makes a variable available globally in all tests and suites.</doc>
<msg timestamp="20220627 11:05:35.644" level="INFO">${payload} = {'nome': 'Dena Schwartz Editado', 'email': 'dena.schwartz@gmail.com', 'password': 'teste12345', 'administrador': 'false'}</msg>
<status status="PASS" starttime="20220627 11:05:35.643" endtime="20220627 11:05:35.644"/>
</kw>
<status status="PASS" starttime="20220627 11:05:35.641" endtime="20220627 11:05:35.644"/>
</kw>
<kw name="PUT endpoint /usuarios/${id_usuario}" library="usuarios_keywords" sourcename="PUT endpoint /usuarios/${id_usuario}">
<kw name="PUT On Session" library="RequestsLibrary">
<var>${response}</var>
<arg>serverest</arg>
<arg>/usuarios/${id_usuario}</arg>
<arg>json=&amp;{payload}</arg>
<arg>expected_status=any</arg>
<doc>Sends a PUT request on a previously created HTTP Session.</doc>
<msg timestamp="20220627 11:05:35.653" level="INFO">PUT Request : url=http://localhost:3000/usuarios/dTYJ9ZBZcyHiiYTZ 
 path_url=/usuarios/dTYJ9ZBZcyHiiYTZ 
 headers={'User-Agent': 'python-requests/2.28.0', 'Accept-Encoding': 'gzip, deflate', 'Accept': '*/*', 'Connection': 'keep-alive', 'Content-Length': '121', 'Content-Type': 'application/json'} 
 body=b'{"nome": "Dena Schwartz Editado", "email": "dena.schwartz@gmail.com", "password": "teste12345", "administrador": "false"}' 
 </msg>
<msg timestamp="20220627 11:05:35.653" level="INFO">PUT Response : url=http://localhost:3000/usuarios/dTYJ9ZBZcyHiiYTZ 
 status=200, reason=OK 
 headers={'Access-Control-Allow-Origin': '*', 'x-dns-prefetch-control': 'off', 'x-frame-options': 'SAMEORIGIN', 'strict-transport-security': 'max-age=15552000; includeSubDomains', 'x-download-options': 'noopen', 'x-content-type-options': 'nosniff', 'x-xss-protection': '1; mode=block', 'x-moesif-transaction-id': '91d1f26e-5c86-43f0-90aa-b2e85e379074', 'Content-Type': 'application/json; charset=utf-8', 'Content-Length': '50', 'Date': 'Mon, 27 Jun 2022 14:05:35 GMT', 'Connection': 'keep-alive', 'Keep-Alive': 'timeout=5'} 
 body={
    "message": "Registro alterado com sucesso"
} 
 </msg>
<msg timestamp="20220627 11:05:35.653" level="INFO">${response} = &lt;Response [200]&gt;</msg>
<status status="PASS" starttime="20220627 11:05:35.645" endtime="20220627 11:05:35.653"/>
</kw>
<kw name="Log To Console" library="BuiltIn">
<arg>Response: ${response.content}</arg>
<doc>Logs the given message to the console.</doc>
<status status="PASS" starttime="20220627 11:05:35.654" endtime="20220627 11:05:35.655"/>
</kw>
<kw name="Set Global Variable" library="BuiltIn">
<arg>${response}</arg>
<doc>Makes a variable available globally in all tests and suites.</doc>
<msg timestamp="20220627 11:05:35.656" level="INFO">${response} = &lt;Response [200]&gt;</msg>
<status status="PASS" starttime="20220627 11:05:35.656" endtime="20220627 11:05:35.656"/>
</kw>
<status status="PASS" starttime="20220627 11:05:35.645" endtime="20220627 11:05:35.656"/>
</kw>
<kw name="Validar status code &quot;200&quot;" library="common" sourcename="Validar status code &quot;${statuscode}&quot;">
<kw name="Should Be True" library="BuiltIn">
<arg>${response.status_code} == ${statuscode}</arg>
<doc>Fails if the given condition is not true.</doc>
<status status="PASS" starttime="20220627 11:05:35.658" endtime="20220627 11:05:35.658"/>
</kw>
<status status="PASS" starttime="20220627 11:05:35.657" endtime="20220627 11:05:35.659"/>
</kw>
<kw name="Validar a Mensagem &quot;Registro alterado com sucesso&quot;" library="common" sourcename="Validar a mensagem &quot;${mensagem}&quot;">
<kw name="Should Be Equal" library="BuiltIn">
<arg>${response.json()["message"]}</arg>
<arg>${mensagem}</arg>
<doc>Fails if the given objects are unequal.</doc>
<status status="PASS" starttime="20220627 11:05:35.659" endtime="20220627 11:05:35.660"/>
</kw>
<status status="PASS" starttime="20220627 11:05:35.659" endtime="20220627 11:05:35.660"/>
</kw>
<tag>PUT.USUARIO</tag>
<tag>USUARIOS</tag>
<status status="PASS" starttime="20220627 11:05:35.623" endtime="20220627 11:05:35.661"/>
</test>
<test id="s1-t7" name="Cenario: PUT Editar Usuario Nao Cadastrado 201" line="60">
<kw name="Criar Sessao">
<kw name="Create Session" library="RequestsLibrary">
<arg>serverest</arg>
<arg>http://localhost:3000/</arg>
<doc>Create Session: create a HTTP session to a server</doc>
<msg timestamp="20220627 11:05:35.663" level="INFO">Creating Session using : alias=serverest, url=http://localhost:3000/, headers={},                     cookies={}, auth=None, timeout=None, proxies=None, verify=False,                     debug=0 </msg>
<status status="PASS" starttime="20220627 11:05:35.662" endtime="20220627 11:05:35.663"/>
</kw>
<status status="PASS" starttime="20220627 11:05:35.662" endtime="20220627 11:05:35.663"/>
</kw>
<kw name="Criar usuario_valido4_adm estatico" library="usuarios_keywords" sourcename="Criar ${tipo_de_usuario} estatico">
<kw name="Importar JSON estatico" library="common">
<var>${json}</var>
<arg>json_usuario_ex.json</arg>
<kw name="Get File" library="OperatingSystem">
<var>${arquivo}</var>
<arg>${EXECDIR}/${nome_arquivo}</arg>
<doc>Returns the contents of a specified file.</doc>
<msg timestamp="20220627 11:05:35.664" level="INFO" html="true">Getting file '&lt;a href="file://C:\Users\Luana\Desktop\Robot\Dia_04\json_usuario_ex.json"&gt;C:\Users\Luana\Desktop\Robot\Dia_04\json_usuario_ex.json&lt;/a&gt;'.</msg>
<msg timestamp="20220627 11:05:35.664" level="INFO">${arquivo} = {
    "usuario_valido1_adm": {
        "nome": "James Bond",
        "email": "james.bond@gmail.com",
        "password": "teste123",
        "administrador": "true"
    },
    "usuario_valido2_adm": ...</msg>
<status status="PASS" starttime="20220627 11:05:35.664" endtime="20220627 11:05:35.664"/>
</kw>
<kw name="Evaluate" library="BuiltIn">
<var>${data}</var>
<arg>json.loads('''${arquivo}''')</arg>
<arg>json</arg>
<doc>Evaluates the given expression in Python and returns the result.</doc>
<msg timestamp="20220627 11:05:35.665" level="INFO">${data} = {'usuario_valido1_adm': {'nome': 'James Bond', 'email': 'james.bond@gmail.com', 'password': 'teste123', 'administrador': 'true'}, 'usuario_valido2_adm': {'nome': 'Robert Baxter', 'email': 'robert.baxt...</msg>
<status status="PASS" starttime="20220627 11:05:35.664" endtime="20220627 11:05:35.665"/>
</kw>
<msg timestamp="20220627 11:05:35.665" level="INFO">${json} = {'usuario_valido1_adm': {'nome': 'James Bond', 'email': 'james.bond@gmail.com', 'password': 'teste123', 'administrador': 'true'}, 'usuario_valido2_adm': {'nome': 'Robert Baxter', 'email': 'robert.baxt...</msg>
<status status="PASS" starttime="20220627 11:05:35.663" endtime="20220627 11:05:35.665"/>
</kw>
<kw name="Set Variable" library="BuiltIn">
<var>${payload}</var>
<arg>${json["${tipo_de_usuario}"]}</arg>
<doc>Returns the given values which can then be assigned to a variables.</doc>
<msg timestamp="20220627 11:05:35.666" level="INFO">${payload} = {'nome': 'Crystal Porter', 'email': 'crystal.porter@gmail.com', 'password': 'teste123', 'administrador': 'true'}</msg>
<status status="PASS" starttime="20220627 11:05:35.665" endtime="20220627 11:05:35.666"/>
</kw>
<kw name="Set Global Variable" library="BuiltIn">
<arg>${payload}</arg>
<doc>Makes a variable available globally in all tests and suites.</doc>
<msg timestamp="20220627 11:05:35.666" level="INFO">${payload} = {'nome': 'Crystal Porter', 'email': 'crystal.porter@gmail.com', 'password': 'teste123', 'administrador': 'true'}</msg>
<status status="PASS" starttime="20220627 11:05:35.666" endtime="20220627 11:05:35.666"/>
</kw>
<status status="PASS" starttime="20220627 11:05:35.663" endtime="20220627 11:05:35.666"/>
</kw>
<kw name="PUT endpoint /usuarios/${id_invalido}" library="usuarios_keywords" sourcename="PUT endpoint /usuarios/${id_usuario}">
<kw name="PUT On Session" library="RequestsLibrary">
<var>${response}</var>
<arg>serverest</arg>
<arg>/usuarios/${id_usuario}</arg>
<arg>json=&amp;{payload}</arg>
<arg>expected_status=any</arg>
<doc>Sends a PUT request on a previously created HTTP Session.</doc>
<msg timestamp="20220627 11:05:35.673" level="INFO">PUT Request : url=http://localhost:3000/usuarios/IdInvalido123 
 path_url=/usuarios/IdInvalido123 
 headers={'User-Agent': 'python-requests/2.28.0', 'Accept-Encoding': 'gzip, deflate', 'Accept': '*/*', 'Connection': 'keep-alive', 'Content-Length': '112', 'Content-Type': 'application/json'} 
 body=b'{"nome": "Crystal Porter", "email": "crystal.porter@gmail.com", "password": "teste123", "administrador": "true"}' 
 </msg>
<msg timestamp="20220627 11:05:35.673" level="INFO">PUT Response : url=http://localhost:3000/usuarios/IdInvalido123 
 status=201, reason=Created 
 headers={'Access-Control-Allow-Origin': '*', 'x-dns-prefetch-control': 'off', 'x-frame-options': 'SAMEORIGIN', 'strict-transport-security': 'max-age=15552000; includeSubDomains', 'x-download-options': 'noopen', 'x-content-type-options': 'nosniff', 'x-xss-protection': '1; mode=block', 'x-moesif-transaction-id': 'e5b1e0ab-e1d6-4a9a-ad88-ffd2aac9f7d3', 'Content-Type': 'application/json; charset=utf-8', 'Content-Length': '82', 'Date': 'Mon, 27 Jun 2022 14:05:35 GMT', 'Connection': 'keep-alive', 'Keep-Alive': 'timeout=5'} 
 body={
    "message": "Cadastro realizado com sucesso",
    "_id": "OuAPqNpxBXIgU55l"
} 
 </msg>
<msg timestamp="20220627 11:05:35.673" level="INFO">${response} = &lt;Response [201]&gt;</msg>
<status status="PASS" starttime="20220627 11:05:35.668" endtime="20220627 11:05:35.673"/>
</kw>
<kw name="Log To Console" library="BuiltIn">
<arg>Response: ${response.content}</arg>
<doc>Logs the given message to the console.</doc>
<status status="PASS" starttime="20220627 11:05:35.674" endtime="20220627 11:05:35.675"/>
</kw>
<kw name="Set Global Variable" library="BuiltIn">
<arg>${response}</arg>
<doc>Makes a variable available globally in all tests and suites.</doc>
<msg timestamp="20220627 11:05:35.675" level="INFO">${response} = &lt;Response [201]&gt;</msg>
<status status="PASS" starttime="20220627 11:05:35.675" endtime="20220627 11:05:35.675"/>
</kw>
<status status="PASS" starttime="20220627 11:05:35.667" endtime="20220627 11:05:35.675"/>
</kw>
<kw name="Validar status code &quot;201&quot;" library="common" sourcename="Validar status code &quot;${statuscode}&quot;">
<kw name="Should Be True" library="BuiltIn">
<arg>${response.status_code} == ${statuscode}</arg>
<doc>Fails if the given condition is not true.</doc>
<status status="PASS" starttime="20220627 11:05:35.676" endtime="20220627 11:05:35.677"/>
</kw>
<status status="PASS" starttime="20220627 11:05:35.676" endtime="20220627 11:05:35.677"/>
</kw>
<kw name="Validar a Mensagem &quot;Cadastro realizado com sucesso&quot;" library="common" sourcename="Validar a mensagem &quot;${mensagem}&quot;">
<kw name="Should Be Equal" library="BuiltIn">
<arg>${response.json()["message"]}</arg>
<arg>${mensagem}</arg>
<doc>Fails if the given objects are unequal.</doc>
<status status="PASS" starttime="20220627 11:05:35.678" endtime="20220627 11:05:35.678"/>
</kw>
<status status="PASS" starttime="20220627 11:05:35.678" endtime="20220627 11:05:35.678"/>
</kw>
<tag>PUT.USUARIO.CADASTRAR</tag>
<tag>USUARIOS</tag>
<status status="PASS" starttime="20220627 11:05:35.662" endtime="20220627 11:05:35.680"/>
</test>
<test id="s1-t8" name="Cenario: PUT Criar Usuario Email Utilizado 400" line="68">
<kw name="Criar Sessao">
<kw name="Create Session" library="RequestsLibrary">
<arg>serverest</arg>
<arg>http://localhost:3000/</arg>
<doc>Create Session: create a HTTP session to a server</doc>
<msg timestamp="20220627 11:05:35.682" level="INFO">Creating Session using : alias=serverest, url=http://localhost:3000/, headers={},                     cookies={}, auth=None, timeout=None, proxies=None, verify=False,                     debug=0 </msg>
<status status="PASS" starttime="20220627 11:05:35.682" endtime="20220627 11:05:35.683"/>
</kw>
<status status="PASS" starttime="20220627 11:05:35.682" endtime="20220627 11:05:35.683"/>
</kw>
<kw name="Criar usuario_cadastro_email_igual estatico" library="usuarios_keywords" sourcename="Criar ${tipo_de_usuario} estatico">
<kw name="Importar JSON estatico" library="common">
<var>${json}</var>
<arg>json_usuario_ex.json</arg>
<kw name="Get File" library="OperatingSystem">
<var>${arquivo}</var>
<arg>${EXECDIR}/${nome_arquivo}</arg>
<doc>Returns the contents of a specified file.</doc>
<msg timestamp="20220627 11:05:35.687" level="INFO" html="true">Getting file '&lt;a href="file://C:\Users\Luana\Desktop\Robot\Dia_04\json_usuario_ex.json"&gt;C:\Users\Luana\Desktop\Robot\Dia_04\json_usuario_ex.json&lt;/a&gt;'.</msg>
<msg timestamp="20220627 11:05:35.687" level="INFO">${arquivo} = {
    "usuario_valido1_adm": {
        "nome": "James Bond",
        "email": "james.bond@gmail.com",
        "password": "teste123",
        "administrador": "true"
    },
    "usuario_valido2_adm": ...</msg>
<status status="PASS" starttime="20220627 11:05:35.685" endtime="20220627 11:05:35.687"/>
</kw>
<kw name="Evaluate" library="BuiltIn">
<var>${data}</var>
<arg>json.loads('''${arquivo}''')</arg>
<arg>json</arg>
<doc>Evaluates the given expression in Python and returns the result.</doc>
<msg timestamp="20220627 11:05:35.688" level="INFO">${data} = {'usuario_valido1_adm': {'nome': 'James Bond', 'email': 'james.bond@gmail.com', 'password': 'teste123', 'administrador': 'true'}, 'usuario_valido2_adm': {'nome': 'Robert Baxter', 'email': 'robert.baxt...</msg>
<status status="PASS" starttime="20220627 11:05:35.687" endtime="20220627 11:05:35.688"/>
</kw>
<msg timestamp="20220627 11:05:35.688" level="INFO">${json} = {'usuario_valido1_adm': {'nome': 'James Bond', 'email': 'james.bond@gmail.com', 'password': 'teste123', 'administrador': 'true'}, 'usuario_valido2_adm': {'nome': 'Robert Baxter', 'email': 'robert.baxt...</msg>
<status status="PASS" starttime="20220627 11:05:35.684" endtime="20220627 11:05:35.688"/>
</kw>
<kw name="Set Variable" library="BuiltIn">
<var>${payload}</var>
<arg>${json["${tipo_de_usuario}"]}</arg>
<doc>Returns the given values which can then be assigned to a variables.</doc>
<msg timestamp="20220627 11:05:35.689" level="INFO">${payload} = {'nome': 'Harry Petter', 'email': 'harry.petter@gmail.com', 'password': 'teste123', 'administrador': 'true'}</msg>
<status status="PASS" starttime="20220627 11:05:35.688" endtime="20220627 11:05:35.689"/>
</kw>
<kw name="Set Global Variable" library="BuiltIn">
<arg>${payload}</arg>
<doc>Makes a variable available globally in all tests and suites.</doc>
<msg timestamp="20220627 11:05:35.689" level="INFO">${payload} = {'nome': 'Harry Petter', 'email': 'harry.petter@gmail.com', 'password': 'teste123', 'administrador': 'true'}</msg>
<status status="PASS" starttime="20220627 11:05:35.689" endtime="20220627 11:05:35.689"/>
</kw>
<status status="PASS" starttime="20220627 11:05:35.683" endtime="20220627 11:05:35.689"/>
</kw>
<kw name="PUT endpoint /usuarios/${id_invalido}" library="usuarios_keywords" sourcename="PUT endpoint /usuarios/${id_usuario}">
<kw name="PUT On Session" library="RequestsLibrary">
<var>${response}</var>
<arg>serverest</arg>
<arg>/usuarios/${id_usuario}</arg>
<arg>json=&amp;{payload}</arg>
<arg>expected_status=any</arg>
<doc>Sends a PUT request on a previously created HTTP Session.</doc>
<msg timestamp="20220627 11:05:35.694" level="INFO">PUT Request : url=http://localhost:3000/usuarios/IdInvalido123 
 path_url=/usuarios/IdInvalido123 
 headers={'User-Agent': 'python-requests/2.28.0', 'Accept-Encoding': 'gzip, deflate', 'Accept': '*/*', 'Connection': 'keep-alive', 'Content-Length': '108', 'Content-Type': 'application/json'} 
 body=b'{"nome": "Harry Petter", "email": "harry.petter@gmail.com", "password": "teste123", "administrador": "true"}' 
 </msg>
<msg timestamp="20220627 11:05:35.694" level="INFO">PUT Response : url=http://localhost:3000/usuarios/IdInvalido123 
 status=400, reason=Bad Request 
 headers={'Access-Control-Allow-Origin': '*', 'x-dns-prefetch-control': 'off', 'x-frame-options': 'SAMEORIGIN', 'strict-transport-security': 'max-age=15552000; includeSubDomains', 'x-download-options': 'noopen', 'x-content-type-options': 'nosniff', 'x-xss-protection': '1; mode=block', 'x-moesif-transaction-id': '9118b58e-c853-4e44-9f6e-9531641a1c73', 'Content-Type': 'application/json; charset=utf-8', 'Content-Length': '53', 'Date': 'Mon, 27 Jun 2022 14:05:35 GMT', 'Connection': 'keep-alive', 'Keep-Alive': 'timeout=5'} 
 body={
    "message": "Este email já está sendo usado"
} 
 </msg>
<msg timestamp="20220627 11:05:35.694" level="INFO">${response} = &lt;Response [400]&gt;</msg>
<status status="PASS" starttime="20220627 11:05:35.690" endtime="20220627 11:05:35.694"/>
</kw>
<kw name="Log To Console" library="BuiltIn">
<arg>Response: ${response.content}</arg>
<doc>Logs the given message to the console.</doc>
<status status="PASS" starttime="20220627 11:05:35.695" endtime="20220627 11:05:35.695"/>
</kw>
<kw name="Set Global Variable" library="BuiltIn">
<arg>${response}</arg>
<doc>Makes a variable available globally in all tests and suites.</doc>
<msg timestamp="20220627 11:05:35.696" level="INFO">${response} = &lt;Response [400]&gt;</msg>
<status status="PASS" starttime="20220627 11:05:35.695" endtime="20220627 11:05:35.696"/>
</kw>
<status status="PASS" starttime="20220627 11:05:35.689" endtime="20220627 11:05:35.696"/>
</kw>
<kw name="Validar status code &quot;400&quot;" library="common" sourcename="Validar status code &quot;${statuscode}&quot;">
<kw name="Should Be True" library="BuiltIn">
<arg>${response.status_code} == ${statuscode}</arg>
<doc>Fails if the given condition is not true.</doc>
<status status="PASS" starttime="20220627 11:05:35.697" endtime="20220627 11:05:35.698"/>
</kw>
<status status="PASS" starttime="20220627 11:05:35.697" endtime="20220627 11:05:35.698"/>
</kw>
<kw name="Validar a Mensagem &quot;Este email já está sendo usado&quot;" library="common" sourcename="Validar a mensagem &quot;${mensagem}&quot;">
<kw name="Should Be Equal" library="BuiltIn">
<arg>${response.json()["message"]}</arg>
<arg>${mensagem}</arg>
<doc>Fails if the given objects are unequal.</doc>
<status status="PASS" starttime="20220627 11:05:35.699" endtime="20220627 11:05:35.700"/>
</kw>
<status status="PASS" starttime="20220627 11:05:35.699" endtime="20220627 11:05:35.700"/>
</kw>
<tag>PUT.USUARIO.CADASTRADO</tag>
<tag>USUARIOS</tag>
<status status="PASS" starttime="20220627 11:05:35.681" endtime="20220627 11:05:35.700"/>
</test>
<test id="s1-t9" name="Cenario: DELETE Deletar Usuario 200" line="77">
<kw name="Criar Sessao">
<kw name="Create Session" library="RequestsLibrary">
<arg>serverest</arg>
<arg>http://localhost:3000/</arg>
<doc>Create Session: create a HTTP session to a server</doc>
<msg timestamp="20220627 11:05:35.703" level="INFO">Creating Session using : alias=serverest, url=http://localhost:3000/, headers={},                     cookies={}, auth=None, timeout=None, proxies=None, verify=False,                     debug=0 </msg>
<status status="PASS" starttime="20220627 11:05:35.703" endtime="20220627 11:05:35.703"/>
</kw>
<status status="PASS" starttime="20220627 11:05:35.703" endtime="20220627 11:05:35.703"/>
</kw>
<kw name="Cadastrar usuario_valido5_adm e armazenar id" library="usuarios_keywords" sourcename="Cadastrar ${tipo_de_usuario} e armazenar id">
<kw name="Criar ${tipo_de_usuario} estatico" library="usuarios_keywords" sourcename="Criar ${tipo_de_usuario} estatico">
<kw name="Importar JSON estatico" library="common">
<var>${json}</var>
<arg>json_usuario_ex.json</arg>
<kw name="Get File" library="OperatingSystem">
<var>${arquivo}</var>
<arg>${EXECDIR}/${nome_arquivo}</arg>
<doc>Returns the contents of a specified file.</doc>
<msg timestamp="20220627 11:05:35.705" level="INFO" html="true">Getting file '&lt;a href="file://C:\Users\Luana\Desktop\Robot\Dia_04\json_usuario_ex.json"&gt;C:\Users\Luana\Desktop\Robot\Dia_04\json_usuario_ex.json&lt;/a&gt;'.</msg>
<msg timestamp="20220627 11:05:35.705" level="INFO">${arquivo} = {
    "usuario_valido1_adm": {
        "nome": "James Bond",
        "email": "james.bond@gmail.com",
        "password": "teste123",
        "administrador": "true"
    },
    "usuario_valido2_adm": ...</msg>
<status status="PASS" starttime="20220627 11:05:35.705" endtime="20220627 11:05:35.705"/>
</kw>
<kw name="Evaluate" library="BuiltIn">
<var>${data}</var>
<arg>json.loads('''${arquivo}''')</arg>
<arg>json</arg>
<doc>Evaluates the given expression in Python and returns the result.</doc>
<msg timestamp="20220627 11:05:35.706" level="INFO">${data} = {'usuario_valido1_adm': {'nome': 'James Bond', 'email': 'james.bond@gmail.com', 'password': 'teste123', 'administrador': 'true'}, 'usuario_valido2_adm': {'nome': 'Robert Baxter', 'email': 'robert.baxt...</msg>
<status status="PASS" starttime="20220627 11:05:35.706" endtime="20220627 11:05:35.706"/>
</kw>
<msg timestamp="20220627 11:05:35.706" level="INFO">${json} = {'usuario_valido1_adm': {'nome': 'James Bond', 'email': 'james.bond@gmail.com', 'password': 'teste123', 'administrador': 'true'}, 'usuario_valido2_adm': {'nome': 'Robert Baxter', 'email': 'robert.baxt...</msg>
<status status="PASS" starttime="20220627 11:05:35.705" endtime="20220627 11:05:35.706"/>
</kw>
<kw name="Set Variable" library="BuiltIn">
<var>${payload}</var>
<arg>${json["${tipo_de_usuario}"]}</arg>
<doc>Returns the given values which can then be assigned to a variables.</doc>
<msg timestamp="20220627 11:05:35.707" level="INFO">${payload} = {'nome': 'Lee Spivey', 'email': 'lee.spivey@gmail.com', 'password': 'teste123', 'administrador': 'true'}</msg>
<status status="PASS" starttime="20220627 11:05:35.706" endtime="20220627 11:05:35.707"/>
</kw>
<kw name="Set Global Variable" library="BuiltIn">
<arg>${payload}</arg>
<doc>Makes a variable available globally in all tests and suites.</doc>
<msg timestamp="20220627 11:05:35.707" level="INFO">${payload} = {'nome': 'Lee Spivey', 'email': 'lee.spivey@gmail.com', 'password': 'teste123', 'administrador': 'true'}</msg>
<status status="PASS" starttime="20220627 11:05:35.707" endtime="20220627 11:05:35.707"/>
</kw>
<status status="PASS" starttime="20220627 11:05:35.704" endtime="20220627 11:05:35.708"/>
</kw>
<kw name="POST endpoint /usuarios" library="usuarios_keywords">
<kw name="POST On Session" library="RequestsLibrary">
<var>${response}</var>
<arg>serverest</arg>
<arg>/usuarios</arg>
<arg>json=&amp;{payload}</arg>
<arg>expected_status=any</arg>
<doc>Sends a POST request on a previously created HTTP Session.</doc>
<msg timestamp="20220627 11:05:35.714" level="INFO">POST Request : url=http://localhost:3000/usuarios 
 path_url=/usuarios 
 headers={'User-Agent': 'python-requests/2.28.0', 'Accept-Encoding': 'gzip, deflate', 'Accept': '*/*', 'Connection': 'keep-alive', 'Content-Length': '104', 'Content-Type': 'application/json'} 
 body=b'{"nome": "Lee Spivey", "email": "lee.spivey@gmail.com", "password": "teste123", "administrador": "true"}' 
 </msg>
<msg timestamp="20220627 11:05:35.714" level="INFO">POST Response : url=http://localhost:3000/usuarios 
 status=201, reason=Created 
 headers={'Access-Control-Allow-Origin': '*', 'x-dns-prefetch-control': 'off', 'x-frame-options': 'SAMEORIGIN', 'strict-transport-security': 'max-age=15552000; includeSubDomains', 'x-download-options': 'noopen', 'x-content-type-options': 'nosniff', 'x-xss-protection': '1; mode=block', 'x-moesif-transaction-id': '6a32ed29-3808-441c-9488-7dc646a6472a', 'Content-Type': 'application/json; charset=utf-8', 'Content-Length': '82', 'Date': 'Mon, 27 Jun 2022 14:05:35 GMT', 'Connection': 'keep-alive', 'Keep-Alive': 'timeout=5'} 
 body={
    "message": "Cadastro realizado com sucesso",
    "_id": "hebYEm3yX5vwzSOr"
} 
 </msg>
<msg timestamp="20220627 11:05:35.714" level="INFO">${response} = &lt;Response [201]&gt;</msg>
<status status="PASS" starttime="20220627 11:05:35.708" endtime="20220627 11:05:35.714"/>
</kw>
<kw name="Log To Console" library="BuiltIn">
<arg>Response: ${response.content}</arg>
<doc>Logs the given message to the console.</doc>
<status status="PASS" starttime="20220627 11:05:35.715" endtime="20220627 11:05:35.715"/>
</kw>
<kw name="Set Global Variable" library="BuiltIn">
<arg>${response}</arg>
<doc>Makes a variable available globally in all tests and suites.</doc>
<msg timestamp="20220627 11:05:35.716" level="INFO">${response} = &lt;Response [201]&gt;</msg>
<status status="PASS" starttime="20220627 11:05:35.716" endtime="20220627 11:05:35.717"/>
</kw>
<status status="PASS" starttime="20220627 11:05:35.708" endtime="20220627 11:05:35.717"/>
</kw>
<kw name="Set Variable" library="BuiltIn">
<var>${id_usuario}</var>
<arg>${response.json()["_id"]}</arg>
<doc>Returns the given values which can then be assigned to a variables.</doc>
<msg timestamp="20220627 11:05:35.718" level="INFO">${id_usuario} = hebYEm3yX5vwzSOr</msg>
<status status="PASS" starttime="20220627 11:05:35.717" endtime="20220627 11:05:35.718"/>
</kw>
<kw name="Set Global Variable" library="BuiltIn">
<arg>${id_usuario}</arg>
<doc>Makes a variable available globally in all tests and suites.</doc>
<msg timestamp="20220627 11:05:35.719" level="INFO">${id_usuario} = hebYEm3yX5vwzSOr</msg>
<status status="PASS" starttime="20220627 11:05:35.718" endtime="20220627 11:05:35.719"/>
</kw>
<status status="PASS" starttime="20220627 11:05:35.704" endtime="20220627 11:05:35.719"/>
</kw>
<kw name="DELETE endpoint /usuarios/${id_usuario}" library="usuarios_keywords" sourcename="DELETE endpoint /usuarios/${id}">
<kw name="DELETE On Session" library="RequestsLibrary">
<var>${response}</var>
<arg>serverest</arg>
<arg>/usuarios/${id}</arg>
<arg>expected_status=any</arg>
<doc>Sends a DELETE request on a previously created HTTP Session.</doc>
<msg timestamp="20220627 11:05:35.743" level="INFO">DELETE Request : url=http://localhost:3000/usuarios/hebYEm3yX5vwzSOr 
 path_url=/usuarios/hebYEm3yX5vwzSOr 
 headers={'User-Agent': 'python-requests/2.28.0', 'Accept-Encoding': 'gzip, deflate', 'Accept': '*/*', 'Connection': 'keep-alive', 'Content-Length': '0'} 
 body=None 
 </msg>
<msg timestamp="20220627 11:05:35.744" level="INFO">DELETE Response : url=http://localhost:3000/usuarios/hebYEm3yX5vwzSOr 
 status=200, reason=OK 
 headers={'Access-Control-Allow-Origin': '*', 'x-dns-prefetch-control': 'off', 'x-frame-options': 'SAMEORIGIN', 'strict-transport-security': 'max-age=15552000; includeSubDomains', 'x-download-options': 'noopen', 'x-content-type-options': 'nosniff', 'x-xss-protection': '1; mode=block', 'x-moesif-transaction-id': 'c7e2f6f2-1880-4d02-a123-66e789dde07b', 'Content-Type': 'application/json; charset=utf-8', 'Content-Length': '51', 'Date': 'Mon, 27 Jun 2022 14:05:35 GMT', 'Connection': 'keep-alive', 'Keep-Alive': 'timeout=5'} 
 body={
    "message": "Registro excluído com sucesso"
} 
 </msg>
<msg timestamp="20220627 11:05:35.744" level="INFO">${response} = &lt;Response [200]&gt;</msg>
<status status="PASS" starttime="20220627 11:05:35.720" endtime="20220627 11:05:35.744"/>
</kw>
<kw name="Log To Console" library="BuiltIn">
<arg>Response: ${response.content}</arg>
<doc>Logs the given message to the console.</doc>
<status status="PASS" starttime="20220627 11:05:35.744" endtime="20220627 11:05:35.745"/>
</kw>
<kw name="Set Global Variable" library="BuiltIn">
<arg>${response}</arg>
<doc>Makes a variable available globally in all tests and suites.</doc>
<msg timestamp="20220627 11:05:35.745" level="INFO">${response} = &lt;Response [200]&gt;</msg>
<status status="PASS" starttime="20220627 11:05:35.745" endtime="20220627 11:05:35.746"/>
</kw>
<status status="PASS" starttime="20220627 11:05:35.720" endtime="20220627 11:05:35.746"/>
</kw>
<kw name="Validar status code &quot;200&quot;" library="common" sourcename="Validar status code &quot;${statuscode}&quot;">
<kw name="Should Be True" library="BuiltIn">
<arg>${response.status_code} == ${statuscode}</arg>
<doc>Fails if the given condition is not true.</doc>
<status status="PASS" starttime="20220627 11:05:35.747" endtime="20220627 11:05:35.748"/>
</kw>
<status status="PASS" starttime="20220627 11:05:35.747" endtime="20220627 11:05:35.748"/>
</kw>
<kw name="Validar a Mensagem &quot;Registro excluído com sucesso&quot;" library="common" sourcename="Validar a mensagem &quot;${mensagem}&quot;">
<kw name="Should Be Equal" library="BuiltIn">
<arg>${response.json()["message"]}</arg>
<arg>${mensagem}</arg>
<doc>Fails if the given objects are unequal.</doc>
<status status="PASS" starttime="20220627 11:05:35.748" endtime="20220627 11:05:35.749"/>
</kw>
<status status="PASS" starttime="20220627 11:05:35.748" endtime="20220627 11:05:35.749"/>
</kw>
<tag>DELETE.USUARIO</tag>
<tag>USUARIOS</tag>
<status status="PASS" starttime="20220627 11:05:35.702" endtime="20220627 11:05:35.750"/>
</test>
<test id="s1-t10" name="Cenario: DELETE Deletar Usuario Carrinho 400" line="85">
<kw name="Criar Sessao">
<kw name="Create Session" library="RequestsLibrary">
<arg>serverest</arg>
<arg>http://localhost:3000/</arg>
<doc>Create Session: create a HTTP session to a server</doc>
<msg timestamp="20220627 11:05:35.753" level="INFO">Creating Session using : alias=serverest, url=http://localhost:3000/, headers={},                     cookies={}, auth=None, timeout=None, proxies=None, verify=False,                     debug=0 </msg>
<status status="PASS" starttime="20220627 11:05:35.753" endtime="20220627 11:05:35.753"/>
</kw>
<status status="PASS" starttime="20220627 11:05:35.753" endtime="20220627 11:05:35.753"/>
</kw>
<kw name="Cadastrar usuario_valido6_adm e armazenar id" library="usuarios_keywords" sourcename="Cadastrar ${tipo_de_usuario} e armazenar id">
<kw name="Criar ${tipo_de_usuario} estatico" library="usuarios_keywords" sourcename="Criar ${tipo_de_usuario} estatico">
<kw name="Importar JSON estatico" library="common">
<var>${json}</var>
<arg>json_usuario_ex.json</arg>
<kw name="Get File" library="OperatingSystem">
<var>${arquivo}</var>
<arg>${EXECDIR}/${nome_arquivo}</arg>
<doc>Returns the contents of a specified file.</doc>
<msg timestamp="20220627 11:05:35.755" level="INFO" html="true">Getting file '&lt;a href="file://C:\Users\Luana\Desktop\Robot\Dia_04\json_usuario_ex.json"&gt;C:\Users\Luana\Desktop\Robot\Dia_04\json_usuario_ex.json&lt;/a&gt;'.</msg>
<msg timestamp="20220627 11:05:35.755" level="INFO">${arquivo} = {
    "usuario_valido1_adm": {
        "nome": "James Bond",
        "email": "james.bond@gmail.com",
        "password": "teste123",
        "administrador": "true"
    },
    "usuario_valido2_adm": ...</msg>
<status status="PASS" starttime="20220627 11:05:35.755" endtime="20220627 11:05:35.755"/>
</kw>
<kw name="Evaluate" library="BuiltIn">
<var>${data}</var>
<arg>json.loads('''${arquivo}''')</arg>
<arg>json</arg>
<doc>Evaluates the given expression in Python and returns the result.</doc>
<msg timestamp="20220627 11:05:35.757" level="INFO">${data} = {'usuario_valido1_adm': {'nome': 'James Bond', 'email': 'james.bond@gmail.com', 'password': 'teste123', 'administrador': 'true'}, 'usuario_valido2_adm': {'nome': 'Robert Baxter', 'email': 'robert.baxt...</msg>
<status status="PASS" starttime="20220627 11:05:35.755" endtime="20220627 11:05:35.757"/>
</kw>
<msg timestamp="20220627 11:05:35.757" level="INFO">${json} = {'usuario_valido1_adm': {'nome': 'James Bond', 'email': 'james.bond@gmail.com', 'password': 'teste123', 'administrador': 'true'}, 'usuario_valido2_adm': {'nome': 'Robert Baxter', 'email': 'robert.baxt...</msg>
<status status="PASS" starttime="20220627 11:05:35.755" endtime="20220627 11:05:35.757"/>
</kw>
<kw name="Set Variable" library="BuiltIn">
<var>${payload}</var>
<arg>${json["${tipo_de_usuario}"]}</arg>
<doc>Returns the given values which can then be assigned to a variables.</doc>
<msg timestamp="20220627 11:05:35.757" level="INFO">${payload} = {'nome': 'Mattie Sanchez', 'email': 'mattie.sanchez@gmail.com', 'password': 'teste123', 'administrador': 'true'}</msg>
<status status="PASS" starttime="20220627 11:05:35.757" endtime="20220627 11:05:35.757"/>
</kw>
<kw name="Set Global Variable" library="BuiltIn">
<arg>${payload}</arg>
<doc>Makes a variable available globally in all tests and suites.</doc>
<msg timestamp="20220627 11:05:35.759" level="INFO">${payload} = {'nome': 'Mattie Sanchez', 'email': 'mattie.sanchez@gmail.com', 'password': 'teste123', 'administrador': 'true'}</msg>
<status status="PASS" starttime="20220627 11:05:35.759" endtime="20220627 11:05:35.759"/>
</kw>
<status status="PASS" starttime="20220627 11:05:35.753" endtime="20220627 11:05:35.759"/>
</kw>
<kw name="POST endpoint /usuarios" library="usuarios_keywords">
<kw name="POST On Session" library="RequestsLibrary">
<var>${response}</var>
<arg>serverest</arg>
<arg>/usuarios</arg>
<arg>json=&amp;{payload}</arg>
<arg>expected_status=any</arg>
<doc>Sends a POST request on a previously created HTTP Session.</doc>
<msg timestamp="20220627 11:05:35.763" level="INFO">POST Request : url=http://localhost:3000/usuarios 
 path_url=/usuarios 
 headers={'User-Agent': 'python-requests/2.28.0', 'Accept-Encoding': 'gzip, deflate', 'Accept': '*/*', 'Connection': 'keep-alive', 'Content-Length': '112', 'Content-Type': 'application/json'} 
 body=b'{"nome": "Mattie Sanchez", "email": "mattie.sanchez@gmail.com", "password": "teste123", "administrador": "true"}' 
 </msg>
<msg timestamp="20220627 11:05:35.763" level="INFO">POST Response : url=http://localhost:3000/usuarios 
 status=201, reason=Created 
 headers={'Access-Control-Allow-Origin': '*', 'x-dns-prefetch-control': 'off', 'x-frame-options': 'SAMEORIGIN', 'strict-transport-security': 'max-age=15552000; includeSubDomains', 'x-download-options': 'noopen', 'x-content-type-options': 'nosniff', 'x-xss-protection': '1; mode=block', 'x-moesif-transaction-id': '713a7954-7841-40ba-9766-ff0230faaee4', 'Content-Type': 'application/json; charset=utf-8', 'Content-Length': '82', 'Date': 'Mon, 27 Jun 2022 14:05:35 GMT', 'Connection': 'keep-alive', 'Keep-Alive': 'timeout=5'} 
 body={
    "message": "Cadastro realizado com sucesso",
    "_id": "rFXyG4vZpjIFegRS"
} 
 </msg>
<msg timestamp="20220627 11:05:35.763" level="INFO">${response} = &lt;Response [201]&gt;</msg>
<status status="PASS" starttime="20220627 11:05:35.759" endtime="20220627 11:05:35.763"/>
</kw>
<kw name="Log To Console" library="BuiltIn">
<arg>Response: ${response.content}</arg>
<doc>Logs the given message to the console.</doc>
<status status="PASS" starttime="20220627 11:05:35.763" endtime="20220627 11:05:35.765"/>
</kw>
<kw name="Set Global Variable" library="BuiltIn">
<arg>${response}</arg>
<doc>Makes a variable available globally in all tests and suites.</doc>
<msg timestamp="20220627 11:05:35.765" level="INFO">${response} = &lt;Response [201]&gt;</msg>
<status status="PASS" starttime="20220627 11:05:35.765" endtime="20220627 11:05:35.765"/>
</kw>
<status status="PASS" starttime="20220627 11:05:35.759" endtime="20220627 11:05:35.765"/>
</kw>
<kw name="Set Variable" library="BuiltIn">
<var>${id_usuario}</var>
<arg>${response.json()["_id"]}</arg>
<doc>Returns the given values which can then be assigned to a variables.</doc>
<msg timestamp="20220627 11:05:35.766" level="INFO">${id_usuario} = rFXyG4vZpjIFegRS</msg>
<status status="PASS" starttime="20220627 11:05:35.765" endtime="20220627 11:05:35.766"/>
</kw>
<kw name="Set Global Variable" library="BuiltIn">
<arg>${id_usuario}</arg>
[...]
 body={
    "message": "Login realizado com sucesso",
    "authorization": "Bearer eyJhbGciOiJIUzI1NiIsInR5cCI6IkpXVCJ9.eyJlbWFpbCI6ImZ1bGFub0BxYS5jb20iLCJwYXNzd29yZCI6InRlc3RlIiwiaWF0IjoxNjU2MzM4NzM2LCJleHAiOjE2NTYzMzkzMzZ9.kiZVzGt1WHKrxBPY-56AuRT_x-mKhDP9gYOhjAqx-3U"
} 
 </msg>
<msg timestamp="20220627 11:05:36.847" level="INFO">${response} = &lt;Response [200]&gt;</msg>
<status status="PASS" starttime="20220627 11:05:36.843" endtime="20220627 11:05:36.847"/>
</kw>
<kw name="Log To Console" library="BuiltIn">
<arg>Response: ${response.content}</arg>
<doc>Logs the given message to the console.</doc>
<status status="PASS" starttime="20220627 11:05:36.847" endtime="20220627 11:05:36.848"/>
</kw>
<kw name="Set Global Variable" library="BuiltIn">
<arg>${response}</arg>
<doc>Makes a variable available globally in all tests and suites.</doc>
<msg timestamp="20220627 11:05:36.849" level="INFO">${response} = &lt;Response [200]&gt;</msg>
<status status="PASS" starttime="20220627 11:05:36.848" endtime="20220627 11:05:36.849"/>
</kw>
<status status="PASS" starttime="20220627 11:05:36.843" endtime="20220627 11:05:36.849"/>
</kw>
<kw name="Set Variable" library="BuiltIn">
<var>${token_auth}</var>
<arg>${response.json()["authorization"]}</arg>
<doc>Returns the given values which can then be assigned to a variables.</doc>
<msg timestamp="20220627 11:05:36.849" level="INFO">${token_auth} = Bearer eyJhbGciOiJIUzI1NiIsInR5cCI6IkpXVCJ9.eyJlbWFpbCI6ImZ1bGFub0BxYS5jb20iLCJwYXNzd29yZCI6InRlc3RlIiwiaWF0IjoxNjU2MzM4NzM2LCJleHAiOjE2NTYzMzkzMzZ9.kiZVzGt1WHKrxBPY-56AuRT_x-mKhDP9gYOhjAqx-3U</msg>
<status status="PASS" starttime="20220627 11:05:36.849" endtime="20220627 11:05:36.850"/>
</kw>
<kw name="Set Global Variable" library="BuiltIn">
<arg>${token_auth}</arg>
<doc>Makes a variable available globally in all tests and suites.</doc>
<msg timestamp="20220627 11:05:36.850" level="INFO">${token_auth} = Bearer eyJhbGciOiJIUzI1NiIsInR5cCI6IkpXVCJ9.eyJlbWFpbCI6ImZ1bGFub0BxYS5jb20iLCJwYXNzd29yZCI6InRlc3RlIiwiaWF0IjoxNjU2MzM4NzM2LCJleHAiOjE2NTYzMzkzMzZ9.kiZVzGt1WHKrxBPY-56AuRT_x-mKhDP9gYOhjAqx-3U</msg>
<status status="PASS" starttime="20220627 11:05:36.850" endtime="20220627 11:05:36.850"/>
</kw>
<status status="PASS" starttime="20220627 11:05:36.840" endtime="20220627 11:05:36.851"/>
</kw>
<kw name="Adicionar um produto no carrinho" library="carrinhos_keywords">
<kw name="Encontrar id de um produto cadastrado" library="produtos_keywords">
<kw name="GET endpoint /produtos" library="produtos_keywords">
<kw name="GET On Session" library="RequestsLibrary">
<var>${response}</var>
<arg>serverest</arg>
<arg>/produtos</arg>
<doc>Sends a GET request on a previously created HTTP Session.</doc>
<msg timestamp="20220627 11:05:36.855" level="INFO">GET Request : url=http://localhost:3000/produtos 
 path_url=/produtos 
 headers={'User-Agent': 'python-requests/2.28.0', 'Accept-Encoding': 'gzip, deflate', 'Accept': '*/*', 'Connection': 'keep-alive'} 
 body=None 
 </msg>
<msg timestamp="20220627 11:05:36.855" level="INFO">GET Response : url=http://localhost:3000/produtos 
 status=200, reason=OK 
 headers={'Access-Control-Allow-Origin': '*', 'x-dns-prefetch-control': 'off', 'x-frame-options': 'SAMEORIGIN', 'strict-transport-security': 'max-age=15552000; includeSubDomains', 'x-download-options': 'noopen', 'x-content-type-options': 'nosniff', 'x-xss-protection': '1; mode=block', 'x-moesif-transaction-id': '9c3ad906-7b00-4fd1-8dd0-b494506881fd', 'Content-Type': 'application/json; charset=utf-8', 'Content-Length': '1601', 'Date': 'Mon, 27 Jun 2022 14:05:36 GMT', 'Connection': 'keep-alive', 'Keep-Alive': 'timeout=5'} 
 body={
    "quantidade": 8,
    "produtos": [
        {
            "nome": "Logitech MX Vertical",
            "preco": 470,
            "descricao": "Mouse",
            "quantidade": 367,
            "_id": "BeeJh5lz3k6kSIzA"
        },
        {
            "nome": "Headset RGB",
            "preco": 380,
            "descricao": "Headset",
            "quantidade": 60,
            "_id": "F0XGjM6PwEQQeRWG"
        },
        {
            "nome": "Notebook Ideapad",
            "preco": 2900,
            "descricao": "Notebook Editado",
            "quantidade": 5,
            "_id": "IWUEb9AGTKQzb5E9"
        },
        {
            "nome": "Samsung 60 polegadas",
            "preco": 5240,
            "descricao": "TV",
            "quantidade": 49947,
            "_id": "K6leHdftCeOJj8BJ"
        },
        {
            "nome": "Fone de Ouvido Bluetooth",
            "preco": 220,
            "descricao": "Fone de Ouvido",
            "quantidade": 80,
            "_id": "PsAKEpXyeG4UT2cs"
        },
        {
            "nome": "Carregador Original",
            "preco": 120,
            "descricao": "Carregador",
            "quantidade": 100,
            "_id": "bC4i5rfrHYYWLjol"
        },
        {
            "nome": "Teclado RGB",
            "preco": 300,
            "descricao": "Teclado",
            "quantidade": 200,
            "_id": "nDkzCxLBO0SyUnIw"
        },
        {
            "nome": "Memoria RAM 4G",
            "preco": 350,
            "descricao": "Memoria",
            "quantidade": 20,
            "_id": "xt6J8TKw5PmfOdqy"
        }
    ]
} 
 </msg>
<msg timestamp="20220627 11:05:36.855" level="INFO">${response} = &lt;Response [200]&gt;</msg>
<status status="PASS" starttime="20220627 11:05:36.851" endtime="20220627 11:05:36.856"/>
</kw>
<kw name="Log To Console" library="BuiltIn">
<arg>Response: ${response.content}</arg>
<doc>Logs the given message to the console.</doc>
<status status="PASS" starttime="20220627 11:05:36.856" endtime="20220627 11:05:36.859"/>
</kw>
<kw name="Set Global Variable" library="BuiltIn">
<arg>${response}</arg>
<doc>Makes a variable available globally in all tests and suites.</doc>
<msg timestamp="20220627 11:05:36.860" level="INFO">${response} = &lt;Response [200]&gt;</msg>
<status status="PASS" starttime="20220627 11:05:36.860" endtime="20220627 11:05:36.860"/>
</kw>
<status status="PASS" starttime="20220627 11:05:36.851" endtime="20220627 11:05:36.860"/>
</kw>
<kw name="Set Variable" library="BuiltIn">
<var>${id_produto}</var>
<arg>${response.json()["produtos"][0]["_id"]}</arg>
<doc>Returns the given values which can then be assigned to a variables.</doc>
<msg timestamp="20220627 11:05:36.861" level="INFO">${id_produto} = BeeJh5lz3k6kSIzA</msg>
<status status="PASS" starttime="20220627 11:05:36.860" endtime="20220627 11:05:36.861"/>
</kw>
<kw name="Set Global Variable" library="BuiltIn">
<arg>${id_produto}</arg>
<doc>Makes a variable available globally in all tests and suites.</doc>
<msg timestamp="20220627 11:05:36.861" level="INFO">${id_produto} = BeeJh5lz3k6kSIzA</msg>
<status status="PASS" starttime="20220627 11:05:36.861" endtime="20220627 11:05:36.861"/>
</kw>
<status status="PASS" starttime="20220627 11:05:36.851" endtime="20220627 11:05:36.861"/>
</kw>
<kw name="Importar JSON estatico" library="common">
<var>${json}</var>
<arg>json_carrinho_ex.json</arg>
<kw name="Get File" library="OperatingSystem">
<var>${arquivo}</var>
<arg>${EXECDIR}/${nome_arquivo}</arg>
<doc>Returns the contents of a specified file.</doc>
<msg timestamp="20220627 11:05:36.862" level="INFO" html="true">Getting file '&lt;a href="file://C:\Users\Luana\Desktop\Robot\Dia_04\json_carrinho_ex.json"&gt;C:\Users\Luana\Desktop\Robot\Dia_04\json_carrinho_ex.json&lt;/a&gt;'.</msg>
<msg timestamp="20220627 11:05:36.862" level="INFO">${arquivo} = {
    "produtos": [
      {
        "idProduto": "BeeJh5lz3k6kSIzA",
        "quantidade": 5
      },
      {
        "idProduto": "K6leHdftCeOJj8BJ",
        "quantidade": 10
      }
    ]
  }</msg>
<status status="PASS" starttime="20220627 11:05:36.862" endtime="20220627 11:05:36.862"/>
</kw>
<kw name="Evaluate" library="BuiltIn">
<var>${data}</var>
<arg>json.loads('''${arquivo}''')</arg>
<arg>json</arg>
<doc>Evaluates the given expression in Python and returns the result.</doc>
<msg timestamp="20220627 11:05:36.863" level="INFO">${data} = {'produtos': [{'idProduto': 'BeeJh5lz3k6kSIzA', 'quantidade': 5}, {'idProduto': 'K6leHdftCeOJj8BJ', 'quantidade': 10}]}</msg>
<status status="PASS" starttime="20220627 11:05:36.862" endtime="20220627 11:05:36.863"/>
</kw>
<msg timestamp="20220627 11:05:36.863" level="INFO">${json} = {'produtos': [{'idProduto': 'BeeJh5lz3k6kSIzA', 'quantidade': 5}, {'idProduto': 'K6leHdftCeOJj8BJ', 'quantidade': 10}]}</msg>
<status status="PASS" starttime="20220627 11:05:36.861" endtime="20220627 11:05:36.863"/>
</kw>
<kw name="Set Global Variable" library="BuiltIn">
<arg>${json}</arg>
<doc>Makes a variable available globally in all tests and suites.</doc>
<msg timestamp="20220627 11:05:36.863" level="INFO">${json} = {'produtos': [{'idProduto': 'BeeJh5lz3k6kSIzA', 'quantidade': 5}, {'idProduto': 'K6leHdftCeOJj8BJ', 'quantidade': 10}]}</msg>
<status status="PASS" starttime="20220627 11:05:36.863" endtime="20220627 11:05:36.863"/>
</kw>
<kw name="Set Variable" library="BuiltIn">
<var>${id_carrinho}</var>
<arg>${json["produtos"][0]["idProduto"]}</arg>
<doc>Returns the given values which can then be assigned to a variables.</doc>
<msg timestamp="20220627 11:05:36.864" level="INFO">${id_carrinho} = BeeJh5lz3k6kSIzA</msg>
<status status="PASS" starttime="20220627 11:05:36.863" endtime="20220627 11:05:36.864"/>
</kw>
<kw name="Set Global Variable" library="BuiltIn">
<arg>${id_carrinho}</arg>
<doc>Makes a variable available globally in all tests and suites.</doc>
<msg timestamp="20220627 11:05:36.864" level="INFO">${id_carrinho} = BeeJh5lz3k6kSIzA</msg>
<status status="PASS" starttime="20220627 11:05:36.864" endtime="20220627 11:05:36.864"/>
</kw>
<status status="PASS" starttime="20220627 11:05:36.851" endtime="20220627 11:05:36.865"/>
</kw>
<kw name="POST endpoint /carrinhos" library="carrinhos_keywords">
<arg>${token_auth}</arg>
<kw name="Create Dictionary" library="BuiltIn">
<var>&amp;{header}</var>
<arg>Authorization=${token_auth}</arg>
<doc>Creates and returns a dictionary based on the given ``items``.</doc>
<msg timestamp="20220627 11:05:36.865" level="INFO">&amp;{header} = { Authorization=Bearer eyJhbGciOiJIUzI1NiIsInR5cCI6IkpXVCJ9.eyJlbWFpbCI6ImZ1bGFub0BxYS5jb20iLCJwYXNzd29yZCI6InRlc3RlIiwiaWF0IjoxNjU2MzM4NzM2LCJleHAiOjE2NTYzMzkzMzZ9.kiZVzGt1WHKrxBPY-56AuRT_x-mKhDP9gYO...</msg>
<status status="PASS" starttime="20220627 11:05:36.865" endtime="20220627 11:05:36.866"/>
</kw>
<kw name="POST On Session" library="RequestsLibrary">
<var>${response}</var>
<arg>serverest</arg>
<arg>/carrinhos</arg>
<arg>json=&amp;{json}</arg>
<arg>headers=${header}</arg>
<arg>expected_status=any</arg>
<doc>Sends a POST request on a previously created HTTP Session.</doc>
<msg timestamp="20220627 11:05:36.872" level="INFO">POST Request : url=http://localhost:3000/carrinhos 
 path_url=/carrinhos 
 headers={'User-Agent': 'python-requests/2.28.0', 'Accept-Encoding': 'gzip, deflate', 'Accept': '*/*', 'Connection': 'keep-alive', 'Authorization': 'Bearer eyJhbGciOiJIUzI1NiIsInR5cCI6IkpXVCJ9.eyJlbWFpbCI6ImZ1bGFub0BxYS5jb20iLCJwYXNzd29yZCI6InRlc3RlIiwiaWF0IjoxNjU2MzM4NzM2LCJleHAiOjE2NTYzMzkzMzZ9.kiZVzGt1WHKrxBPY-56AuRT_x-mKhDP9gYOhjAqx-3U', 'Content-Length': '119', 'Content-Type': 'application/json'} 
 body=b'{"produtos": [{"idProduto": "BeeJh5lz3k6kSIzA", "quantidade": 5}, {"idProduto": "K6leHdftCeOJj8BJ", "quantidade": 10}]}' 
 </msg>
<msg timestamp="20220627 11:05:36.872" level="INFO">POST Response : url=http://localhost:3000/carrinhos 
 status=201, reason=Created 
 headers={'Access-Control-Allow-Origin': '*', 'x-dns-prefetch-control': 'off', 'x-frame-options': 'SAMEORIGIN', 'strict-transport-security': 'max-age=15552000; includeSubDomains', 'x-download-options': 'noopen', 'x-content-type-options': 'nosniff', 'x-xss-protection': '1; mode=block', 'x-moesif-transaction-id': '9bc9a59a-10f0-4c53-b4c2-3c4eb7560061', 'Content-Type': 'application/json; charset=utf-8', 'Content-Length': '82', 'Date': 'Mon, 27 Jun 2022 14:05:36 GMT', 'Connection': 'keep-alive', 'Keep-Alive': 'timeout=5'} 
 body={
    "message": "Cadastro realizado com sucesso",
    "_id": "URXMA9as1W9Yq4zr"
} 
 </msg>
<msg timestamp="20220627 11:05:36.872" level="INFO">${response} = &lt;Response [201]&gt;</msg>
<status status="PASS" starttime="20220627 11:05:36.866" endtime="20220627 11:05:36.872"/>
</kw>
<kw name="Log To Console" library="BuiltIn">
<arg>Response: ${response.content}</arg>
<doc>Logs the given message to the console.</doc>
<status status="PASS" starttime="20220627 11:05:36.872" endtime="20220627 11:05:36.873"/>
</kw>
<kw name="Set Global Variable" library="BuiltIn">
<arg>${response}</arg>
<doc>Makes a variable available globally in all tests and suites.</doc>
<msg timestamp="20220627 11:05:36.874" level="INFO">${response} = &lt;Response [201]&gt;</msg>
<status status="PASS" starttime="20220627 11:05:36.873" endtime="20220627 11:05:36.874"/>
</kw>
<status status="PASS" starttime="20220627 11:05:36.865" endtime="20220627 11:05:36.874"/>
</kw>
<status status="PASS" starttime="20220627 11:05:36.840" endtime="20220627 11:05:36.874"/>
</kw>
<kw name="DELETE endpoint /carrinhos" library="carrinhos_keywords">
<arg>cancelar-compra</arg>
<arg>${token_invalido}</arg>
<kw name="Create Dictionary" library="BuiltIn">
<var>&amp;{header}</var>
<arg>Authorization=${token_auth}</arg>
<doc>Creates and returns a dictionary based on the given ``items``.</doc>
<msg timestamp="20220627 11:05:36.875" level="INFO">&amp;{header} = { Authorization=tokeninvalido123 }</msg>
<status status="PASS" starttime="20220627 11:05:36.875" endtime="20220627 11:05:36.875"/>
</kw>
<kw name="DELETE On Session" library="RequestsLibrary">
<var>${response}</var>
<arg>serverest</arg>
<arg>/carrinhos/${tipo_compra}</arg>
<arg>headers=${header}</arg>
<arg>expected_status=any</arg>
<doc>Sends a DELETE request on a previously created HTTP Session.</doc>
<msg timestamp="20220627 11:05:36.878" level="INFO">DELETE Request : url=http://localhost:3000/carrinhos/cancelar-compra 
 path_url=/carrinhos/cancelar-compra 
 headers={'User-Agent': 'python-requests/2.28.0', 'Accept-Encoding': 'gzip, deflate', 'Accept': '*/*', 'Connection': 'keep-alive', 'Authorization': 'tokeninvalido123', 'Content-Length': '0'} 
 body=None 
 </msg>
<msg timestamp="20220627 11:05:36.878" level="INFO">DELETE Response : url=http://localhost:3000/carrinhos/cancelar-compra 
 status=401, reason=Unauthorized 
 headers={'Access-Control-Allow-Origin': '*', 'x-dns-prefetch-control': 'off', 'x-frame-options': 'SAMEORIGIN', 'strict-transport-security': 'max-age=15552000; includeSubDomains', 'x-download-options': 'noopen', 'x-content-type-options': 'nosniff', 'x-xss-protection': '1; mode=block', 'x-moesif-transaction-id': '3b34aed5-8bce-454a-a704-10b160edd4bb', 'Content-Type': 'application/json; charset=utf-8', 'Content-Length': '103', 'Date': 'Mon, 27 Jun 2022 14:05:36 GMT', 'Connection': 'keep-alive', 'Keep-Alive': 'timeout=5'} 
 body={
    "message": "Token de acesso ausente, inválido, expirado ou usuário do token não existe mais"
} 
 </msg>
<msg timestamp="20220627 11:05:36.878" level="INFO">${response} = &lt;Response [401]&gt;</msg>
<status status="PASS" starttime="20220627 11:05:36.875" endtime="20220627 11:05:36.878"/>
</kw>
<kw name="Log To Console" library="BuiltIn">
<arg>Response: ${response.content}</arg>
<doc>Logs the given message to the console.</doc>
<status status="PASS" starttime="20220627 11:05:36.878" endtime="20220627 11:05:36.879"/>
</kw>
<kw name="Set Global Variable" library="BuiltIn">
<arg>${response}</arg>
<doc>Makes a variable available globally in all tests and suites.</doc>
<msg timestamp="20220627 11:05:36.880" level="INFO">${response} = &lt;Response [401]&gt;</msg>
<status status="PASS" starttime="20220627 11:05:36.879" endtime="20220627 11:05:36.880"/>
</kw>
<status status="PASS" starttime="20220627 11:05:36.874" endtime="20220627 11:05:36.880"/>
</kw>
<kw name="Validar status code &quot;401&quot;" library="common" sourcename="Validar status code &quot;${statuscode}&quot;">
<kw name="Should Be True" library="BuiltIn">
<arg>${response.status_code} == ${statuscode}</arg>
<doc>Fails if the given condition is not true.</doc>
<status status="PASS" starttime="20220627 11:05:36.881" endtime="20220627 11:05:36.882"/>
</kw>
<status status="PASS" starttime="20220627 11:05:36.880" endtime="20220627 11:05:36.882"/>
</kw>
<kw name="Validar a Mensagem &quot;Token de acesso ausente, inválido, expirado ou usuário do token não existe mais&quot;" library="common" sourcename="Validar a mensagem &quot;${mensagem}&quot;">
<kw name="Should Be Equal" library="BuiltIn">
<arg>${response.json()["message"]}</arg>
<arg>${mensagem}</arg>
<doc>Fails if the given objects are unequal.</doc>
<status status="PASS" starttime="20220627 11:05:36.883" endtime="20220627 11:05:36.884"/>
</kw>
<status status="PASS" starttime="20220627 11:05:36.882" endtime="20220627 11:05:36.884"/>
</kw>
<tag>CARRINHOS</tag>
<tag>DELETE.CARRINHO.CANCELAR.TOKEN</tag>
<status status="PASS" starttime="20220627 11:05:36.837" endtime="20220627 11:05:36.885"/>
</test>
<doc>Arquivo simples para requisições HTTP em APIs Rest</doc>
<status status="PASS" starttime="20220627 11:05:34.893" endtime="20220627 11:05:36.886"/>
</suite>
<statistics>
<total>
<stat pass="39" fail="0" skip="0">All Tests</stat>
</total>
<tag>
<stat pass="9" fail="0" skip="0">CARRINHOS</stat>
<stat pass="1" fail="0" skip="0">DELETE.CARRINHO.CANCELAR.TOKEN</stat>
<stat pass="1" fail="0" skip="0">DELETE.CARRINHO.CONCLUIR.TOKEN</stat>
<stat pass="1" fail="0" skip="0">DELETE.COM.CARRINHO.CANCELAR</stat>
<stat pass="1" fail="0" skip="0">DELETE.COM.CARRINHO.CONCLUIR</stat>
<stat pass="1" fail="0" skip="0">DELETE.PRODUTO</stat>
<stat pass="1" fail="0" skip="0">DELETE.PRODUTO.ADM</stat>
<stat pass="1" fail="0" skip="0">DELETE.PRODUTO.CARRINHO</stat>
<stat pass="1" fail="0" skip="0">DELETE.PRODUTO.TOKEN</stat>
<stat pass="1" fail="0" skip="0">DELETE.SEM.CARRINHO.CANCELAR</stat>
<stat pass="1" fail="0" skip="0">DELETE.SEM.CARRINHO.CONCLUIR</stat>
<stat pass="1" fail="0" skip="0">DELETE.USUARIO</stat>
<stat pass="1" fail="0" skip="0">DELETE.USUARIO.CARRINHO</stat>
<stat pass="1" fail="0" skip="0">GET.CARRINHO</stat>
<stat pass="1" fail="0" skip="0">GET.CARRINHOS</stat>
<stat pass="1" fail="0" skip="0">GET.PRODUTO</stat>
<stat pass="1" fail="0" skip="0">GET.PRODUTO.ERRO</stat>
<stat pass="1" fail="0" skip="0">GET.PRODUTOS</stat>
<stat pass="1" fail="0" skip="0">GET.USUARIO</stat>
<stat pass="1" fail="0" skip="0">GET.USUARIO.ERRO</stat>
<stat pass="1" fail="0" skip="0">GET.USUARIOS</stat>
<stat pass="4" fail="0" skip="0">LOGIN</stat>
<stat pass="1" fail="0" skip="0">POST.CARRINHO</stat>
<stat pass="1" fail="0" skip="0">POST.LOGIN</stat>
<stat pass="1" fail="0" skip="0">POST.LOGIN.EMAIL</stat>
<stat pass="1" fail="0" skip="0">POST.LOGIN.ERRO</stat>
<stat pass="1" fail="0" skip="0">POST.LOGIN.SENHA</stat>
<stat pass="1" fail="0" skip="0">POST.PRODUTO</stat>
<stat pass="1" fail="0" skip="0">POST.PRODUTO.ADM</stat>
<stat pass="1" fail="0" skip="0">POST.PRODUTO.NOME</stat>
<stat pass="1" fail="0" skip="0">POST.PRODUTO.TOKEN</stat>
<stat pass="1" fail="0" skip="0">POST.USUARIO</stat>
<stat pass="1" fail="0" skip="0">POST.USUARIO.ERRO</stat>
<stat pass="16" fail="0" skip="0">PRODUTOS</stat>
<stat pass="1" fail="0" skip="0">PUT.PRODUTO</stat>
<stat pass="1" fail="0" skip="0">PUT.PRODUTO.ADM</stat>
<stat pass="1" fail="0" skip="0">PUT.PRODUTO.CRIAR</stat>
<stat pass="1" fail="0" skip="0">PUT.PRODUTO.ERRO</stat>
<stat pass="1" fail="0" skip="0">PUT.PRODUTO.TOKEN</stat>
<stat pass="1" fail="0" skip="0">PUT.USUARIO</stat>
<stat pass="1" fail="0" skip="0">PUT.USUARIO.CADASTRADO</stat>
<stat pass="1" fail="0" skip="0">PUT.USUARIO.CADASTRAR</stat>
<stat pass="10" fail="0" skip="0">USUARIOS</stat>
</tag>
<suite>
<stat pass="39" fail="0" skip="0" id="s1" name="Base">Base</stat>
</suite>
</statistics>
<errors>
</errors>
</robot>
