<?xml version="1.0" encoding="UTF-8"?>
<robot generator="Robot 5.0.1 (Python 3.10.4 on win32)" generated="20220713 15:06:47.126" rpa="false" schemaversion="3">
<suite id="s1" name="Tests" source="C:\Users\Luana\Desktop\Robot\Dia_04\tests">
<suite id="s1-s1" name="Carrinhos Tests" source="C:\Users\Luana\Desktop\Robot\Dia_04\tests\carrinhos_tests.robot">
<kw name="Criar Sessao" library="common" type="SETUP">
<kw name="Create Session" library="RequestsLibrary">
<arg>serverest</arg>
<arg>${Base_URI}</arg>
<doc>Create Session: create a HTTP session to a server</doc>
<msg timestamp="20220713 15:06:47.671" level="INFO">Creating Session using : alias=serverest, url=http://localhost:3000/, headers={},                     cookies={}, auth=None, timeout=None, proxies=None, verify=False,                     debug=0 </msg>
<status status="PASS" starttime="20220713 15:06:47.670" endtime="20220713 15:06:47.671"/>
</kw>
<status status="PASS" starttime="20220713 15:06:47.670" endtime="20220713 15:06:47.671"/>
</kw>
<test id="s1-s1-t1" name="Cenario: GET Listar Todos Carrinhos 200" line="8">
<kw name="GET endpoint /carrinhos" library="carrinhos_keywords">
<kw name="GET On Session" library="RequestsLibrary">
<var>${response}</var>
<arg>serverest</arg>
<arg>/carrinhos</arg>
<doc>Sends a GET request on a previously created HTTP Session.</doc>
<msg timestamp="20220713 15:06:47.702" level="INFO">GET Request : url=http://localhost:3000/carrinhos 
 path_url=/carrinhos 
 headers={'User-Agent': 'python-requests/2.28.0', 'Accept-Encoding': 'gzip, deflate', 'Accept': '*/*', 'Connection': 'keep-alive'} 
 body=None 
 </msg>
<msg timestamp="20220713 15:06:47.702" level="INFO">GET Response : url=http://localhost:3000/carrinhos 
 status=200, reason=OK 
 headers={'Access-Control-Allow-Origin': '*', 'x-dns-prefetch-control': 'off', 'x-frame-options': 'SAMEORIGIN', 'strict-transport-security': 'max-age=15552000; includeSubDomains', 'x-download-options': 'noopen', 'x-content-type-options': 'nosniff', 'x-xss-protection': '1; mode=block', 'x-moesif-transaction-id': 'fd14a471-70ae-4c04-ae9b-fb2ab21578e9', 'Content-Type': 'application/json; charset=utf-8', 'Content-Length': '595', 'Date': 'Wed, 13 Jul 2022 18:06:47 GMT', 'Connection': 'keep-alive', 'Keep-Alive': 'timeout=5'} 
 body={
    "quantidade": 1,
    "carrinhos": [
        {
            "produtos": [
                {
                    "idProduto": "BeeJh5lz3k6kSIzA",
                    "quantidade": 2,
                    "precoUnitario": 470
                },
                {
                    "idProduto": "K6leHdftCeOJj8BJ",
                    "quantidade": 1,
                    "precoUnitario": 5240
                }
            ],
            "precoTotal": 6180,
            "quantidadeTotal": 3,
            "idUsuario": "oUb7aGkMtSEPf6BZ",
            "_id": "qbMqntef4iTOwWfg"
        }
    ]
} 
 </msg>
<msg timestamp="20220713 15:06:47.702" level="INFO">${response} = &lt;Response [200]&gt;</msg>
<status status="PASS" starttime="20220713 15:06:47.672" endtime="20220713 15:06:47.702"/>
</kw>
<kw name="Log To Console" library="BuiltIn">
<arg>Response: ${response.content}</arg>
<doc>Logs the given message to the console.</doc>
<status status="PASS" starttime="20220713 15:06:47.702" endtime="20220713 15:06:47.707"/>
</kw>
<kw name="Set Global Variable" library="BuiltIn">
<arg>${response}</arg>
<doc>Makes a variable available globally in all tests and suites.</doc>
<msg timestamp="20220713 15:06:47.708" level="INFO">${response} = &lt;Response [200]&gt;</msg>
<status status="PASS" starttime="20220713 15:06:47.707" endtime="20220713 15:06:47.708"/>
</kw>
<status status="PASS" starttime="20220713 15:06:47.672" endtime="20220713 15:06:47.708"/>
</kw>
<kw name="Validar status code &quot;200&quot;" library="common" sourcename="Validar status code &quot;${statuscode}&quot;">
<kw name="Should Be True" library="BuiltIn">
<arg>${response.status_code} == ${statuscode}</arg>
<doc>Fails if the given condition is not true.</doc>
<status status="PASS" starttime="20220713 15:06:47.712" endtime="20220713 15:06:47.714"/>
</kw>
<status status="PASS" starttime="20220713 15:06:47.711" endtime="20220713 15:06:47.714"/>
</kw>
<tag>GET</tag>
<tag>GET.CARRINHOS</tag>
<status status="PASS" starttime="20220713 15:06:47.671" endtime="20220713 15:06:47.714"/>
</test>
<test id="s1-s1-t2" name="Cenario: GET Carrinho Especifico 200" line="13">
<kw name="Listar carrinhos e pegar um id valido" library="carrinhos_keywords">
<kw name="GET endpoint /carrinhos" library="carrinhos_keywords">
<kw name="GET On Session" library="RequestsLibrary">
<var>${response}</var>
<arg>serverest</arg>
<arg>/carrinhos</arg>
<doc>Sends a GET request on a previously created HTTP Session.</doc>
<msg timestamp="20220713 15:06:47.719" level="INFO">GET Request : url=http://localhost:3000/carrinhos 
 path_url=/carrinhos 
 headers={'User-Agent': 'python-requests/2.28.0', 'Accept-Encoding': 'gzip, deflate', 'Accept': '*/*', 'Connection': 'keep-alive'} 
 body=None 
 </msg>
<msg timestamp="20220713 15:06:47.719" level="INFO">GET Response : url=http://localhost:3000/carrinhos 
 status=200, reason=OK 
 headers={'Access-Control-Allow-Origin': '*', 'x-dns-prefetch-control': 'off', 'x-frame-options': 'SAMEORIGIN', 'strict-transport-security': 'max-age=15552000; includeSubDomains', 'x-download-options': 'noopen', 'x-content-type-options': 'nosniff', 'x-xss-protection': '1; mode=block', 'x-moesif-transaction-id': '9c2e3990-df89-4c73-85de-c2bfd4d3351d', 'Content-Type': 'application/json; charset=utf-8', 'Content-Length': '595', 'Date': 'Wed, 13 Jul 2022 18:06:47 GMT', 'Connection': 'keep-alive', 'Keep-Alive': 'timeout=5'} 
 body={
    "quantidade": 1,
    "carrinhos": [
        {
            "produtos": [
                {
                    "idProduto": "BeeJh5lz3k6kSIzA",
                    "quantidade": 2,
                    "precoUnitario": 470
                },
                {
                    "idProduto": "K6leHdftCeOJj8BJ",
                    "quantidade": 1,
                    "precoUnitario": 5240
                }
            ],
            "precoTotal": 6180,
            "quantidadeTotal": 3,
            "idUsuario": "oUb7aGkMtSEPf6BZ",
            "_id": "qbMqntef4iTOwWfg"
        }
    ]
} 
 </msg>
<msg timestamp="20220713 15:06:47.719" level="INFO">${response} = &lt;Response [200]&gt;</msg>
<status status="PASS" starttime="20220713 15:06:47.716" endtime="20220713 15:06:47.719"/>
</kw>
<kw name="Log To Console" library="BuiltIn">
<arg>Response: ${response.content}</arg>
<doc>Logs the given message to the console.</doc>
<status status="PASS" starttime="20220713 15:06:47.721" endtime="20220713 15:06:47.721"/>
</kw>
<kw name="Set Global Variable" library="BuiltIn">
<arg>${response}</arg>
<doc>Makes a variable available globally in all tests and suites.</doc>
<msg timestamp="20220713 15:06:47.722" level="INFO">${response} = &lt;Response [200]&gt;</msg>
<status status="PASS" starttime="20220713 15:06:47.722" endtime="20220713 15:06:47.722"/>
</kw>
<status status="PASS" starttime="20220713 15:06:47.716" endtime="20220713 15:06:47.722"/>
</kw>
<kw name="Set Variable" library="BuiltIn">
<var>${id_carrinho}</var>
<arg>${response.json()["carrinhos"][0]["_id"]}</arg>
<doc>Returns the given values which can then be assigned to a variables.</doc>
<msg timestamp="20220713 15:06:47.722" level="INFO">${id_carrinho} = qbMqntef4iTOwWfg</msg>
<status status="PASS" starttime="20220713 15:06:47.722" endtime="20220713 15:06:47.722"/>
</kw>
<kw name="Set Global Variable" library="BuiltIn">
<arg>${id_carrinho}</arg>
<doc>Makes a variable available globally in all tests and suites.</doc>
<msg timestamp="20220713 15:06:47.722" level="INFO">${id_carrinho} = qbMqntef4iTOwWfg</msg>
<status status="PASS" starttime="20220713 15:06:47.722" endtime="20220713 15:06:47.722"/>
</kw>
<status status="PASS" starttime="20220713 15:06:47.716" endtime="20220713 15:06:47.722"/>
</kw>
<kw name="GET endpoint /carrinhos especifico" library="carrinhos_keywords">
<kw name="GET On Session" library="RequestsLibrary">
<var>${response}</var>
<arg>serverest</arg>
<arg>/carrinhos/${id_carrinho}</arg>
<arg>expected_status=any</arg>
<doc>Sends a GET request on a previously created HTTP Session.</doc>
<msg timestamp="20220713 15:06:47.732" level="INFO">GET Request : url=http://localhost:3000/carrinhos/qbMqntef4iTOwWfg 
 path_url=/carrinhos/qbMqntef4iTOwWfg 
 headers={'User-Agent': 'python-requests/2.28.0', 'Accept-Encoding': 'gzip, deflate', 'Accept': '*/*', 'Connection': 'keep-alive'} 
 body=None 
 </msg>
<msg timestamp="20220713 15:06:47.732" level="INFO">GET Response : url=http://localhost:3000/carrinhos/qbMqntef4iTOwWfg 
 status=200, reason=OK 
 headers={'Access-Control-Allow-Origin': '*', 'x-dns-prefetch-control': 'off', 'x-frame-options': 'SAMEORIGIN', 'strict-transport-security': 'max-age=15552000; includeSubDomains', 'x-download-options': 'noopen', 'x-content-type-options': 'nosniff', 'x-xss-protection': '1; mode=block', 'x-moesif-transaction-id': '8c0107d1-c16b-46a9-a45b-010f36f41dae', 'Content-Type': 'application/json; charset=utf-8', 'Content-Length': '401', 'Date': 'Wed, 13 Jul 2022 18:06:47 GMT', 'Connection': 'keep-alive', 'Keep-Alive': 'timeout=5'} 
 body={
    "produtos": [
        {
            "idProduto": "BeeJh5lz3k6kSIzA",
            "quantidade": 2,
            "precoUnitario": 470
        },
        {
            "idProduto": "K6leHdftCeOJj8BJ",
            "quantidade": 1,
            "precoUnitario": 5240
        }
    ],
    "precoTotal": 6180,
    "quantidadeTotal": 3,
    "idUsuario": "oUb7aGkMtSEPf6BZ",
    "_id": "qbMqntef4iTOwWfg"
} 
 </msg>
<msg timestamp="20220713 15:06:47.732" level="INFO">${response} = &lt;Response [200]&gt;</msg>
<status status="PASS" starttime="20220713 15:06:47.727" endtime="20220713 15:06:47.732"/>
</kw>
<kw name="Log To Console" library="BuiltIn">
<arg>Response: ${response.content}</arg>
<doc>Logs the given message to the console.</doc>
<status status="PASS" starttime="20220713 15:06:47.732" endtime="20220713 15:06:47.733"/>
</kw>
<kw name="Set Global Variable" library="BuiltIn">
<arg>${response}</arg>
<doc>Makes a variable available globally in all tests and suites.</doc>
<msg timestamp="20220713 15:06:47.733" level="INFO">${response} = &lt;Response [200]&gt;</msg>
<status status="PASS" starttime="20220713 15:06:47.733" endtime="20220713 15:06:47.733"/>
</kw>
<status status="PASS" starttime="20220713 15:06:47.726" endtime="20220713 15:06:47.733"/>
</kw>
<kw name="Validar status code &quot;200&quot;" library="common" sourcename="Validar status code &quot;${statuscode}&quot;">
<kw name="Should Be True" library="BuiltIn">
<arg>${response.status_code} == ${statuscode}</arg>
<doc>Fails if the given condition is not true.</doc>
<status status="PASS" starttime="20220713 15:06:47.734" endtime="20220713 15:06:47.735"/>
</kw>
<status status="PASS" starttime="20220713 15:06:47.734" endtime="20220713 15:06:47.735"/>
</kw>
<tag>GET</tag>
<tag>GET.CARRINHO</tag>
<status status="PASS" starttime="20220713 15:06:47.715" endtime="20220713 15:06:47.736"/>
</test>
<test id="s1-s1-t3" name="Cenario: GET Carrinho ID Invalido 400" line="19">
<kw name="GET endpoint /carrinhos especifico" library="carrinhos_keywords">
<arg>${id_invalido}</arg>
<kw name="GET On Session" library="RequestsLibrary">
<var>${response}</var>
<arg>serverest</arg>
<arg>/carrinhos/${id_carrinho}</arg>
<arg>expected_status=any</arg>
<doc>Sends a GET request on a previously created HTTP Session.</doc>
<msg timestamp="20220713 15:06:47.738" level="INFO">GET Request : url=http://localhost:3000/carrinhos/IdInvalido123 
 path_url=/carrinhos/IdInvalido123 
 headers={'User-Agent': 'python-requests/2.28.0', 'Accept-Encoding': 'gzip, deflate', 'Accept': '*/*', 'Connection': 'keep-alive'} 
 body=None 
 </msg>
<msg timestamp="20220713 15:06:47.738" level="INFO">GET Response : url=http://localhost:3000/carrinhos/IdInvalido123 
 status=400, reason=Bad Request 
 headers={'Access-Control-Allow-Origin': '*', 'x-dns-prefetch-control': 'off', 'x-frame-options': 'SAMEORIGIN', 'strict-transport-security': 'max-age=15552000; includeSubDomains', 'x-download-options': 'noopen', 'x-content-type-options': 'nosniff', 'x-xss-protection': '1; mode=block', 'x-moesif-transaction-id': 'bc88bb94-9170-49fa-811b-e6ce8e5cb4ae', 'Content-Type': 'application/json; charset=utf-8', 'Content-Length': '45', 'Date': 'Wed, 13 Jul 2022 18:06:47 GMT', 'Connection': 'keep-alive', 'Keep-Alive': 'timeout=5'} 
 body={
    "message": "Carrinho não encontrado"
} 
 </msg>
<msg timestamp="20220713 15:06:47.738" level="INFO">${response} = &lt;Response [400]&gt;</msg>
<status status="PASS" starttime="20220713 15:06:47.738" endtime="20220713 15:06:47.742"/>
</kw>
<kw name="Log To Console" library="BuiltIn">
<arg>Response: ${response.content}</arg>
<doc>Logs the given message to the console.</doc>
<status status="PASS" starttime="20220713 15:06:47.742" endtime="20220713 15:06:47.746"/>
</kw>
<kw name="Set Global Variable" library="BuiltIn">
<arg>${response}</arg>
<doc>Makes a variable available globally in all tests and suites.</doc>
<msg timestamp="20220713 15:06:47.747" level="INFO">${response} = &lt;Response [400]&gt;</msg>
<status status="PASS" starttime="20220713 15:06:47.746" endtime="20220713 15:06:47.747"/>
</kw>
<status status="PASS" starttime="20220713 15:06:47.737" endtime="20220713 15:06:47.747"/>
</kw>
<kw name="Validar status code &quot;400&quot;" library="common" sourcename="Validar status code &quot;${statuscode}&quot;">
<kw name="Should Be True" library="BuiltIn">
<arg>${response.status_code} == ${statuscode}</arg>
<doc>Fails if the given condition is not true.</doc>
<status status="PASS" starttime="20220713 15:06:47.747" endtime="20220713 15:06:47.748"/>
</kw>
<status status="PASS" starttime="20220713 15:06:47.747" endtime="20220713 15:06:47.748"/>
</kw>
<kw name="Validar a Mensagem &quot;Carrinho não encontrado&quot;" library="common" sourcename="Validar a mensagem &quot;${mensagem}&quot;">
<kw name="Should Be Equal" library="BuiltIn">
<arg>${response.json()["message"]}</arg>
<arg>${mensagem}</arg>
<doc>Fails if the given objects are unequal.</doc>
<status status="PASS" starttime="20220713 15:06:47.749" endtime="20220713 15:06:47.750"/>
</kw>
<status status="PASS" starttime="20220713 15:06:47.749" endtime="20220713 15:06:47.750"/>
</kw>
<tag>GET</tag>
<tag>GET.CARRINHO.ID.INVALIDO</tag>
<status status="PASS" starttime="20220713 15:06:47.737" endtime="20220713 15:06:47.750"/>
</test>
<test id="s1-s1-t4" name="Cenario: POST Cadastrar Carrinho 200" line="26">
<kw name="Criar usuario adm=true e guardar dados de login" library="login_keywords" sourcename="Criar usuario adm=${tipo_de_usuario} e guardar dados de login">
<kw name="Criar dados dinamico usuario" library="dynamics">
<arg>adm=${tipo_de_usuario}</arg>
<kw name="Criar Usuario Dinamico" library="python_functions">
<var>${payload}</var>
<arg>${campo}</arg>
<arg>${adm}</arg>
<msg timestamp="20220713 15:06:47.797" level="INFO">${payload} = {'nome': 'Edward Hickman', 'email': 'sergio75@example.net', 'password': '+WB)8Ioe&amp;H', 'administrador': 'true'}</msg>
<status status="PASS" starttime="20220713 15:06:47.752" endtime="20220713 15:06:47.797"/>
</kw>
<kw name="Set Global Variable" library="BuiltIn">
<arg>${payload}</arg>
<doc>Makes a variable available globally in all tests and suites.</doc>
<msg timestamp="20220713 15:06:47.797" level="INFO">${payload} = {'nome': 'Edward Hickman', 'email': 'sergio75@example.net', 'password': '+WB)8Ioe&amp;H', 'administrador': 'true'}</msg>
<status status="PASS" starttime="20220713 15:06:47.797" endtime="20220713 15:06:47.797"/>
</kw>
<status status="PASS" starttime="20220713 15:06:47.752" endtime="20220713 15:06:47.797"/>
</kw>
<kw name="POST endpoint /usuarios" library="usuarios_keywords">
<kw name="POST On Session" library="RequestsLibrary">
<var>${response}</var>
<arg>serverest</arg>
<arg>/usuarios</arg>
<arg>json=&amp;{payload}</arg>
<arg>expected_status=any</arg>
<doc>Sends a POST request on a previously created HTTP Session.</doc>
<msg timestamp="20220713 15:06:47.839" level="INFO">POST Request : url=http://localhost:3000/usuarios 
 path_url=/usuarios 
 headers={'User-Agent': 'python-requests/2.28.0', 'Accept-Encoding': 'gzip, deflate', 'Accept': '*/*', 'Connection': 'keep-alive', 'Content-Length': '110', 'Content-Type': 'application/json'} 
 body=b'{"nome": "Edward Hickman", "email": "sergio75@example.net", "password": "+WB)8Ioe&amp;H", "administrador": "true"}' 
 </msg>
<msg timestamp="20220713 15:06:47.839" level="INFO">POST Response : url=http://localhost:3000/usuarios 
 status=201, reason=Created 
 headers={'Access-Control-Allow-Origin': '*', 'x-dns-prefetch-control': 'off', 'x-frame-options': 'SAMEORIGIN', 'strict-transport-security': 'max-age=15552000; includeSubDomains', 'x-download-options': 'noopen', 'x-content-type-options': 'nosniff', 'x-xss-protection': '1; mode=block', 'x-moesif-transaction-id': 'a88e836e-fbef-4805-b619-cf34b87be744', 'Content-Type': 'application/json; charset=utf-8', 'Content-Length': '82', 'Date': 'Wed, 13 Jul 2022 18:06:47 GMT', 'Connection': 'keep-alive', 'Keep-Alive': 'timeout=5'} 
 body={
    "message": "Cadastro realizado com sucesso",
    "_id": "ubMK2QrWjc66R959"
} 
 </msg>
<msg timestamp="20220713 15:06:47.839" level="INFO">${response} = &lt;Response [201]&gt;</msg>
<status status="PASS" starttime="20220713 15:06:47.797" endtime="20220713 15:06:47.839"/>
</kw>
<kw name="Log To Console" library="BuiltIn">
<arg>Response: ${response.content}</arg>
<doc>Logs the given message to the console.</doc>
<status status="PASS" starttime="20220713 15:06:47.839" endtime="20220713 15:06:47.840"/>
</kw>
<kw name="Set Global Variable" library="BuiltIn">
<arg>${response}</arg>
<doc>Makes a variable available globally in all tests and suites.</doc>
<msg timestamp="20220713 15:06:47.842" level="INFO">${response} = &lt;Response [201]&gt;</msg>
<status status="PASS" starttime="20220713 15:06:47.841" endtime="20220713 15:06:47.842"/>
</kw>
<status status="PASS" starttime="20220713 15:06:47.797" endtime="20220713 15:06:47.842"/>
</kw>
<kw name="Set Variable" library="BuiltIn">
<var>${id_usuario}</var>
<arg>${response.json()["_id"]}</arg>
<doc>Returns the given values which can then be assigned to a variables.</doc>
<msg timestamp="20220713 15:06:47.842" level="INFO">${id_usuario} = ubMK2QrWjc66R959</msg>
<status status="PASS" starttime="20220713 15:06:47.842" endtime="20220713 15:06:47.843"/>
</kw>
<kw name="Set Global Variable" library="BuiltIn">
<arg>${id_usuario}</arg>
<doc>Makes a variable available globally in all tests and suites.</doc>
<msg timestamp="20220713 15:06:47.843" level="INFO">${id_usuario} = ubMK2QrWjc66R959</msg>
<status status="PASS" starttime="20220713 15:06:47.843" endtime="20220713 15:06:47.843"/>
</kw>
<kw name="Pegar Dados Login Usuario" library="python_functions">
<var>${payload}</var>
<arg>${id_usuario}</arg>
<msg timestamp="20220713 15:06:47.847" level="INFO">${payload} = {'email': 'sergio75@example.net', 'password': '+WB)8Ioe&amp;H'}</msg>
<status status="PASS" starttime="20220713 15:06:47.843" endtime="20220713 15:06:47.847"/>
</kw>
<kw name="Set Global Variable" library="BuiltIn">
<arg>${payload}</arg>
<doc>Makes a variable available globally in all tests and suites.</doc>
<msg timestamp="20220713 15:06:47.851" level="INFO">${payload} = {'email': 'sergio75@example.net', 'password': '+WB)8Ioe&amp;H'}</msg>
<status status="PASS" starttime="20220713 15:06:47.847" endtime="20220713 15:06:47.851"/>
</kw>
<status status="PASS" starttime="20220713 15:06:47.751" endtime="20220713 15:06:47.851"/>
</kw>
<kw name="POST endpoint /login" library="login_keywords">
<kw name="POST On Session" library="RequestsLibrary">
<var>${response_login}</var>
<arg>serverest</arg>
<arg>/login</arg>
<arg>json=&amp;{payload}</arg>
<arg>expected_status=any</arg>
<doc>Sends a POST request on a previously created HTTP Session.</doc>
<msg timestamp="20220713 15:06:47.853" level="INFO">POST Request : url=http://localhost:3000/login 
 path_url=/login 
 headers={'User-Agent': 'python-requests/2.28.0', 'Accept-Encoding': 'gzip, deflate', 'Accept': '*/*', 'Connection': 'keep-alive', 'Content-Length': '59', 'Content-Type': 'application/json'} 
 body=b'{"email": "sergio75@example.net", "password": "+WB)8Ioe&amp;H"}' 
 </msg>
<msg timestamp="20220713 15:06:47.853" level="INFO">POST Response : url=http://localhost:3000/login 
 status=200, reason=OK 
 headers={'Access-Control-Allow-Origin': '*', 'x-dns-prefetch-control': 'off', 'x-frame-options': 'SAMEORIGIN', 'strict-transport-security': 'max-age=15552000; includeSubDomains', 'x-download-options': 'noopen', 'x-content-type-options': 'nosniff', 'x-xss-protection': '1; mode=block', 'x-moesif-transaction-id': 'eb21368c-e247-4611-b7e4-712865610e62', 'Content-Type': 'application/json; charset=utf-8', 'Content-Length': '281', 'Date': 'Wed, 13 Jul 2022 18:06:47 GMT', 'Connection': 'keep-alive', 'Keep-Alive': 'timeout=5'} 
 body={
    "message": "Login realizado com sucesso",
    "authorization": "Bearer eyJhbGciOiJIUzI1NiIsInR5cCI6IkpXVCJ9.eyJlbWFpbCI6InNlcmdpbzc1QGV4YW1wbGUubmV0IiwicGFzc3dvcmQiOiIrV0IpOElvZSZIIiwiaWF0IjoxNjU3NzM1NjA3LCJleHAiOjE2NTc3MzYyMDd9.RLmZikx99qYwqVAFQNzMoCHV0f_f1azlYL7BZzzvx3Y"
} 
 </msg>
<msg timestamp="20220713 15:06:47.853" level="INFO">${response_login} = &lt;Response [200]&gt;</msg>
<status status="PASS" starttime="20220713 15:06:47.852" endtime="20220713 15:06:47.853"/>
</kw>
<kw name="Log To Console" library="BuiltIn">
<arg>Response: ${response_login.content}</arg>
<doc>Logs the given message to the console.</doc>
<status status="PASS" starttime="20220713 15:06:47.862" endtime="20220713 15:06:47.863"/>
</kw>
<kw name="Set Global Variable" library="BuiltIn">
<arg>${response_login}</arg>
<doc>Makes a variable available globally in all tests and suites.</doc>
<msg timestamp="20220713 15:06:47.863" level="INFO">${response_login} = &lt;Response [200]&gt;</msg>
<status status="PASS" starttime="20220713 15:06:47.863" endtime="20220713 15:06:47.863"/>
</kw>
<status status="PASS" starttime="20220713 15:06:47.852" endtime="20220713 15:06:47.863"/>
</kw>
<kw name="Pegar quantidade dos produtos em estoque" library="produtos_keywords">
<var>${quant_inicial}</var>
<kw name="Create List" library="BuiltIn">
<var>${ids_produtos}</var>
<arg>BeeJh5lz3k6kSIzA</arg>
<arg>K6leHdftCeOJj8BJ</arg>
<doc>Returns a list containing given items.</doc>
<msg timestamp="20220713 15:06:47.864" level="INFO">${ids_produtos} = ['BeeJh5lz3k6kSIzA', 'K6leHdftCeOJj8BJ']</msg>
<status status="PASS" starttime="20220713 15:06:47.864" endtime="20220713 15:06:47.864"/>
</kw>
<kw name="Pegar Quantidades Dos Produtos" library="python_functions">
<var>${quantidade}</var>
<arg>${ids_produtos}</arg>
<msg timestamp="20220713 15:06:47.893" level="INFO">${quantidade} = [382, 49977]</msg>
<status status="PASS" starttime="20220713 15:06:47.865" endtime="20220713 15:06:47.893"/>
</kw>
<msg timestamp="20220713 15:06:47.893" level="INFO">${quant_inicial} = [382, 49977]</msg>
<status status="PASS" starttime="20220713 15:06:47.864" endtime="20220713 15:06:47.893"/>
</kw>
<kw name="Criar carrinho_valido estatico" library="carrinhos_keywords" sourcename="Criar ${tipo_carrinho} estatico">
<kw name="Importar JSON estatico" library="common">
<var>${json}</var>
<arg>json_carrinho_ex.json</arg>
<kw name="Get File" library="OperatingSystem">
<var>${arquivo}</var>
<arg>${EXECDIR}/support/fixtures/static/${nome_arquivo}</arg>
<doc>Returns the contents of a specified file.</doc>
<msg timestamp="20220713 15:06:47.896" level="INFO" html="true">Getting file '&lt;a href="file://C:\Users\Luana\Desktop\Robot\Dia_04\support\fixtures\static\json_carrinho_ex.json"&gt;C:\Users\Luana\Desktop\Robot\Dia_04\support\fixtures\static\json_carrinho_ex.json&lt;/a&gt;'.</msg>
<msg timestamp="20220713 15:06:47.897" level="INFO">${arquivo} = {
    "carrinho_valido":{  
        "produtos": [
          {
            "idProduto": "BeeJh5lz3k6kSIzA",
            "quantidade": 5
          },
          {
            "idProduto": "K6leHdftCeOJj8...</msg>
<status status="PASS" starttime="20220713 15:06:47.896" endtime="20220713 15:06:47.897"/>
</kw>
<kw name="Evaluate" library="BuiltIn">
<var>${data}</var>
<arg>json.loads('''${arquivo}''')</arg>
<arg>json</arg>
<doc>Evaluates the given expression in Python and returns the result.</doc>
<msg timestamp="20220713 15:06:47.898" level="INFO">${data} = {'carrinho_valido': {'produtos': [{'idProduto': 'BeeJh5lz3k6kSIzA', 'quantidade': 5}, {'idProduto': 'K6leHdftCeOJj8BJ', 'quantidade': 10}]}, 'carrinho_invalido': {'produtos': [{'idProduto': 'PRODUTO_I...</msg>
<status status="PASS" starttime="20220713 15:06:47.897" endtime="20220713 15:06:47.898"/>
</kw>
<msg timestamp="20220713 15:06:47.898" level="INFO">${json} = {'carrinho_valido': {'produtos': [{'idProduto': 'BeeJh5lz3k6kSIzA', 'quantidade': 5}, {'idProduto': 'K6leHdftCeOJj8BJ', 'quantidade': 10}]}, 'carrinho_invalido': {'produtos': [{'idProduto': 'PRODUTO_I...</msg>
<status status="PASS" starttime="20220713 15:06:47.894" endtime="20220713 15:06:47.898"/>
</kw>
<kw name="Set Variable" library="BuiltIn">
<var>${payload}</var>
<arg>${json["${tipo_carrinho}"]}</arg>
<doc>Returns the given values which can then be assigned to a variables.</doc>
<msg timestamp="20220713 15:06:47.898" level="INFO">${payload} = {'produtos': [{'idProduto': 'BeeJh5lz3k6kSIzA', 'quantidade': 5}, {'idProduto': 'K6leHdftCeOJj8BJ', 'quantidade': 10}]}</msg>
<status status="PASS" starttime="20220713 15:06:47.898" endtime="20220713 15:06:47.898"/>
</kw>
<kw name="Set Global Variable" library="BuiltIn">
<arg>${payload}</arg>
<doc>Makes a variable available globally in all tests and suites.</doc>
<msg timestamp="20220713 15:06:47.898" level="INFO">${payload} = {'produtos': [{'idProduto': 'BeeJh5lz3k6kSIzA', 'quantidade': 5}, {'idProduto': 'K6leHdftCeOJj8BJ', 'quantidade': 10}]}</msg>
<status status="PASS" starttime="20220713 15:06:47.898" endtime="20220713 15:06:47.898"/>
</kw>
<status status="PASS" starttime="20220713 15:06:47.894" endtime="20220713 15:06:47.898"/>
</kw>
<kw name="POST endpoint /carrinhos" library="carrinhos_keywords">
<kw name="Create Dictionary" library="BuiltIn">
<var>&amp;{header}</var>
<arg>Authorization=${token_auth}</arg>
<doc>Creates and returns a dictionary based on the given ``items``.</doc>
<msg timestamp="20220713 15:06:47.902" level="INFO">&amp;{header} = { Authorization=Bearer eyJhbGciOiJIUzI1NiIsInR5cCI6IkpXVCJ9.eyJlbWFpbCI6InNlcmdpbzc1QGV4YW1wbGUubmV0IiwicGFzc3dvcmQiOiIrV0IpOElvZSZIIiwiaWF0IjoxNjU3NzM1NjA3LCJleHAiOjE2NTc3MzYyMDd9.RLmZikx99qYwqVAFQNz...</msg>
<status status="PASS" starttime="20220713 15:06:47.902" endtime="20220713 15:06:47.902"/>
</kw>
<kw name="POST On Session" library="RequestsLibrary">
<var>${response}</var>
<arg>serverest</arg>
<arg>/carrinhos</arg>
<arg>json=&amp;{payload}</arg>
<arg>headers=${header}</arg>
<arg>expected_status=any</arg>
<doc>Sends a POST request on a previously created HTTP Session.</doc>
<msg timestamp="20220713 15:06:47.920" level="INFO">POST Request : url=http://localhost:3000/carrinhos 
 path_url=/carrinhos 
 headers={'User-Agent': 'python-requests/2.28.0', 'Accept-Encoding': 'gzip, deflate', 'Accept': '*/*', 'Connection': 'keep-alive', 'Authorization': 'Bearer eyJhbGciOiJIUzI1NiIsInR5cCI6IkpXVCJ9.eyJlbWFpbCI6InNlcmdpbzc1QGV4YW1wbGUubmV0IiwicGFzc3dvcmQiOiIrV0IpOElvZSZIIiwiaWF0IjoxNjU3NzM1NjA3LCJleHAiOjE2NTc3MzYyMDd9.RLmZikx99qYwqVAFQNzMoCHV0f_f1azlYL7BZzzvx3Y', 'Content-Length': '119', 'Content-Type': 'application/json'} 
 body=b'{"produtos": [{"idProduto": "BeeJh5lz3k6kSIzA", "quantidade": 5}, {"idProduto": "K6leHdftCeOJj8BJ", "quantidade": 10}]}' 
 </msg>
<msg timestamp="20220713 15:06:47.920" level="INFO">POST Response : url=http://localhost:3000/carrinhos 
 status=201, reason=Created 
 headers={'Access-Control-Allow-Origin': '*', 'x-dns-prefetch-control': 'off', 'x-frame-options': 'SAMEORIGIN', 'strict-transport-security': 'max-age=15552000; includeSubDomains', 'x-download-options': 'noopen', 'x-content-type-options': 'nosniff', 'x-xss-protection': '1; mode=block', 'x-moesif-transaction-id': 'ae96c908-4544-4f2e-a362-7a17032d30b2', 'Content-Type': 'application/json; charset=utf-8', 'Content-Length': '82', 'Date': 'Wed, 13 Jul 2022 18:06:47 GMT', 'Connection': 'keep-alive', 'Keep-Alive': 'timeout=5'} 
 body={
    "message": "Cadastro realizado com sucesso",
    "_id": "xSF5WHjbeVmz1Z1S"
} 
 </msg>
<msg timestamp="20220713 15:06:47.921" level="INFO">${response} = &lt;Response [201]&gt;</msg>
<status status="PASS" starttime="20220713 15:06:47.902" endtime="20220713 15:06:47.921"/>
</kw>
<kw name="Log To Console" library="BuiltIn">
<arg>Response: ${response.content}</arg>
<doc>Logs the given message to the console.</doc>
<status status="PASS" starttime="20220713 15:06:47.921" endtime="20220713 15:06:47.923"/>
</kw>
<kw name="Set Global Variable" library="BuiltIn">
<arg>${response}</arg>
<doc>Makes a variable available globally in all tests and suites.</doc>
<msg timestamp="20220713 15:06:47.923" level="INFO">${response} = &lt;Response [201]&gt;</msg>
<status status="PASS" starttime="20220713 15:06:47.923" endtime="20220713 15:06:47.923"/>
</kw>
<status status="PASS" starttime="20220713 15:06:47.901" endtime="20220713 15:06:47.924"/>
</kw>
<kw name="Pegar quantidade dos produtos em estoque" library="produtos_keywords">
<var>${quant_final}</var>
<kw name="Create List" library="BuiltIn">
<var>${ids_produtos}</var>
<arg>BeeJh5lz3k6kSIzA</arg>
<arg>K6leHdftCeOJj8BJ</arg>
<doc>Returns a list containing given items.</doc>
<msg timestamp="20220713 15:06:47.925" level="INFO">${ids_produtos} = ['BeeJh5lz3k6kSIzA', 'K6leHdftCeOJj8BJ']</msg>
<status status="PASS" starttime="20220713 15:06:47.925" endtime="20220713 15:06:47.925"/>
</kw>
<kw name="Pegar Quantidades Dos Produtos" library="python_functions">
<var>${quantidade}</var>
<arg>${ids_produtos}</arg>
<msg timestamp="20220713 15:06:47.937" level="INFO">${quantidade} = [377, 49967]</msg>
<status status="PASS" starttime="20220713 15:06:47.925" endtime="20220713 15:06:47.937"/>
</kw>
<msg timestamp="20220713 15:06:47.937" level="INFO">${quant_final} = [377, 49967]</msg>
<status status="PASS" starttime="20220713 15:06:47.924" endtime="20220713 15:06:47.937"/>
</kw>
<kw name="Verificar alteração na quantidade de um produto" library="produtos_keywords">
<arg>${quant_inicial}</arg>
<arg>${quant_final}</arg>
<arg>-5</arg>
<arg>-10</arg>
<kw name="Create List" library="BuiltIn">
<var>${diferença}</var>
<arg>@{diferença}</arg>
<doc>Returns a list containing given items.</doc>
<msg timestamp="20220713 15:06:47.938" level="INFO">${diferença} = ['-5', '-10']</msg>
<status status="PASS" starttime="20220713 15:06:47.938" endtime="20220713 15:06:47.938"/>
</kw>
<kw name="Verificar Alteracao" library="python_functions">
<var>${mensagem}</var>
<arg>${quantidade_inicial}</arg>
<arg>${quantidade_final}</arg>
<arg>${diferença}</arg>
<msg timestamp="20220713 15:06:47.938" level="INFO">${mensagem} = ['quantidade certa em estoque', 'quantidade certa em estoque']</msg>
<status status="PASS" starttime="20220713 15:06:47.938" endtime="20220713 15:06:47.938"/>
</kw>
<kw name="Should Not Contain" library="BuiltIn">
<arg>${mensagem}</arg>
<arg>erro na quantidade do estoque</arg>
<doc>Fails if ``container`` contains ``item`` one or more times.</doc>
<status status="PASS" starttime="20220713 15:06:47.938" endtime="20220713 15:06:47.938"/>
</kw>
<status status="PASS" starttime="20220713 15:06:47.938" endtime="20220713 15:06:47.938"/>
</kw>
<kw name="Validar status code &quot;201&quot;" library="common" sourcename="Validar status code &quot;${statuscode}&quot;">
<kw name="Should Be True" library="BuiltIn">
<arg>${response.status_code} == ${statuscode}</arg>
<doc>Fails if the given condition is not true.</doc>
<status status="PASS" starttime="20220713 15:06:47.940" endtime="20220713 15:06:47.942"/>
</kw>
<status status="PASS" starttime="20220713 15:06:47.940" endtime="20220713 15:06:47.942"/>
</kw>
<kw name="Validar a Mensagem &quot;Cadastro realizado com sucesso&quot;" library="common" sourcename="Validar a mensagem &quot;${mensagem}&quot;">
<kw name="Should Be Equal" library="BuiltIn">
<arg>${response.json()["message"]}</arg>
<arg>${mensagem}</arg>
<doc>Fails if the given objects are unequal.</doc>
<status status="PASS" starttime="20220713 15:06:47.943" endtime="20220713 15:06:47.944"/>
</kw>
<status status="PASS" starttime="20220713 15:06:47.943" endtime="20220713 15:06:47.944"/>
</kw>
<tag>POST</tag>
<tag>POST.CARRINHO</tag>
<status status="PASS" starttime="20220713 15:06:47.751" endtime="20220713 15:06:47.945"/>
</test>
<test id="s1-s1-t5" name="Cenario: POST Cadastrar Carrinho Com Produto Duplicado 400" line="38">
<kw name="Criar usuario adm=true e guardar dados de login" library="login_keywords" sourcename="Criar usuario adm=${tipo_de_usuario} e guardar dados de login">
<kw name="Criar dados dinamico usuario" library="dynamics">
<arg>adm=${tipo_de_usuario}</arg>
<kw name="Criar Usuario Dinamico" library="python_functions">
<var>${payload}</var>
<arg>${campo}</arg>
<arg>${adm}</arg>
<msg timestamp="20220713 15:06:48.005" level="INFO">${payload} = {'nome': 'Angela Griffin', 'email': 'cfuller@example.org', 'password': '!2YnJXoAQB', 'administrador': 'true'}</msg>
<status status="PASS" starttime="20220713 15:06:47.947" endtime="20220713 15:06:48.005"/>
</kw>
<kw name="Set Global Variable" library="BuiltIn">
<arg>${payload}</arg>
<doc>Makes a variable available globally in all tests and suites.</doc>
<msg timestamp="20220713 15:06:48.005" level="INFO">${payload} = {'nome': 'Angela Griffin', 'email': 'cfuller@example.org', 'password': '!2YnJXoAQB', 'administrador': 'true'}</msg>
<status status="PASS" starttime="20220713 15:06:48.005" endtime="20220713 15:06:48.005"/>
</kw>
<status status="PASS" starttime="20220713 15:06:47.947" endtime="20220713 15:06:48.006"/>
</kw>
<kw name="POST endpoint /usuarios" library="usuarios_keywords">
<kw name="POST On Session" library="RequestsLibrary">
<var>${response}</var>
<arg>serverest</arg>
<arg>/usuarios</arg>
<arg>json=&amp;{payload}</arg>
<arg>expected_status=any</arg>
<doc>Sends a POST request on a previously created HTTP Session.</doc>
<msg timestamp="20220713 15:06:48.011" level="INFO">POST Request : url=http://localhost:3000/usuarios 
 path_url=/usuarios 
 headers={'User-Agent': 'python-requests/2.28.0', 'Accept-Encoding': 'gzip, deflate', 'Accept': '*/*', 'Connection': 'keep-alive', 'Content-Length': '109', 'Content-Type': 'application/json'} 
 body=b'{"nome": "Angela Griffin", "email": "cfuller@example.org", "password": "!2YnJXoAQB", "administrador": "true"}' 
 </msg>
<msg timestamp="20220713 15:06:48.011" level="INFO">POST Response : url=http://localhost:3000/usuarios 
 status=201, reason=Created 
 headers={'Access-Control-Allow-Origin': '*', 'x-dns-prefetch-control': 'off', 'x-frame-options': 'SAMEORIGIN', 'strict-transport-security': 'max-age=15552000; includeSubDomains', 'x-download-options': 'noopen', 'x-content-type-options': 'nosniff', 'x-xss-protection': '1; mode=block', 'x-moesif-transaction-id': '69c5d72b-de04-4757-bd93-ed9c24a83876', 'Content-Type': 'application/json; charset=utf-8', 'Content-Length': '82', 'Date': 'Wed, 13 Jul 2022 18:06:48 GMT', 'Connection': 'keep-alive', 'Keep-Alive': 'timeout=5'} 
 body={
    "message": "Cadastro realizado com sucesso",
    "_id": "iSJP7g9jKjF6YA8q"
} 
 </msg>
<msg timestamp="20220713 15:06:48.011" level="INFO">${response} = &lt;Response [201]&gt;</msg>
<status status="PASS" starttime="20220713 15:06:48.006" endtime="20220713 15:06:48.011"/>
</kw>
<kw name="Log To Console" library="BuiltIn">
<arg>Response: ${response.content}</arg>
<doc>Logs the given message to the console.</doc>
<status status="PASS" starttime="20220713 15:06:48.011" endtime="20220713 15:06:48.014"/>
</kw>
<kw name="Set Global Variable" library="BuiltIn">
<arg>${response}</arg>
<doc>Makes a variable available globally in all tests and suites.</doc>
<msg timestamp="20220713 15:06:48.014" level="INFO">${response} = &lt;Response [201]&gt;</msg>
<status status="PASS" starttime="20220713 15:06:48.014" endtime="20220713 15:06:48.014"/>
</kw>
<status status="PASS" starttime="20220713 15:06:48.006" endtime="20220713 15:06:48.015"/>
</kw>
<kw name="Set Variable" library="BuiltIn">
<var>${id_usuario}</var>
<arg>${response.json()["_id"]}</arg>
<doc>Returns the given values which can then be assigned to a variables.</doc>
<msg timestamp="20220713 15:06:48.016" level="INFO">${id_usuario} = iSJP7g9jKjF6YA8q</msg>
<status status="PASS" starttime="20220713 15:06:48.015" endtime="20220713 15:06:48.016"/>
</kw>
<kw name="Set Global Variable" library="BuiltIn">
<arg>${id_usuario}</arg>
<doc>Makes a variable available globally in all tests and suites.</doc>
<msg timestamp="20220713 15:06:48.016" level="INFO">${id_usuario} = iSJP7g9jKjF6YA8q</msg>
<status status="PASS" starttime="20220713 15:06:48.016" endtime="20220713 15:06:48.016"/>
</kw>
<kw name="Pegar Dados Login Usuario" library="python_functions">
<var>${payload}</var>
<arg>${id_usuario}</arg>
<msg timestamp="20220713 15:06:48.021" level="INFO">${payload} = {'email': 'cfuller@example.org', 'password': '!2YnJXoAQB'}</msg>
<status status="PASS" starttime="20220713 15:06:48.016" endtime="20220713 15:06:48.021"/>
</kw>
<kw name="Set Global Variable" library="BuiltIn">
<arg>${payload}</arg>
<doc>Makes a variable available globally in all tests and suites.</doc>
<msg timestamp="20220713 15:06:48.021" level="INFO">${payload} = {'email': 'cfuller@example.org', 'password': '!2YnJXoAQB'}</msg>
<status status="PASS" starttime="20220713 15:06:48.021" endtime="20220713 15:06:48.021"/>
</kw>
<status status="PASS" starttime="20220713 15:06:47.947" endtime="20220713 15:06:48.022"/>
</kw>
<kw name="POST endpoint /login" library="login_keywords">
<kw name="POST On Session" library="RequestsLibrary">
<var>${response_login}</var>
<arg>serverest</arg>
<arg>/login</arg>
<arg>json=&amp;{payload}</arg>
<arg>expected_status=any</arg>
<doc>Sends a POST request on a previously created HTTP Session.</doc>
<msg timestamp="20220713 15:06:48.026" level="INFO">POST Request : url=http://localhost:3000/login 
 path_url=/login 
 headers={'User-Agent': 'python-requests/2.28.0', 'Accept-Encoding': 'gzip, deflate', 'Accept': '*/*', 'Connection': 'keep-alive', 'Content-Length': '58', 'Content-Type': 'application/json'} 
 body=b'{"email": "cfuller@example.org", "password": "!2YnJXoAQB"}' 
 </msg>
<msg timestamp="20220713 15:06:48.026" level="INFO">POST Response : url=http://localhost:3000/login 
 status=200, reason=OK 
 headers={'Access-Control-Allow-Origin': '*', 'x-dns-prefetch-control': 'off', 'x-frame-options': 'SAMEORIGIN', 'strict-transport-security': 'max-age=15552000; includeSubDomains', 'x-download-options': 'noopen', 'x-content-type-options': 'nosniff', 'x-xss-protection': '1; mode=block', 'x-moesif-transaction-id': 'c6d45632-df59-4707-b6aa-2e32ec62181b', 'Content-Type': 'application/json; charset=utf-8', 'Content-Length': '280', 'Date': 'Wed, 13 Jul 2022 18:06:48 GMT', 'Connection': 'keep-alive', 'Keep-Alive': 'timeout=5'} 
 body={
    "message": "Login realizado com sucesso",
    "authorization": "Bearer eyJhbGciOiJIUzI1NiIsInR5cCI6IkpXVCJ9.eyJlbWFpbCI6ImNmdWxsZXJAZXhhbXBsZS5vcmciLCJwYXNzd29yZCI6IiEyWW5KWG9BUUIiLCJpYXQiOjE2NTc3MzU2MDgsImV4cCI6MTY1NzczNjIwOH0.CMeTVUkESjYsgwA7qL8S3AQb9Ht1-03lUEwYZnW3WpI"
} 
 </msg>
<msg timestamp="20220713 15:06:48.026" level="INFO">${response_login} = &lt;Response [200]&gt;</msg>
<status status="PASS" starttime="20220713 15:06:48.022" endtime="20220713 15:06:48.026"/>
</kw>
<kw name="Log To Console" library="BuiltIn">
<arg>Response: ${response_login.content}</arg>
<doc>Logs the given message to the console.</doc>
<status status="PASS" starttime="20220713 15:06:48.026" endtime="20220713 15:06:48.028"/>
</kw>
<kw name="Set Global Variable" library="BuiltIn">
<arg>${response_login}</arg>
<doc>Makes a variable available globally in all tests and suites.</doc>
<msg timestamp="20220713 15:06:48.029" level="INFO">${response_login} = &lt;Response [200]&gt;</msg>
<status status="PASS" starttime="20220713 15:06:48.028" endtime="20220713 15:06:48.029"/>
</kw>
<status status="PASS" starttime="20220713 15:06:48.022" endtime="20220713 15:06:48.029"/>
</kw>
<kw name="Criar carrinho_produto_duplicado estatico" library="carrinhos_keywords" sourcename="Criar ${tipo_carrinho} estatico">
<kw name="Importar JSON estatico" library="common">
<var>${json}</var>
<arg>json_carrinho_ex.json</arg>
<kw name="Get File" library="OperatingSystem">
<var>${arquivo}</var>
<arg>${EXECDIR}/support/fixtures/static/${nome_arquivo}</arg>
<doc>Returns the contents of a specified file.</doc>
<msg timestamp="20220713 15:06:48.031" level="INFO" html="true">Getting file '&lt;a href="file://C:\Users\Luana\Desktop\Robot\Dia_04\support\fixtures\static\json_carrinho_ex.json"&gt;C:\Users\Luana\Desktop\Robot\Dia_04\support\fixtures\static\json_carrinho_ex.json&lt;/a&gt;'.</msg>
<msg timestamp="20220713 15:06:48.031" level="INFO">${arquivo} = {
    "carrinho_valido":{  
        "produtos": [
          {
            "idProduto": "BeeJh5lz3k6kSIzA",
            "quantidade": 5
          },
          {
            "idProduto": "K6leHdftCeOJj8...</msg>
<status status="PASS" starttime="20220713 15:06:48.031" endtime="20220713 15:06:48.031"/>
</kw>
<kw name="Evaluate" library="BuiltIn">
<var>${data}</var>
<arg>json.loads('''${arquivo}''')</arg>
<arg>json</arg>
<doc>Evaluates the given expression in Python and returns the result.</doc>
<msg timestamp="20220713 15:06:48.032" level="INFO">${data} = {'carrinho_valido': {'produtos': [{'idProduto': 'BeeJh5lz3k6kSIzA', 'quantidade': 5}, {'idProduto': 'K6leHdftCeOJj8BJ', 'quantidade': 10}]}, 'carrinho_invalido': {'produtos': [{'idProduto': 'PRODUTO_I...</msg>
<status status="PASS" starttime="20220713 15:06:48.032" endtime="20220713 15:06:48.032"/>
</kw>
<msg timestamp="20220713 15:06:48.032" level="INFO">${json} = {'carrinho_valido': {'produtos': [{'idProduto': 'BeeJh5lz3k6kSIzA', 'quantidade': 5}, {'idProduto': 'K6leHdftCeOJj8BJ', 'quantidade': 10}]}, 'carrinho_invalido': {'produtos': [{'idProduto': 'PRODUTO_I...</msg>
<status status="PASS" starttime="20220713 15:06:48.030" endtime="20220713 15:06:48.032"/>
</kw>
<kw name="Set Variable" library="BuiltIn">
<var>${payload}</var>
<arg>${json["${tipo_carrinho}"]}</arg>
<doc>Returns the given values which can then be assigned to a variables.</doc>
<msg timestamp="20220713 15:06:48.033" level="INFO">${payload} = {'produtos': [{'idProduto': 'BeeJh5lz3k6kSIzA', 'quantidade': 5}, {'idProduto': 'BeeJh5lz3k6kSIzA', 'quantidade': 10}]}</msg>
<status status="PASS" starttime="20220713 15:06:48.032" endtime="20220713 15:06:48.033"/>
</kw>
<kw name="Set Global Variable" library="BuiltIn">
<arg>${payload}</arg>
<doc>Makes a variable available globally in all tests and suites.</doc>
<msg timestamp="20220713 15:06:48.033" level="INFO">${payload} = {'produtos': [{'idProduto': 'BeeJh5lz3k6kSIzA', 'quantidade': 5}, {'idProduto': 'BeeJh5lz3k6kSIzA', 'quantidade': 10}]}</msg>
<status status="PASS" starttime="20220713 15:06:48.033" endtime="20220713 15:06:48.033"/>
</kw>
<status status="PASS" starttime="20220713 15:06:48.030" endtime="20220713 15:06:48.034"/>
</kw>
<kw name="POST endpoint /carrinhos" library="carrinhos_keywords">
<kw name="Create Dictionary" library="BuiltIn">
<var>&amp;{header}</var>
<arg>Authorization=${token_auth}</arg>
<doc>Creates and returns a dictionary based on the given ``items``.</doc>
<msg timestamp="20220713 15:06:48.035" level="INFO">&amp;{header} = { Authorization=Bearer eyJhbGciOiJIUzI1NiIsInR5cCI6IkpXVCJ9.eyJlbWFpbCI6ImNmdWxsZXJAZXhhbXBsZS5vcmciLCJwYXNzd29yZCI6IiEyWW5KWG9BUUIiLCJpYXQiOjE2NTc3MzU2MDgsImV4cCI6MTY1NzczNjIwOH0.CMeTVUkESjYsgwA7qL8S...</msg>
<status status="PASS" starttime="20220713 15:06:48.035" endtime="20220713 15:06:48.035"/>
</kw>
<kw name="POST On Session" library="RequestsLibrary">
<var>${response}</var>
<arg>serverest</arg>
<arg>/carrinhos</arg>
<arg>json=&amp;{payload}</arg>
<arg>headers=${header}</arg>
<arg>expected_status=any</arg>
<doc>Sends a POST request on a previously created HTTP Session.</doc>
<msg timestamp="20220713 15:06:48.036" level="INFO">POST Request : url=http://localhost:3000/carrinhos 
 path_url=/carrinhos 
 headers={'User-Agent': 'python-requests/2.28.0', 'Accept-Encoding': 'gzip, deflate', 'Accept': '*/*', 'Connection': 'keep-alive', 'Authorization': 'Bearer eyJhbGciOiJIUzI1NiIsInR5cCI6IkpXVCJ9.eyJlbWFpbCI6ImNmdWxsZXJAZXhhbXBsZS5vcmciLCJwYXNzd29yZCI6IiEyWW5KWG9BUUIiLCJpYXQiOjE2NTc3MzU2MDgsImV4cCI6MTY1NzczNjIwOH0.CMeTVUkESjYsgwA7qL8S3AQb9Ht1-03lUEwYZnW3WpI', 'Content-Length': '119', 'Content-Type': 'application/json'} 
 body=b'{"produtos": [{"idProduto": "BeeJh5lz3k6kSIzA", "quantidade": 5}, {"idProduto": "BeeJh5lz3k6kSIzA", "quantidade": 10}]}' 
 </msg>
<msg timestamp="20220713 15:06:48.036" level="INFO">POST Response : url=http://localhost:3000/carrinhos 
 status=400, reason=Bad Request 
 headers={'Access-Control-Allow-Origin': '*', 'x-dns-prefetch-control': 'off', 'x-frame-options': 'SAMEORIGIN', 'strict-transport-security': 'max-age=15552000; includeSubDomains', 'x-download-options': 'noopen', 'x-content-type-options': 'nosniff', 'x-xss-protection': '1; mode=block', 'x-moesif-transaction-id': 'ae335633-3875-4462-bc02-b762975d0e64', 'Content-Type': 'application/json; charset=utf-8', 'Content-Length': '128', 'Date': 'Wed, 13 Jul 2022 18:06:48 GMT', 'Connection': 'keep-alive', 'Keep-Alive': 'timeout=5'} 
 body={
    "message": "Não é permitido possuir produto duplicado",
    "idProdutosDuplicados": [
        "BeeJh5lz3k6kSIzA"
    ]
} 
 </msg>
<msg timestamp="20220713 15:06:48.036" level="INFO">${response} = &lt;Response [400]&gt;</msg>
<status status="PASS" starttime="20220713 15:06:48.035" endtime="20220713 15:06:48.042"/>
</kw>
<kw name="Log To Console" library="BuiltIn">
<arg>Response: ${response.content}</arg>
<doc>Logs the given message to the console.</doc>
<status status="PASS" starttime="20220713 15:06:48.042" endtime="20220713 15:06:48.043"/>
</kw>
<kw name="Set Global Variable" library="BuiltIn">
<arg>${response}</arg>
<doc>Makes a variable available globally in all tests and suites.</doc>
<msg timestamp="20220713 15:06:48.043" level="INFO">${response} = &lt;Response [400]&gt;</msg>
<status status="PASS" starttime="20220713 15:06:48.043" endtime="20220713 15:06:48.043"/>
</kw>
<status status="PASS" starttime="20220713 15:06:48.034" endtime="20220713 15:06:48.044"/>
</kw>
<kw name="Validar status code &quot;400&quot;" library="common" sourcename="Validar status code &quot;${statuscode}&quot;">
<kw name="Should Be True" library="BuiltIn">
<arg>${response.status_code} == ${statuscode}</arg>
<doc>Fails if the given condition is not true.</doc>
<status status="PASS" starttime="20220713 15:06:48.045" endtime="20220713 15:06:48.046"/>
</kw>
<status status="PASS" starttime="20220713 15:06:48.045" endtime="20220713 15:06:48.046"/>
</kw>
<kw name="Validar a Mensagem &quot;Não é permitido possuir produto duplicado&quot;" library="common" sourcename="Validar a mensagem &quot;${mensagem}&quot;">
<kw name="Should Be Equal" library="BuiltIn">
<arg>${response.json()["message"]}</arg>
<arg>${mensagem}</arg>
<doc>Fails if the given objects are unequal.</doc>
<status status="PASS" starttime="20220713 15:06:48.048" endtime="20220713 15:06:48.048"/>
</kw>
<status status="PASS" starttime="20220713 15:06:48.047" endtime="20220713 15:06:48.048"/>
</kw>
<tag>POST</tag>
<tag>POST.CARRINHO.PRODUTO.DUPLICADO</tag>
<status status="PASS" starttime="20220713 15:06:47.947" endtime="20220713 15:06:48.049"/>
</test>
<test id="s1-s1-t6" name="Cenario: POST Cadastrar Mais de Um Carrinho 400" line="47">
<kw name="Criar usuario adm=true e guardar dados de login" library="login_keywords" sourcename="Criar usuario adm=${tipo_de_usuario} e guardar dados de login">
<kw name="Criar dados dinamico usuario" library="dynamics">
<arg>adm=${tipo_de_usuario}</arg>
<kw name="Criar Usuario Dinamico" library="python_functions">
<var>${payload}</var>
<arg>${campo}</arg>
<arg>${adm}</arg>
<msg timestamp="20220713 15:06:48.110" level="INFO">${payload} = {'nome': 'Karen Fernandez', 'email': 'hendersonthomas@example.net', 'password': '$GiZO1UjiZ', 'administrador': 'true'}</msg>
<status status="PASS" starttime="20220713 15:06:48.052" endtime="20220713 15:06:48.110"/>
</kw>
<kw name="Set Global Variable" library="BuiltIn">
<arg>${payload}</arg>
<doc>Makes a variable available globally in all tests and suites.</doc>
<msg timestamp="20220713 15:06:48.112" level="INFO">${payload} = {'nome': 'Karen Fernandez', 'email': 'hendersonthomas@example.net', 'password': '$GiZO1UjiZ', 'administrador': 'true'}</msg>
<status status="PASS" starttime="20220713 15:06:48.112" endtime="20220713 15:06:48.112"/>
</kw>
<status status="PASS" starttime="20220713 15:06:48.051" endtime="20220713 15:06:48.112"/>
</kw>
<kw name="POST endpoint /usuarios" library="usuarios_keywords">
<kw name="POST On Session" library="RequestsLibrary">
<var>${response}</var>
<arg>serverest</arg>
<arg>/usuarios</arg>
<arg>json=&amp;{payload}</arg>
<arg>expected_status=any</arg>
<doc>Sends a POST request on a previously created HTTP Session.</doc>
<msg timestamp="20220713 15:06:48.117" level="INFO">POST Request : url=http://localhost:3000/usuarios 
 path_url=/usuarios 
 headers={'User-Agent': 'python-requests/2.28.0', 'Accept-Encoding': 'gzip, deflate', 'Accept': '*/*', 'Connection': 'keep-alive', 'Content-Length': '118', 'Content-Type': 'application/json'} 
 body=b'{"nome": "Karen Fernandez", "email": "hendersonthomas@example.net", "password": "$GiZO1UjiZ", "administrador": "true"}' 
 </msg>
<msg timestamp="20220713 15:06:48.117" level="INFO">POST Response : url=http://localhost:3000/usuarios 
 status=201, reason=Created 
 headers={'Access-Control-Allow-Origin': '*', 'x-dns-prefetch-control': 'off', 'x-frame-options': 'SAMEORIGIN', 'strict-transport-security': 'max-age=15552000; includeSubDomains', 'x-download-options': 'noopen', 'x-content-type-options': 'nosniff', 'x-xss-protection': '1; mode=block', 'x-moesif-transaction-id': 'b1d85a4d-7a2a-419a-bb56-5269ada47019', 'Content-Type': 'application/json; charset=utf-8', 'Content-Length': '82', 'Date': 'Wed, 13 Jul 2022 18:06:48 GMT', 'Connection': 'keep-alive', 'Keep-Alive': 'timeout=5'} 
 body={
    "message": "Cadastro realizado com sucesso",
    "_id": "fKPBhIBCw7UX3m1h"
} 
 </msg>
<msg timestamp="20220713 15:06:48.117" level="INFO">${response} = &lt;Response [201]&gt;</msg>
<status status="PASS" starttime="20220713 15:06:48.112" endtime="20220713 15:06:48.117"/>
</kw>
<kw name="Log To Console" library="BuiltIn">
<arg>Response: ${response.content}</arg>
<doc>Logs the given message to the console.</doc>
<status status="PASS" starttime="20220713 15:06:48.117" endtime="20220713 15:06:48.118"/>
</kw>
<kw name="Set Global Variable" library="BuiltIn">
<arg>${response}</arg>
<doc>Makes a variable available globally in all tests and suites.</doc>
<msg timestamp="20220713 15:06:48.119" level="INFO">${response} = &lt;Response [201]&gt;</msg>
<status status="PASS" starttime="20220713 15:06:48.119" endtime="20220713 15:06:48.119"/>
</kw>
<status status="PASS" starttime="20220713 15:06:48.112" endtime="20220713 15:06:48.119"/>
</kw>
<kw name="Set Variable" library="BuiltIn">
<var>${id_usuario}</var>
<arg>${response.json()["_id"]}</arg>
<doc>Returns the given values which can then be assigned to a variables.</doc>
<msg timestamp="20220713 15:06:48.120" level="INFO">${id_usuario} = fKPBhIBCw7UX3m1h</msg>
<status status="PASS" starttime="20220713 15:06:48.120" endtime="20220713 15:06:48.120"/>
</kw>
<kw name="Set Global Variable" library="BuiltIn">
<arg>${id_usuario}</arg>
<doc>Makes a variable available globally in all tests and suites.</doc>
<msg timestamp="20220713 15:06:48.120" level="INFO">${id_usuario} = fKPBhIBCw7UX3m1h</msg>
<status status="PASS" starttime="20220713 15:06:48.120" endtime="20220713 15:06:48.120"/>
</kw>
<kw name="Pegar Dados Login Usuario" library="python_functions">
<var>${payload}</var>
<arg>${id_usuario}</arg>
<msg timestamp="20220713 15:06:48.124" level="INFO">${payload} = {'email': 'hendersonthomas@example.net', 'password': '$GiZO1UjiZ'}</msg>
<status status="PASS" starttime="20220713 15:06:48.120" endtime="20220713 15:06:48.125"/>
</kw>
<kw name="Set Global Variable" library="BuiltIn">
<arg>${payload}</arg>
<doc>Makes a variable available globally in all tests and suites.</doc>
<msg timestamp="20220713 15:06:48.125" level="INFO">${payload} = {'email': 'hendersonthomas@example.net', 'password': '$GiZO1UjiZ'}</msg>
<status status="PASS" starttime="20220713 15:06:48.125" endtime="20220713 15:06:48.125"/>
</kw>
<status status="PASS" starttime="20220713 15:06:48.051" endtime="20220713 15:06:48.125"/>
</kw>
<kw name="POST endpoint /login" library="login_keywords">
<kw name="POST On Session" library="RequestsLibrary">
<var>${response_login}</var>
<arg>serverest</arg>
<arg>/login</arg>
<arg>json=&amp;{payload}</arg>
<arg>expected_status=any</arg>
<doc>Sends a POST request on a previously created HTTP Session.</doc>
<msg timestamp="20220713 15:06:48.130" level="INFO">POST Request : url=http://localhost:3000/login 
 path_url=/login 
 headers={'User-Agent': 'python-requests/2.28.0', 'Accept-Encoding': 'gzip, deflate', 'Accept': '*/*', 'Connection': 'keep-alive', 'Content-Length': '66', 'Content-Type': 'application/json'} 
 body=b'{"email": "hendersonthomas@example.net", "password": "$GiZO1UjiZ"}' 
 </msg>
<msg timestamp="20220713 15:06:48.130" level="INFO">POST Response : url=http://localhost:3000/login 
 status=200, reason=OK 
 headers={'Access-Control-Allow-Origin': '*', 'x-dns-prefetch-control': 'off', 'x-frame-options': 'SAMEORIGIN', 'strict-transport-security': 'max-age=15552000; includeSubDomains', 'x-download-options': 'noopen', 'x-content-type-options': 'nosniff', 'x-xss-protection': '1; mode=block', 'x-moesif-transaction-id': '4acca39a-6081-4d3d-8689-7119767a0830', 'Content-Type': 'application/json; charset=utf-8', 'Content-Length': '291', 'Date': 'Wed, 13 Jul 2022 18:06:48 GMT', 'Connection': 'keep-alive', 'Keep-Alive': 'timeout=5'} 
 body={
    "message": "Login realizado com sucesso",
    "authorization": "Bearer eyJhbGciOiJIUzI1NiIsInR5cCI6IkpXVCJ9.eyJlbWFpbCI6ImhlbmRlcnNvbnRob21hc0BleGFtcGxlLm5ldCIsInBhc3N3b3JkIjoiJEdpWk8xVWppWiIsImlhdCI6MTY1NzczNTYwOCwiZXhwIjoxNjU3NzM2MjA4fQ.C19pvq5S5FDfRUyMlz7MUJWaIetJcdE1Cc-ZrZhxjro"
} 
 </msg>
<msg timestamp="20220713 15:06:48.131" level="INFO">${response_login} = &lt;Response [200]&gt;</msg>
<status status="PASS" starttime="20220713 15:06:48.126" endtime="20220713 15:06:48.131"/>
</kw>
<kw name="Log To Console" library="BuiltIn">
<arg>Response: ${response_login.content}</arg>
<doc>Logs the given message to the console.</doc>
<status status="PASS" starttime="20220713 15:06:48.131" endtime="20220713 15:06:48.132"/>
</kw>
<kw name="Set Global Variable" library="BuiltIn">
<arg>${response_login}</arg>
<doc>Makes a variable available globally in all tests and suites.</doc>
<msg timestamp="20220713 15:06:48.132" level="INFO">${response_login} = &lt;Response [200]&gt;</msg>
<status status="PASS" starttime="20220713 15:06:48.132" endtime="20220713 15:06:48.132"/>
</kw>
<status status="PASS" starttime="20220713 15:06:48.126" endtime="20220713 15:06:48.132"/>
</kw>
<kw name="Criar carrinho_valido estatico" library="carrinhos_keywords" sourcename="Criar ${tipo_carrinho} estatico">
<kw name="Importar JSON estatico" library="common">
<var>${json}</var>
<arg>json_carrinho_ex.json</arg>
<kw name="Get File" library="OperatingSystem">
<var>${arquivo}</var>
<arg>${EXECDIR}/support/fixtures/static/${nome_arquivo}</arg>
<doc>Returns the contents of a specified file.</doc>
<msg timestamp="20220713 15:06:48.133" level="INFO" html="true">Getting file '&lt;a href="file://C:\Users\Luana\Desktop\Robot\Dia_04\support\fixtures\static\json_carrinho_ex.json"&gt;C:\Users\Luana\Desktop\Robot\Dia_04\support\fixtures\static\json_carrinho_ex.json&lt;/a&gt;'.</msg>
<msg timestamp="20220713 15:06:48.134" level="INFO">${arquivo} = {
    "carrinho_valido":{  
        "produtos": [
          {
            "idProduto": "BeeJh5lz3k6kSIzA",
            "quantidade": 5
          },
          {
            "idProduto": "K6leHdftCeOJj8...</msg>
<status status="PASS" starttime="20220713 15:06:48.133" endtime="20220713 15:06:48.134"/>
</kw>
<kw name="Evaluate" library="BuiltIn">
<var>${data}</var>
<arg>json.loads('''${arquivo}''')</arg>
<arg>json</arg>
<doc>Evaluates the given expression in Python and returns the result.</doc>
<msg timestamp="20220713 15:06:48.134" level="INFO">${data} = {'carrinho_valido': {'produtos': [{'idProduto': 'BeeJh5lz3k6kSIzA', 'quantidade': 5}, {'idProduto': 'K6leHdftCeOJj8BJ', 'quantidade': 10}]}, 'carrinho_invalido': {'produtos': [{'idProduto': 'PRODUTO_I...</msg>
<status status="PASS" starttime="20220713 15:06:48.134" endtime="20220713 15:06:48.134"/>
</kw>
<msg timestamp="20220713 15:06:48.134" level="INFO">${json} = {'carrinho_valido': {'produtos': [{'idProduto': 'BeeJh5lz3k6kSIzA', 'quantidade': 5}, {'idProduto': 'K6leHdftCeOJj8BJ', 'quantidade': 10}]}, 'carrinho_invalido': {'produtos': [{'idProduto': 'PRODUTO_I...</msg>
<status status="PASS" starttime="20220713 15:06:48.133" endtime="20220713 15:06:48.134"/>
</kw>
<kw name="Set Variable" library="BuiltIn">
<var>${payload}</var>
<arg>${json["${tipo_carrinho}"]}</arg>
<doc>Returns the given values which can then be assigned to a variables.</doc>
<msg timestamp="20220713 15:06:48.134" level="INFO">${payload} = {'produtos': [{'idProduto': 'BeeJh5lz3k6kSIzA', 'quantidade': 5}, {'idProduto': 'K6leHdftCeOJj8BJ', 'quantidade': 10}]}</msg>
<status status="PASS" starttime="20220713 15:06:48.134" endtime="20220713 15:06:48.136"/>
</kw>
<kw name="Set Global Variable" library="BuiltIn">
<arg>${payload}</arg>
<doc>Makes a variable available globally in all tests and suites.</doc>
<msg timestamp="20220713 15:06:48.136" level="INFO">${payload} = {'produtos': [{'idProduto': 'BeeJh5lz3k6kSIzA', 'quantidade': 5}, {'idProduto': 'K6leHdftCeOJj8BJ', 'quantidade': 10}]}</msg>
<status status="PASS" starttime="20220713 15:06:48.136" endtime="20220713 15:06:48.136"/>
</kw>
<status status="PASS" starttime="20220713 15:06:48.133" endtime="20220713 15:06:48.136"/>
</kw>
<kw name="POST endpoint /carrinhos" library="carrinhos_keywords">
<kw name="Create Dictionary" library="BuiltIn">
<var>&amp;{header}</var>
<arg>Authorization=${token_auth}</arg>
<doc>Creates and returns a dictionary based on the given ``items``.</doc>
<msg timestamp="20220713 15:06:48.137" level="INFO">&amp;{header} = { Authorization=Bearer eyJhbGciOiJIUzI1NiIsInR5cCI6IkpXVCJ9.eyJlbWFpbCI6ImhlbmRlcnNvbnRob21hc0BleGFtcGxlLm5ldCIsInBhc3N3b3JkIjoiJEdpWk8xVWppWiIsImlhdCI6MTY1NzczNTYwOCwiZXhwIjoxNjU3NzM2MjA4fQ.C19pvq5S5...</msg>
<status status="PASS" starttime="20220713 15:06:48.137" endtime="20220713 15:06:48.138"/>
</kw>
<kw name="POST On Session" library="RequestsLibrary">
<var>${response}</var>
<arg>serverest</arg>
<arg>/carrinhos</arg>
<arg>json=&amp;{payload}</arg>
<arg>headers=${header}</arg>
<arg>expected_status=any</arg>
<doc>Sends a POST request on a previously created HTTP Session.</doc>
<msg timestamp="20220713 15:06:48.146" level="INFO">POST Request : url=http://localhost:3000/carrinhos 
 path_url=/carrinhos 
 headers={'User-Agent': 'python-requests/2.28.0', 'Accept-Encoding': 'gzip, deflate', 'Accept': '*/*', 'Connection': 'keep-alive', 'Authorization': 'Bearer eyJhbGciOiJIUzI1NiIsInR5cCI6IkpXVCJ9.eyJlbWFpbCI6ImhlbmRlcnNvbnRob21hc0BleGFtcGxlLm5ldCIsInBhc3N3b3JkIjoiJEdpWk8xVWppWiIsImlhdCI6MTY1NzczNTYwOCwiZXhwIjoxNjU3NzM2MjA4fQ.C19pvq5S5FDfRUyMlz7MUJWaIetJcdE1Cc-ZrZhxjro', 'Content-Length': '119', 'Content-Type': 'application/json'} 
 body=b'{"produtos": [{"idProduto": "BeeJh5lz3k6kSIzA", "quantidade": 5}, {"idProduto": "K6leHdftCeOJj8BJ", "quantidade": 10}]}' 
 </msg>
<msg timestamp="20220713 15:06:48.146" level="INFO">POST Response : url=http://localhost:3000/carrinhos 
 status=201, reason=Created 
 headers={'Access-Control-Allow-Origin': '*', 'x-dns-prefetch-control': 'off', 'x-frame-options': 'SAMEORIGIN', 'strict-transport-security': 'max-age=15552000; includeSubDomains', 'x-download-options': 'noopen', 'x-content-type-options': 'nosniff', 'x-xss-protection': '1; mode=block', 'x-moesif-transaction-id': '802dc479-0771-4246-b57c-c9b9777cb870', 'Content-Type': 'application/json; charset=utf-8', 'Content-Length': '82', 'Date': 'Wed, 13 Jul 2022 18:06:48 GMT', 'Connection': 'keep-alive', 'Keep-Alive': 'timeout=5'} 
 body={
    "message": "Cadastro realizado com sucesso",
    "_id": "MN8aOBpTuSYOY8Y2"
} 
 </msg>
<msg timestamp="20220713 15:06:48.146" level="INFO">${response} = &lt;Response [201]&gt;</msg>
<status status="PASS" starttime="20220713 15:06:48.138" endtime="20220713 15:06:48.146"/>
</kw>
<kw name="Log To Console" library="BuiltIn">
<arg>Response: ${response.content}</arg>
<doc>Logs the given message to the console.</doc>
<status status="PASS" starttime="20220713 15:06:48.146" endtime="20220713 15:06:48.148"/>
</kw>
<kw name="Set Global Variable" library="BuiltIn">
<arg>${response}</arg>
<doc>Makes a variable available globally in all tests and suites.</doc>
<msg timestamp="20220713 15:06:48.148" level="INFO">${response} = &lt;Response [201]&gt;</msg>
<status status="PASS" starttime="20220713 15:06:48.148" endtime="20220713 15:06:48.148"/>
</kw>
<status status="PASS" starttime="20220713 15:06:48.136" endtime="20220713 15:06:48.148"/>
</kw>
<kw name="POST endpoint /carrinhos" library="carrinhos_keywords">
<kw name="Create Dictionary" library="BuiltIn">
<var>&amp;{header}</var>
<arg>Authorization=${token_auth}</arg>
<doc>Creates and returns a dictionary based on the given ``items``.</doc>
<msg timestamp="20220713 15:06:48.150" level="INFO">&amp;{header} = { Authorization=Bearer eyJhbGciOiJIUzI1NiIsInR5cCI6IkpXVCJ9.eyJlbWFpbCI6ImhlbmRlcnNvbnRob21hc0BleGFtcGxlLm5ldCIsInBhc3N3b3JkIjoiJEdpWk8xVWppWiIsImlhdCI6MTY1NzczNTYwOCwiZXhwIjoxNjU3NzM2MjA4fQ.C19pvq5S5...</msg>
<status status="PASS" starttime="20220713 15:06:48.150" endtime="20220713 15:06:48.150"/>
</kw>
<kw name="POST On Session" library="RequestsLibrary">
<var>${response}</var>
<arg>serverest</arg>
<arg>/carrinhos</arg>
<arg>json=&amp;{payload}</arg>
<arg>headers=${header}</arg>
<arg>expected_status=any</arg>
<doc>Sends a POST request on a previously created HTTP Session.</doc>
<msg timestamp="20220713 15:06:48.156" level="INFO">POST Request : url=http://localhost:3000/carrinhos 
 path_url=/carrinhos 
 headers={'User-Agent': 'python-requests/2.28.0', 'Accept-Encoding': 'gzip, deflate', 'Accept': '*/*', 'Connection': 'keep-alive', 'Authorization': 'Bearer eyJhbGciOiJIUzI1NiIsInR5cCI6IkpXVCJ9.eyJlbWFpbCI6ImhlbmRlcnNvbnRob21hc0BleGFtcGxlLm5ldCIsInBhc3N3b3JkIjoiJEdpWk8xVWppWiIsImlhdCI6MTY1NzczNTYwOCwiZXhwIjoxNjU3NzM2MjA4fQ.C19pvq5S5FDfRUyMlz7MUJWaIetJcdE1Cc-ZrZhxjro', 'Content-Length': '119', 'Content-Type': 'application/json'} 
 body=b'{"produtos": [{"idProduto": "BeeJh5lz3k6kSIzA", "quantidade": 5}, {"idProduto": "K6leHdftCeOJj8BJ", "quantidade": 10}]}' 
 </msg>
<msg timestamp="20220713 15:06:48.156" level="INFO">POST Response : url=http://localhost:3000/carrinhos 
 status=400, reason=Bad Request 
 headers={'Access-Control-Allow-Origin': '*', 'x-dns-prefetch-control': 'off', 'x-frame-options': 'SAMEORIGIN', 'strict-transport-security': 'max-age=15552000; includeSubDomains', 'x-download-options': 'noopen', 'x-content-type-options': 'nosniff', 'x-xss-protection': '1; mode=block', 'x-moesif-transaction-id': 'b62d702f-44a5-4e29-bc61-69595c0330c0', 'Content-Type': 'application/json; charset=utf-8', 'Content-Length': '61', 'Date': 'Wed, 13 Jul 2022 18:06:48 GMT', 'Connection': 'keep-alive', 'Keep-Alive': 'timeout=5'} 
 body={
    "message": "Não é permitido ter mais de 1 carrinho"
} 
 </msg>
<msg timestamp="20220713 15:06:48.156" level="INFO">${response} = &lt;Response [400]&gt;</msg>
<status status="PASS" starttime="20220713 15:06:48.150" endtime="20220713 15:06:48.156"/>
</kw>
<kw name="Log To Console" library="BuiltIn">
<arg>Response: ${response.content}</arg>
<doc>Logs the given message to the console.</doc>
<status status="PASS" starttime="20220713 15:06:48.156" endtime="20220713 15:06:48.157"/>
</kw>
<kw name="Set Global Variable" library="BuiltIn">
<arg>${response}</arg>
<doc>Makes a variable available globally in all tests and suites.</doc>
<msg timestamp="20220713 15:06:48.157" level="INFO">${response} = &lt;Response [400]&gt;</msg>
<status status="PASS" starttime="20220713 15:06:48.157" endtime="20220713 15:06:48.157"/>
</kw>
<status status="PASS" starttime="20220713 15:06:48.149" endtime="20220713 15:06:48.157"/>
</kw>
<kw name="Validar status code &quot;400&quot;" library="common" sourcename="Validar status code &quot;${statuscode}&quot;">
<kw name="Should Be True" library="BuiltIn">
<arg>${response.status_code} == ${statuscode}</arg>
<doc>Fails if the given condition is not true.</doc>
<status status="PASS" starttime="20220713 15:06:48.158" endtime="20220713 15:06:48.159"/>
</kw>
<status status="PASS" starttime="20220713 15:06:48.158" endtime="20220713 15:06:48.159"/>
</kw>
<kw name="Validar a Mensagem &quot;Não é permitido ter mais de 1 carrinho&quot;" library="common" sourcename="Validar a mensagem &quot;${mensagem}&quot;">
<kw name="Should Be Equal" library="BuiltIn">
<arg>${response.json()["message"]}</arg>
<arg>${mensagem}</arg>
<doc>Fails if the given objects are unequal.</doc>
<status status="PASS" starttime="20220713 15:06:48.162" endtime="20220713 15:06:48.162"/>
</kw>
<status status="PASS" starttime="20220713 15:06:48.161" endtime="20220713 15:06:48.162"/>
</kw>
<tag>POST</tag>
<tag>POST.CARRINHO.MAIS.UM</tag>
<status status="PASS" starttime="20220713 15:06:48.050" endtime="20220713 15:06:48.163"/>
</test>
<test id="s1-s1-t7" name="Cenario: POST Cadastrar Carrinho Com Produto Invalido 400" line="57">
<kw name="Criar usuario adm=true e guardar dados de login" library="login_keywords" sourcename="Criar usuario adm=${tipo_de_usuario} e guardar dados de login">
<kw name="Criar dados dinamico usuario" library="dynamics">
<arg>adm=${tipo_de_usuario}</arg>
<kw name="Criar Usuario Dinamico" library="python_functions">
<var>${payload}</var>
<arg>${campo}</arg>
<arg>${adm}</arg>
<msg timestamp="20220713 15:06:48.215" level="INFO">${payload} = {'nome': 'Kristina Graham', 'email': 'hernandezapril@example.com', 'password': '*4CQagecaV', 'administrador': 'true'}</msg>
<status status="PASS" starttime="20220713 15:06:48.165" endtime="20220713 15:06:48.215"/>
</kw>
<kw name="Set Global Variable" library="BuiltIn">
<arg>${payload}</arg>
<doc>Makes a variable available globally in all tests and suites.</doc>
<msg timestamp="20220713 15:06:48.215" level="INFO">${payload} = {'nome': 'Kristina Graham', 'email': 'hernandezapril@example.com', 'password': '*4CQagecaV', 'administrador': 'true'}</msg>
<status status="PASS" starttime="20220713 15:06:48.215" endtime="20220713 15:06:48.215"/>
</kw>
<status status="PASS" starttime="20220713 15:06:48.165" endtime="20220713 15:06:48.215"/>
</kw>
<kw name="POST endpoint /usuarios" library="usuarios_keywords">
<kw name="POST On Session" library="RequestsLibrary">
<var>${response}</var>
<arg>serverest</arg>
<arg>/usuarios</arg>
<arg>json=&amp;{payload}</arg>
<arg>expected_status=any</arg>
<doc>Sends a POST request on a previously created HTTP Session.</doc>
<msg timestamp="20220713 15:06:48.222" level="INFO">POST Request : url=http://localhost:3000/usuarios 
 path_url=/usuarios 
 headers={'User-Agent': 'python-requests/2.28.0', 'Accept-Encoding': 'gzip, deflate', 'Accept': '*/*', 'Connection': 'keep-alive', 'Content-Length': '117', 'Content-Type': 'application/json'} 
 body=b'{"nome": "Kristina Graham", "email": "hernandezapril@example.com", "password": "*4CQagecaV", "administrador": "true"}' 
 </msg>
<msg timestamp="20220713 15:06:48.222" level="INFO">POST Response : url=http://localhost:3000/usuarios 
 status=201, reason=Created 
 headers={'Access-Control-Allow-Origin': '*', 'x-dns-prefetch-control': 'off', 'x-frame-options': 'SAMEORIGIN', 'strict-transport-security': 'max-age=15552000; includeSubDomains', 'x-download-options': 'noopen', 'x-content-type-options': 'nosniff', 'x-xss-protection': '1; mode=block', 'x-moesif-transaction-id': '1cb781ce-3aa9-49ca-b3ee-a5fdaebf4472', 'Content-Type': 'application/json; charset=utf-8', 'Content-Length': '82', 'Date': 'Wed, 13 Jul 2022 18:06:48 GMT', 'Connection': 'keep-alive', 'Keep-Alive': 'timeout=5'} 
 body={
    "message": "Cadastro realizado com sucesso",
    "_id": "VKdToZMs9gtTJpNN"
} 
 </msg>
<msg timestamp="20220713 15:06:48.222" level="INFO">${response} = &lt;Response [201]&gt;</msg>
<status status="PASS" starttime="20220713 15:06:48.215" endtime="20220713 15:06:48.222"/>
</kw>
<kw name="Log To Console" library="BuiltIn">
<arg>Response: ${response.content}</arg>
<doc>Logs the given message to the console.</doc>
<status status="PASS" starttime="20220713 15:06:48.222" endtime="20220713 15:06:48.223"/>
</kw>
<kw name="Set Global Variable" library="BuiltIn">
<arg>${response}</arg>
<doc>Makes a variable available globally in all tests and suites.</doc>
<msg timestamp="20220713 15:06:48.224" level="INFO">${response} = &lt;Response [201]&gt;</msg>
<status status="PASS" starttime="20220713 15:06:48.223" endtime="20220713 15:06:48.224"/>
</kw>
<status status="PASS" starttime="20220713 15:06:48.215" endtime="20220713 15:06:48.224"/>
</kw>
<kw name="Set Variable" library="BuiltIn">
<var>${id_usuario}</var>
<arg>${response.json()["_id"]}</arg>
<doc>Returns the given values which can then be assigned to a variables.</doc>
<msg timestamp="20220713 15:06:48.224" level="INFO">${id_usuario} = VKdToZMs9gtTJpNN</msg>
<status status="PASS" starttime="20220713 15:06:48.224" endtime="20220713 15:06:48.224"/>
</kw>
<kw name="Set Global Variable" library="BuiltIn">
<arg>${id_usuario}</arg>
<doc>Makes a variable available globally in all tests and suites.</doc>
<msg timestamp="20220713 15:06:48.225" level="INFO">${id_usuario} = VKdToZMs9gtTJpNN</msg>
<status status="PASS" starttime="20220713 15:06:48.225" endtime="20220713 15:06:48.225"/>
</kw>
<kw name="Pegar Dados Login Usuario" library="python_functions">
<var>${payload}</var>
<arg>${id_usuario}</arg>
<msg timestamp="20220713 15:06:48.229" level="INFO">${payload} = {'email': 'hernandezapril@example.com', 'password': '*4CQagecaV'}</msg>
<status status="PASS" starttime="20220713 15:06:48.225" endtime="20220713 15:06:48.229"/>
</kw>
<kw name="Set Global Variable" library="BuiltIn">
<arg>${payload}</arg>
<doc>Makes a variable available globally in all tests and suites.</doc>
<msg timestamp="20220713 15:06:48.230" level="INFO">${payload} = {'email': 'hernandezapril@example.com', 'password': '*4CQagecaV'}</msg>
<status status="PASS" starttime="20220713 15:06:48.229" endtime="20220713 15:06:48.230"/>
</kw>
<status status="PASS" starttime="20220713 15:06:48.165" endtime="20220713 15:06:48.230"/>
</kw>
<kw name="POST endpoint /login" library="login_keywords">
<kw name="POST On Session" library="RequestsLibrary">
<var>${response_login}</var>
<arg>serverest</arg>
<arg>/login</arg>
<arg>json=&amp;{payload}</arg>
<arg>expected_status=any</arg>
<doc>Sends a POST request on a previously created HTTP Session.</doc>
<msg timestamp="20220713 15:06:48.231" level="INFO">POST Request : url=http://localhost:3000/login 
 path_url=/login 
 headers={'User-Agent': 'python-requests/2.28.0', 'Accept-Encoding': 'gzip, deflate', 'Accept': '*/*', 'Connection': 'keep-alive', 'Content-Length': '65', 'Content-Type': 'application/json'} 
 body=b'{"email": "hernandezapril@example.com", "password": "*4CQagecaV"}' 
 </msg>
<msg timestamp="20220713 15:06:48.231" level="INFO">POST Response : url=http://localhost:3000/login 
 status=200, reason=OK 
 headers={'Access-Control-Allow-Origin': '*', 'x-dns-prefetch-control': 'off', 'x-frame-options': 'SAMEORIGIN', 'strict-transport-security': 'max-age=15552000; includeSubDomains', 'x-download-options': 'noopen', 'x-content-type-options': 'nosniff', 'x-xss-protection': '1; mode=block', 'x-moesif-transaction-id': 'f318f9b1-3fb6-4549-8540-b12fef1a3a78', 'Content-Type': 'application/json; charset=utf-8', 'Content-Length': '289', 'Date': 'Wed, 13 Jul 2022 18:06:48 GMT', 'Connection': 'keep-alive', 'Keep-Alive': 'timeout=5'} 
 body={
    "message": "Login realizado com sucesso",
    "authorization": "Bearer eyJhbGciOiJIUzI1NiIsInR5cCI6IkpXVCJ9.eyJlbWFpbCI6Imhlcm5hbmRlemFwcmlsQGV4YW1wbGUuY29tIiwicGFzc3dvcmQiOiIqNENRYWdlY2FWIiwiaWF0IjoxNjU3NzM1NjA4LCJleHAiOjE2NTc3MzYyMDh9.CWU5g9Fi0VBXr1nPflGh52PGYF1H1geGElWLcvqwQhs"
} 
 </msg>
<msg timestamp="20220713 15:06:48.234" level="INFO">${response_login} = &lt;Response [200]&gt;</msg>
<status status="PASS" starttime="20220713 15:06:48.230" endtime="20220713 15:06:48.234"/>
</kw>
<kw name="Log To Console" library="BuiltIn">
<arg>Response: ${response_login.content}</arg>
<doc>Logs the given message to the console.</doc>
<status status="PASS" starttime="20220713 15:06:48.234" endtime="20220713 15:06:48.236"/>
</kw>
<kw name="Set Global Variable" library="BuiltIn">
<arg>${response_login}</arg>
<doc>Makes a variable available globally in all tests and suites.</doc>
<msg timestamp="20220713 15:06:48.236" level="INFO">${response_login} = &lt;Response [200]&gt;</msg>
<status status="PASS" starttime="20220713 15:06:48.236" endtime="20220713 15:06:48.236"/>
</kw>
<status status="PASS" starttime="20220713 15:06:48.230" endtime="20220713 15:06:48.236"/>
</kw>
<kw name="Criar carrinho_invalido estatico" library="carrinhos_keywords" sourcename="Criar ${tipo_carrinho} estatico">
<kw name="Importar JSON estatico" library="common">
<var>${json}</var>
<arg>json_carrinho_ex.json</arg>
<kw name="Get File" library="OperatingSystem">
<var>${arquivo}</var>
<arg>${EXECDIR}/support/fixtures/static/${nome_arquivo}</arg>
<doc>Returns the contents of a specified file.</doc>
<msg timestamp="20220713 15:06:48.237" level="INFO" html="true">Getting file '&lt;a href="file://C:\Users\Luana\Desktop\Robot\Dia_04\support\fixtures\static\json_carrinho_ex.json"&gt;C:\Users\Luana\Desktop\Robot\Dia_04\support\fixtures\static\json_carrinho_ex.json&lt;/a&gt;'.</msg>
<msg timestamp="20220713 15:06:48.237" level="INFO">${arquivo} = {
    "carrinho_valido":{  
        "produtos": [
          {
            "idProduto": "BeeJh5lz3k6kSIzA",
            "quantidade": 5
          },
          {
            "idProduto": "K6leHdftCeOJj8...</msg>
<status status="PASS" starttime="20220713 15:06:48.236" endtime="20220713 15:06:48.237"/>
</kw>
<kw name="Evaluate" library="BuiltIn">
<var>${data}</var>
<arg>json.loads('''${arquivo}''')</arg>
<arg>json</arg>
<doc>Evaluates the given expression in Python and returns the result.</doc>
<msg timestamp="20220713 15:06:48.237" level="INFO">${data} = {'carrinho_valido': {'produtos': [{'idProduto': 'BeeJh5lz3k6kSIzA', 'quantidade': 5}, {'idProduto': 'K6leHdftCeOJj8BJ', 'quantidade': 10}]}, 'carrinho_invalido': {'produtos': [{'idProduto': 'PRODUTO_I...</msg>
<status status="PASS" starttime="20220713 15:06:48.237" endtime="20220713 15:06:48.237"/>
</kw>
<msg timestamp="20220713 15:06:48.237" level="INFO">${json} = {'carrinho_valido': {'produtos': [{'idProduto': 'BeeJh5lz3k6kSIzA', 'quantidade': 5}, {'idProduto': 'K6leHdftCeOJj8BJ', 'quantidade': 10}]}, 'carrinho_invalido': {'produtos': [{'idProduto': 'PRODUTO_I...</msg>
<status status="PASS" starttime="20220713 15:06:48.236" endtime="20220713 15:06:48.237"/>
</kw>
<kw name="Set Variable" library="BuiltIn">
<var>${payload}</var>
<arg>${json["${tipo_carrinho}"]}</arg>
<doc>Returns the given values which can then be assigned to a variables.</doc>
<msg timestamp="20220713 15:06:48.237" level="INFO">${payload} = {'produtos': [{'idProduto': 'PRODUTO_INVALIDO', 'quantidade': 10}]}</msg>
<status status="PASS" starttime="20220713 15:06:48.237" endtime="20220713 15:06:48.237"/>
</kw>
<kw name="Set Global Variable" library="BuiltIn">
<arg>${payload}</arg>
<doc>Makes a variable available globally in all tests and suites.</doc>
<msg timestamp="20220713 15:06:48.237" level="INFO">${payload} = {'produtos': [{'idProduto': 'PRODUTO_INVALIDO', 'quantidade': 10}]}</msg>
<status status="PASS" starttime="20220713 15:06:48.237" endtime="20220713 15:06:48.237"/>
</kw>
<status status="PASS" starttime="20220713 15:06:48.236" endtime="20220713 15:06:48.237"/>
</kw>
<kw name="POST endpoint /carrinhos" library="carrinhos_keywords">
<kw name="Create Dictionary" library="BuiltIn">
<var>&amp;{header}</var>
<arg>Authorization=${token_auth}</arg>
<doc>Creates and returns a dictionary based on the given ``items``.</doc>
<msg timestamp="20220713 15:06:48.241" level="INFO">&amp;{header} = { Authorization=Bearer eyJhbGciOiJIUzI1NiIsInR5cCI6IkpXVCJ9.eyJlbWFpbCI6Imhlcm5hbmRlemFwcmlsQGV4YW1wbGUuY29tIiwicGFzc3dvcmQiOiIqNENRYWdlY2FWIiwiaWF0IjoxNjU3NzM1NjA4LCJleHAiOjE2NTc3MzYyMDh9.CWU5g9Fi0VB...</msg>
<status status="PASS" starttime="20220713 15:06:48.240" endtime="20220713 15:06:48.241"/>
</kw>
<kw name="POST On Session" library="RequestsLibrary">
<var>${response}</var>
<arg>serverest</arg>
<arg>/carrinhos</arg>
<arg>json=&amp;{payload}</arg>
<arg>headers=${header}</arg>
<arg>expected_status=any</arg>
<doc>Sends a POST request on a previously created HTTP Session.</doc>
<msg timestamp="20220713 15:06:48.245" level="INFO">POST Request : url=http://localhost:3000/carrinhos 
 path_url=/carrinhos 
 headers={'User-Agent': 'python-requests/2.28.0', 'Accept-Encoding': 'gzip, deflate', 'Accept': '*/*', 'Connection': 'keep-alive', 'Authorization': 'Bearer eyJhbGciOiJIUzI1NiIsInR5cCI6IkpXVCJ9.eyJlbWFpbCI6Imhlcm5hbmRlemFwcmlsQGV4YW1wbGUuY29tIiwicGFzc3dvcmQiOiIqNENRYWdlY2FWIiwiaWF0IjoxNjU3NzM1NjA4LCJleHAiOjE2NTc3MzYyMDh9.CWU5g9Fi0VBXr1nPflGh52PGYF1H1geGElWLcvqwQhs', 'Content-Length': '67', 'Content-Type': 'application/json'} 
 body=b'{"produtos": [{"idProduto": "PRODUTO_INVALIDO", "quantidade": 10}]}' 
 </msg>
<msg timestamp="20220713 15:06:48.245" level="INFO">POST Response : url=http://localhost:3000/carrinhos 
 status=400, reason=Bad Request 
 headers={'Access-Control-Allow-Origin': '*', 'x-dns-prefetch-control': 'off', 'x-frame-options': 'SAMEORIGIN', 'strict-transport-security': 'max-age=15552000; includeSubDomains', 'x-download-options': 'noopen', 'x-content-type-options': 'nosniff', 'x-xss-protection': '1; mode=block', 'x-moesif-transaction-id': 'a40d2586-b2a2-4e2b-a2ac-317019e7548b', 'Content-Type': 'application/json; charset=utf-8', 'Content-Length': '151', 'Date': 'Wed, 13 Jul 2022 18:06:48 GMT', 'Connection': 'keep-alive', 'Keep-Alive': 'timeout=5'} 
 body={
    "message": "Produto não encontrado",
    "item": {
        "idProduto": "PRODUTO_INVALIDO",
        "quantidade": 10,
        "index": 0
    }
} 
 </msg>
<msg timestamp="20220713 15:06:48.245" level="INFO">${response} = &lt;Response [400]&gt;</msg>
<status status="PASS" starttime="20220713 15:06:48.241" endtime="20220713 15:06:48.245"/>
</kw>
<kw name="Log To Console" library="BuiltIn">
<arg>Response: ${response.content}</arg>
<doc>Logs the given message to the console.</doc>
<status status="PASS" starttime="20220713 15:06:48.245" endtime="20220713 15:06:48.249"/>
</kw>
<kw name="Set Global Variable" library="BuiltIn">
<arg>${response}</arg>
<doc>Makes a variable available globally in all tests and suites.</doc>
<msg timestamp="20220713 15:06:48.249" level="INFO">${response} = &lt;Response [400]&gt;</msg>
<status status="PASS" starttime="20220713 15:06:48.249" endtime="20220713 15:06:48.249"/>
</kw>
<status status="PASS" starttime="20220713 15:06:48.240" endtime="20220713 15:06:48.249"/>
</kw>
[...]
 status=201, reason=Created 
 headers={'Access-Control-Allow-Origin': '*', 'x-dns-prefetch-control': 'off', 'x-frame-options': 'SAMEORIGIN', 'strict-transport-security': 'max-age=15552000; includeSubDomains', 'x-download-options': 'noopen', 'x-content-type-options': 'nosniff', 'x-xss-protection': '1; mode=block', 'x-moesif-transaction-id': 'dab5bdb1-03bb-4f5f-bf70-e82aa965e254', 'Content-Type': 'application/json; charset=utf-8', 'Content-Length': '82', 'Date': 'Wed, 13 Jul 2022 18:06:50 GMT', 'Connection': 'keep-alive', 'Keep-Alive': 'timeout=5'} 
 body={
    "message": "Cadastro realizado com sucesso",
    "_id": "J1ZNkg5TKMFNqwa0"
} 
 </msg>
<msg timestamp="20220713 15:06:50.793" level="INFO">${response} = &lt;Response [201]&gt;</msg>
<status status="PASS" starttime="20220713 15:06:50.778" endtime="20220713 15:06:50.793"/>
</kw>
<kw name="Log To Console" library="BuiltIn">
<arg>Response: ${response.content}</arg>
<doc>Logs the given message to the console.</doc>
<status status="PASS" starttime="20220713 15:06:50.793" endtime="20220713 15:06:50.794"/>
</kw>
<kw name="Set Global Variable" library="BuiltIn">
<arg>${response}</arg>
<doc>Makes a variable available globally in all tests and suites.</doc>
<msg timestamp="20220713 15:06:50.794" level="INFO">${response} = &lt;Response [201]&gt;</msg>
<status status="PASS" starttime="20220713 15:06:50.794" endtime="20220713 15:06:50.794"/>
</kw>
<status status="PASS" starttime="20220713 15:06:50.778" endtime="20220713 15:06:50.794"/>
</kw>
<kw name="Set Variable" library="BuiltIn">
<var>${id_usuario}</var>
<arg>${response.json()["_id"]}</arg>
<doc>Returns the given values which can then be assigned to a variables.</doc>
<msg timestamp="20220713 15:06:50.795" level="INFO">${id_usuario} = J1ZNkg5TKMFNqwa0</msg>
<status status="PASS" starttime="20220713 15:06:50.794" endtime="20220713 15:06:50.795"/>
</kw>
<kw name="Set Global Variable" library="BuiltIn">
<arg>${id_usuario}</arg>
<doc>Makes a variable available globally in all tests and suites.</doc>
<msg timestamp="20220713 15:06:50.796" level="INFO">${id_usuario} = J1ZNkg5TKMFNqwa0</msg>
<status status="PASS" starttime="20220713 15:06:50.795" endtime="20220713 15:06:50.796"/>
</kw>
<kw name="Pegar Dados Login Usuario" library="python_functions">
<var>${payload}</var>
<arg>${id_usuario}</arg>
<msg timestamp="20220713 15:06:50.801" level="INFO">${payload} = {'email': 'michael82@example.net', 'password': '*1wX2CkrGC'}</msg>
<status status="PASS" starttime="20220713 15:06:50.796" endtime="20220713 15:06:50.801"/>
</kw>
<kw name="Set Global Variable" library="BuiltIn">
<arg>${payload}</arg>
<doc>Makes a variable available globally in all tests and suites.</doc>
<msg timestamp="20220713 15:06:50.801" level="INFO">${payload} = {'email': 'michael82@example.net', 'password': '*1wX2CkrGC'}</msg>
<status status="PASS" starttime="20220713 15:06:50.801" endtime="20220713 15:06:50.801"/>
</kw>
<status status="PASS" starttime="20220713 15:06:50.739" endtime="20220713 15:06:50.801"/>
</kw>
<kw name="POST endpoint /login" library="login_keywords">
<kw name="POST On Session" library="RequestsLibrary">
<var>${response_login}</var>
<arg>serverest</arg>
<arg>/login</arg>
<arg>json=&amp;{payload}</arg>
<arg>expected_status=any</arg>
<doc>Sends a POST request on a previously created HTTP Session.</doc>
<msg timestamp="20220713 15:06:50.804" level="INFO">POST Request : url=http://localhost:3000/login 
 path_url=/login 
 headers={'User-Agent': 'python-requests/2.28.0', 'Accept-Encoding': 'gzip, deflate', 'Accept': '*/*', 'Connection': 'keep-alive', 'Content-Length': '60', 'Content-Type': 'application/json'} 
 body=b'{"email": "michael82@example.net", "password": "*1wX2CkrGC"}' 
 </msg>
<msg timestamp="20220713 15:06:50.804" level="INFO">POST Response : url=http://localhost:3000/login 
 status=200, reason=OK 
 headers={'Access-Control-Allow-Origin': '*', 'x-dns-prefetch-control': 'off', 'x-frame-options': 'SAMEORIGIN', 'strict-transport-security': 'max-age=15552000; includeSubDomains', 'x-download-options': 'noopen', 'x-content-type-options': 'nosniff', 'x-xss-protection': '1; mode=block', 'x-moesif-transaction-id': '8503df7a-3c7e-442e-b972-69027761066a', 'Content-Type': 'application/json; charset=utf-8', 'Content-Length': '283', 'Date': 'Wed, 13 Jul 2022 18:06:50 GMT', 'Connection': 'keep-alive', 'Keep-Alive': 'timeout=5'} 
 body={
    "message": "Login realizado com sucesso",
    "authorization": "Bearer eyJhbGciOiJIUzI1NiIsInR5cCI6IkpXVCJ9.eyJlbWFpbCI6Im1pY2hhZWw4MkBleGFtcGxlLm5ldCIsInBhc3N3b3JkIjoiKjF3WDJDa3JHQyIsImlhdCI6MTY1NzczNTYxMCwiZXhwIjoxNjU3NzM2MjEwfQ.YGzi3ln9jwYeEmQeVYY7D3pKfYCRXTnmonOEn5GUCmE"
} 
 </msg>
<msg timestamp="20220713 15:06:50.806" level="INFO">${response_login} = &lt;Response [200]&gt;</msg>
<status status="PASS" starttime="20220713 15:06:50.802" endtime="20220713 15:06:50.806"/>
</kw>
<kw name="Log To Console" library="BuiltIn">
<arg>Response: ${response_login.content}</arg>
<doc>Logs the given message to the console.</doc>
<status status="PASS" starttime="20220713 15:06:50.806" endtime="20220713 15:06:50.806"/>
</kw>
<kw name="Set Global Variable" library="BuiltIn">
<arg>${response_login}</arg>
<doc>Makes a variable available globally in all tests and suites.</doc>
<msg timestamp="20220713 15:06:50.807" level="INFO">${response_login} = &lt;Response [200]&gt;</msg>
<status status="PASS" starttime="20220713 15:06:50.807" endtime="20220713 15:06:50.807"/>
</kw>
<status status="PASS" starttime="20220713 15:06:50.802" endtime="20220713 15:06:50.807"/>
</kw>
<kw name="Criar carrinho_valido estatico" library="carrinhos_keywords" sourcename="Criar ${tipo_carrinho} estatico">
<kw name="Importar JSON estatico" library="common">
<var>${json}</var>
<arg>json_carrinho_ex.json</arg>
<kw name="Get File" library="OperatingSystem">
<var>${arquivo}</var>
<arg>${EXECDIR}/support/fixtures/static/${nome_arquivo}</arg>
<doc>Returns the contents of a specified file.</doc>
<msg timestamp="20220713 15:06:50.809" level="INFO" html="true">Getting file '&lt;a href="file://C:\Users\Luana\Desktop\Robot\Dia_04\support\fixtures\static\json_carrinho_ex.json"&gt;C:\Users\Luana\Desktop\Robot\Dia_04\support\fixtures\static\json_carrinho_ex.json&lt;/a&gt;'.</msg>
<msg timestamp="20220713 15:06:50.809" level="INFO">${arquivo} = {
    "carrinho_valido":{  
        "produtos": [
          {
            "idProduto": "BeeJh5lz3k6kSIzA",
            "quantidade": 5
          },
          {
            "idProduto": "K6leHdftCeOJj8...</msg>
<status status="PASS" starttime="20220713 15:06:50.807" endtime="20220713 15:06:50.809"/>
</kw>
<kw name="Evaluate" library="BuiltIn">
<var>${data}</var>
<arg>json.loads('''${arquivo}''')</arg>
<arg>json</arg>
<doc>Evaluates the given expression in Python and returns the result.</doc>
<msg timestamp="20220713 15:06:50.809" level="INFO">${data} = {'carrinho_valido': {'produtos': [{'idProduto': 'BeeJh5lz3k6kSIzA', 'quantidade': 5}, {'idProduto': 'K6leHdftCeOJj8BJ', 'quantidade': 10}]}, 'carrinho_invalido': {'produtos': [{'idProduto': 'PRODUTO_I...</msg>
<status status="PASS" starttime="20220713 15:06:50.809" endtime="20220713 15:06:50.809"/>
</kw>
<msg timestamp="20220713 15:06:50.809" level="INFO">${json} = {'carrinho_valido': {'produtos': [{'idProduto': 'BeeJh5lz3k6kSIzA', 'quantidade': 5}, {'idProduto': 'K6leHdftCeOJj8BJ', 'quantidade': 10}]}, 'carrinho_invalido': {'produtos': [{'idProduto': 'PRODUTO_I...</msg>
<status status="PASS" starttime="20220713 15:06:50.807" endtime="20220713 15:06:50.809"/>
</kw>
<kw name="Set Variable" library="BuiltIn">
<var>${payload}</var>
<arg>${json["${tipo_carrinho}"]}</arg>
<doc>Returns the given values which can then be assigned to a variables.</doc>
<msg timestamp="20220713 15:06:50.810" level="INFO">${payload} = {'produtos': [{'idProduto': 'BeeJh5lz3k6kSIzA', 'quantidade': 5}, {'idProduto': 'K6leHdftCeOJj8BJ', 'quantidade': 10}]}</msg>
<status status="PASS" starttime="20220713 15:06:50.809" endtime="20220713 15:06:50.810"/>
</kw>
<kw name="Set Global Variable" library="BuiltIn">
<arg>${payload}</arg>
<doc>Makes a variable available globally in all tests and suites.</doc>
<msg timestamp="20220713 15:06:50.810" level="INFO">${payload} = {'produtos': [{'idProduto': 'BeeJh5lz3k6kSIzA', 'quantidade': 5}, {'idProduto': 'K6leHdftCeOJj8BJ', 'quantidade': 10}]}</msg>
<status status="PASS" starttime="20220713 15:06:50.810" endtime="20220713 15:06:50.810"/>
</kw>
<status status="PASS" starttime="20220713 15:06:50.807" endtime="20220713 15:06:50.810"/>
</kw>
<kw name="POST endpoint /carrinhos" library="carrinhos_keywords">
<kw name="Create Dictionary" library="BuiltIn">
<var>&amp;{header}</var>
<arg>Authorization=${token_auth}</arg>
<doc>Creates and returns a dictionary based on the given ``items``.</doc>
<msg timestamp="20220713 15:06:50.812" level="INFO">&amp;{header} = { Authorization=Bearer eyJhbGciOiJIUzI1NiIsInR5cCI6IkpXVCJ9.eyJlbWFpbCI6Im1pY2hhZWw4MkBleGFtcGxlLm5ldCIsInBhc3N3b3JkIjoiKjF3WDJDa3JHQyIsImlhdCI6MTY1NzczNTYxMCwiZXhwIjoxNjU3NzM2MjEwfQ.YGzi3ln9jwYeEmQeV...</msg>
<status status="PASS" starttime="20220713 15:06:50.812" endtime="20220713 15:06:50.812"/>
</kw>
<kw name="POST On Session" library="RequestsLibrary">
<var>${response}</var>
<arg>serverest</arg>
<arg>/carrinhos</arg>
<arg>json=&amp;{payload}</arg>
<arg>headers=${header}</arg>
<arg>expected_status=any</arg>
<doc>Sends a POST request on a previously created HTTP Session.</doc>
<msg timestamp="20220713 15:06:50.819" level="INFO">POST Request : url=http://localhost:3000/carrinhos 
 path_url=/carrinhos 
 headers={'User-Agent': 'python-requests/2.28.0', 'Accept-Encoding': 'gzip, deflate', 'Accept': '*/*', 'Connection': 'keep-alive', 'Authorization': 'Bearer eyJhbGciOiJIUzI1NiIsInR5cCI6IkpXVCJ9.eyJlbWFpbCI6Im1pY2hhZWw4MkBleGFtcGxlLm5ldCIsInBhc3N3b3JkIjoiKjF3WDJDa3JHQyIsImlhdCI6MTY1NzczNTYxMCwiZXhwIjoxNjU3NzM2MjEwfQ.YGzi3ln9jwYeEmQeVYY7D3pKfYCRXTnmonOEn5GUCmE', 'Content-Length': '119', 'Content-Type': 'application/json'} 
 body=b'{"produtos": [{"idProduto": "BeeJh5lz3k6kSIzA", "quantidade": 5}, {"idProduto": "K6leHdftCeOJj8BJ", "quantidade": 10}]}' 
 </msg>
<msg timestamp="20220713 15:06:50.819" level="INFO">POST Response : url=http://localhost:3000/carrinhos 
 status=201, reason=Created 
 headers={'Access-Control-Allow-Origin': '*', 'x-dns-prefetch-control': 'off', 'x-frame-options': 'SAMEORIGIN', 'strict-transport-security': 'max-age=15552000; includeSubDomains', 'x-download-options': 'noopen', 'x-content-type-options': 'nosniff', 'x-xss-protection': '1; mode=block', 'x-moesif-transaction-id': '8e9b1877-53a4-43cf-801d-f12de8abefd1', 'Content-Type': 'application/json; charset=utf-8', 'Content-Length': '82', 'Date': 'Wed, 13 Jul 2022 18:06:50 GMT', 'Connection': 'keep-alive', 'Keep-Alive': 'timeout=5'} 
 body={
    "message": "Cadastro realizado com sucesso",
    "_id": "xiWiAJmKQymm7wbB"
} 
 </msg>
<msg timestamp="20220713 15:06:50.820" level="INFO">${response} = &lt;Response [201]&gt;</msg>
<status status="PASS" starttime="20220713 15:06:50.812" endtime="20220713 15:06:50.820"/>
</kw>
<kw name="Log To Console" library="BuiltIn">
<arg>Response: ${response.content}</arg>
<doc>Logs the given message to the console.</doc>
<status status="PASS" starttime="20220713 15:06:50.820" endtime="20220713 15:06:50.821"/>
</kw>
<kw name="Set Global Variable" library="BuiltIn">
<arg>${response}</arg>
<doc>Makes a variable available globally in all tests and suites.</doc>
<msg timestamp="20220713 15:06:50.821" level="INFO">${response} = &lt;Response [201]&gt;</msg>
<status status="PASS" starttime="20220713 15:06:50.821" endtime="20220713 15:06:50.821"/>
</kw>
<status status="PASS" starttime="20220713 15:06:50.811" endtime="20220713 15:06:50.821"/>
</kw>
<kw name="DELETE endpoint /usuarios" library="usuarios_keywords">
<arg>${id_usuario}</arg>
<kw name="DELETE On Session" library="RequestsLibrary">
<var>${response}</var>
<arg>serverest</arg>
<arg>/usuarios/${id_usuario}</arg>
<arg>expected_status=any</arg>
<doc>Sends a DELETE request on a previously created HTTP Session.</doc>
<msg timestamp="20220713 15:06:50.824" level="INFO">DELETE Request : url=http://localhost:3000/usuarios/J1ZNkg5TKMFNqwa0 
 path_url=/usuarios/J1ZNkg5TKMFNqwa0 
 headers={'User-Agent': 'python-requests/2.28.0', 'Accept-Encoding': 'gzip, deflate', 'Accept': '*/*', 'Connection': 'keep-alive', 'Content-Length': '0'} 
 body=None 
 </msg>
<msg timestamp="20220713 15:06:50.825" level="INFO">DELETE Response : url=http://localhost:3000/usuarios/J1ZNkg5TKMFNqwa0 
 status=400, reason=Bad Request 
 headers={'Access-Control-Allow-Origin': '*', 'x-dns-prefetch-control': 'off', 'x-frame-options': 'SAMEORIGIN', 'strict-transport-security': 'max-age=15552000; includeSubDomains', 'x-download-options': 'noopen', 'x-content-type-options': 'nosniff', 'x-xss-protection': '1; mode=block', 'x-moesif-transaction-id': '474d5059-fce1-4ccd-881b-5b124ebd0d83', 'Content-Type': 'application/json; charset=utf-8', 'Content-Length': '117', 'Date': 'Wed, 13 Jul 2022 18:06:50 GMT', 'Connection': 'keep-alive', 'Keep-Alive': 'timeout=5'} 
 body={
    "message": "Não é permitido excluir usuário com carrinho cadastrado",
    "idCarrinho": "xiWiAJmKQymm7wbB"
} 
 </msg>
<msg timestamp="20220713 15:06:50.825" level="INFO">${response} = &lt;Response [400]&gt;</msg>
<status status="PASS" starttime="20220713 15:06:50.822" endtime="20220713 15:06:50.825"/>
</kw>
<kw name="Log To Console" library="BuiltIn">
<arg>Response: ${response.content}</arg>
<doc>Logs the given message to the console.</doc>
<status status="PASS" starttime="20220713 15:06:50.825" endtime="20220713 15:06:50.826"/>
</kw>
<kw name="Set Global Variable" library="BuiltIn">
<arg>${response}</arg>
<doc>Makes a variable available globally in all tests and suites.</doc>
<msg timestamp="20220713 15:06:50.826" level="INFO">${response} = &lt;Response [400]&gt;</msg>
<status status="PASS" starttime="20220713 15:06:50.826" endtime="20220713 15:06:50.826"/>
</kw>
<status status="PASS" starttime="20220713 15:06:50.822" endtime="20220713 15:06:50.827"/>
</kw>
<kw name="Validar status code &quot;400&quot;" library="common" sourcename="Validar status code &quot;${statuscode}&quot;">
<kw name="Should Be True" library="BuiltIn">
<arg>${response.status_code} == ${statuscode}</arg>
<doc>Fails if the given condition is not true.</doc>
<status status="PASS" starttime="20220713 15:06:50.827" endtime="20220713 15:06:50.829"/>
</kw>
<status status="PASS" starttime="20220713 15:06:50.827" endtime="20220713 15:06:50.829"/>
</kw>
<kw name="Validar a Mensagem &quot;Não é permitido excluir usuário com carrinho cadastrado&quot;" library="common" sourcename="Validar a mensagem &quot;${mensagem}&quot;">
<kw name="Should Be Equal" library="BuiltIn">
<arg>${response.json()["message"]}</arg>
<arg>${mensagem}</arg>
<doc>Fails if the given objects are unequal.</doc>
<status status="PASS" starttime="20220713 15:06:50.830" endtime="20220713 15:06:50.831"/>
</kw>
<status status="PASS" starttime="20220713 15:06:50.830" endtime="20220713 15:06:50.831"/>
</kw>
<tag>DELETE</tag>
<tag>DELETE.USUARIO.CARRINHO</tag>
<status status="PASS" starttime="20220713 15:06:50.738" endtime="20220713 15:06:50.831"/>
</test>
<doc>Arquivo de testes para o endpoint /usuarios</doc>
<status status="PASS" starttime="20220713 15:06:49.832" endtime="20220713 15:06:50.832"/>
</suite>
<status status="FAIL" starttime="20220713 15:06:47.127" endtime="20220713 15:06:50.834"/>
</suite>
<statistics>
<total>
<stat pass="55" fail="2" skip="0">All Tests</stat>
</total>
<tag>
<stat pass="13" fail="1" skip="0">DELETE</stat>
<stat pass="1" fail="0" skip="0">DELETE.CARRINHO.CANCELAR.TOKEN</stat>
<stat pass="1" fail="0" skip="0">DELETE.CARRINHO.CONCLUIR.TOKEN</stat>
<stat pass="0" fail="1" skip="0">DELETE.COM.CARRINHO.CANCELAR</stat>
<stat pass="1" fail="0" skip="0">DELETE.COM.CARRINHO.CONCLUIR</stat>
<stat pass="1" fail="0" skip="0">DELETE.PRODUTO</stat>
<stat pass="1" fail="0" skip="0">DELETE.PRODUTO.CARRINHO</stat>
<stat pass="1" fail="0" skip="0">DELETE.PRODUTO.INEXISTENTE</stat>
<stat pass="1" fail="0" skip="0">DELETE.PRODUTO.NAO.ADM</stat>
<stat pass="1" fail="0" skip="0">DELETE.PRODUTO.TOKEN.INVALIDO</stat>
<stat pass="1" fail="0" skip="0">DELETE.SEM.CARRINHO.CANCELAR</stat>
<stat pass="1" fail="0" skip="0">DELETE.SEM.CARRINHO.CONCLUIR</stat>
<stat pass="1" fail="0" skip="0">DELETE.USUARIO</stat>
<stat pass="1" fail="0" skip="0">DELETE.USUARIO.CARRINHO</stat>
<stat pass="1" fail="0" skip="0">DELETE.USUARIO.INEXISTENTE</stat>
<stat pass="9" fail="0" skip="0">GET</stat>
<stat pass="1" fail="0" skip="0">GET.CARRINHO</stat>
<stat pass="1" fail="0" skip="0">GET.CARRINHO.ID.INVALIDO</stat>
<stat pass="1" fail="0" skip="0">GET.CARRINHOS</stat>
<stat pass="1" fail="0" skip="0">GET.PRODUTO</stat>
<stat pass="1" fail="0" skip="0">GET.PRODUTO.ID.INVALIDO</stat>
<stat pass="1" fail="0" skip="0">GET.PRODUTOS</stat>
<stat pass="1" fail="0" skip="0">GET.USUARIO</stat>
<stat pass="1" fail="0" skip="0">GET.USUARIO.ID.INVALIDO</stat>
<stat pass="1" fail="0" skip="0">GET.USUARIOS</stat>
<stat pass="23" fail="1" skip="0">POST</stat>
<stat pass="1" fail="0" skip="0">POST.CARRINHO</stat>
<stat pass="1" fail="0" skip="0">POST.CARRINHO.MAIS.UM</stat>
<stat pass="1" fail="0" skip="0">POST.CARRINHO.PRODUTO.DUPLICADO</stat>
<stat pass="1" fail="0" skip="0">POST.CARRINHO.PRODUTO.INVALIDO</stat>
<stat pass="1" fail="0" skip="0">POST.CARRINHO.QUANTIDADE.INSUFICIENTE</stat>
<stat pass="1" fail="0" skip="0">POST.CARRINHO.TOKEN.INVALIDO</stat>
<stat pass="1" fail="0" skip="0">POST.LOGIN</stat>
<stat pass="0" fail="1" skip="0">POST.LOGIN.INVALIDO</stat>
<stat pass="1" fail="0" skip="0">POST.LOGIN.SEM.EMAIL</stat>
<stat pass="1" fail="0" skip="0">POST.LOGIN.SEM.SENHA</stat>
<stat pass="1" fail="0" skip="0">POST.PRODUTO</stat>
<stat pass="1" fail="0" skip="0">POST.PRODUTO.NAO.ADM</stat>
<stat pass="1" fail="0" skip="0">POST.PRODUTO.NOME.UTILIZADO</stat>
<stat pass="1" fail="0" skip="0">POST.PRODUTO.PRECO.FLOAT</stat>
<stat pass="1" fail="0" skip="0">POST.PRODUTO.PRECO.NEGATIVO</stat>
<stat pass="1" fail="0" skip="0">POST.PRODUTO.QUANTIDADE.ALTA</stat>
<stat pass="1" fail="0" skip="0">POST.PRODUTO.QUANTIDADE.NEGATIVA</stat>
<stat pass="1" fail="0" skip="0">POST.PRODUTO.TOKEN.INVALIDO</stat>
<stat pass="1" fail="0" skip="0">POST.USUARIO</stat>
<stat pass="1" fail="0" skip="0">POST.USUARIO.EMAIL.UTILIZADO</stat>
<stat pass="1" fail="0" skip="0">POST.USUARIO.SEM.ADM</stat>
<stat pass="1" fail="0" skip="0">POST.USUARIO.SEM.EMAIL</stat>
<stat pass="1" fail="0" skip="0">POST.USUARIO.SEM.NOME</stat>
<stat pass="1" fail="0" skip="0">POST.USUARIO.SEM.SENHA</stat>
<stat pass="10" fail="0" skip="0">PUT</stat>
<stat pass="1" fail="0" skip="0">PUT.PRODUTO.NAO.ADM</stat>
<stat pass="1" fail="0" skip="0">PUT.PRODUTO.NAO.CADASTRADO</stat>
<stat pass="1" fail="0" skip="0">PUT.PRODUTO.NOME.UTILIZADO</stat>
<stat pass="1" fail="0" skip="0">PUT.PRODUTO.TODOS</stat>
<stat pass="1" fail="0" skip="0">PUT.PRODUTO.TOKEN.INVALIDO</stat>
<stat pass="1" fail="0" skip="0">PUT.PRODUTO.UM</stat>
<stat pass="1" fail="0" skip="0">PUT.USUARIO.EMAIL.UTILIZADO</stat>
<stat pass="1" fail="0" skip="0">PUT.USUARIO.NAO.CADASTRADO</stat>
<stat pass="1" fail="0" skip="0">PUT.USUARIO.TODOS</stat>
<stat pass="1" fail="0" skip="0">PUT.USUARIO.UM</stat>
</tag>
<suite>
<stat pass="55" fail="2" skip="0" id="s1" name="Tests">Tests</stat>
<stat pass="14" fail="1" skip="0" id="s1-s1" name="Carrinhos Tests">Tests.Carrinhos Tests</stat>
<stat pass="3" fail="1" skip="0" id="s1-s2" name="Login Tests">Tests.Login Tests</stat>
<stat pass="22" fail="0" skip="0" id="s1-s3" name="Produtos Tests">Tests.Produtos Tests</stat>
<stat pass="16" fail="0" skip="0" id="s1-s4" name="Usuarios Tests">Tests.Usuarios Tests</stat>
</suite>
</statistics>
<errors>
<msg timestamp="20220713 15:06:49.322" level="WARN">Multiple tests with name 'Cenario: PUT Editar Produto 200' executed in suite 'Tests.Produtos Tests'.</msg>
</errors>
</robot>
